{"/Users/sunguochao/Documents/Development/cursor/DataScope-Node/webService/src/app.ts": {"path":"/Users/sunguochao/Documents/Development/cursor/DataScope-Node/webService/src/app.ts","statementMap":{"0":{"start":{"line":1,"column":0},"end":{"line":1,"column":76}},"1":{"start":{"line":2,"column":0},"end":{"line":2,"column":24}},"2":{"start":{"line":3,"column":0},"end":{"line":3,"column":28}},"3":{"start":{"line":4,"column":0},"end":{"line":4,"column":30}},"4":{"start":{"line":5,"column":0},"end":{"line":5,"column":34}},"5":{"start":{"line":6,"column":0},"end":{"line":6,"column":60}},"6":{"start":{"line":7,"column":0},"end":{"line":7,"column":72}},"7":{"start":{"line":8,"column":0},"end":{"line":8,"column":40}},"8":{"start":{"line":9,"column":0},"end":{"line":9,"column":44}},"9":{"start":{"line":10,"column":0},"end":{"line":10,"column":36}},"10":{"start":{"line":11,"column":0},"end":{"line":11,"column":20}},"11":{"start":{"line":12,"column":0},"end":{"line":12,"column":55}},"12":{"start":{"line":15,"column":21},"end":{"line":15,"column":30}},"13":{"start":{"line":18,"column":0},"end":{"line":18,"column":18}},"14":{"start":{"line":21,"column":0},"end":{"line":21,"column":16}},"15":{"start":{"line":24,"column":0},"end":{"line":24,"column":24}},"16":{"start":{"line":27,"column":0},"end":{"line":27,"column":48}},"17":{"start":{"line":30,"column":0},"end":{"line":30,"column":26}},"18":{"start":{"line":33,"column":18},"end":{"line":33,"column":52}},"19":{"start":{"line":34,"column":0},"end":{"line":34,"column":42}},"20":{"start":{"line":35,"column":0},"end":{"line":35,"column":27}},"21":{"start":{"line":38,"column":0},"end":{"line":38,"column":18}},"22":{"start":{"line":41,"column":0},"end":{"line":49,"column":3}},"23":{"start":{"line":42,"column":2},"end":{"line":48,"column":5}},"24":{"start":{"line":52,"column":0},"end":{"line":54,"column":3}},"25":{"start":{"line":53,"column":2},"end":{"line":53,"column":29}},"26":{"start":{"line":57,"column":0},"end":{"line":87,"column":1}},"27":{"start":{"line":58,"column":2},"end":{"line":86,"column":5}},"28":{"start":{"line":60,"column":23},"end":{"line":83,"column":6}},"29":{"start":{"line":85,"column":4},"end":{"line":85,"column":25}},"30":{"start":{"line":90,"column":0},"end":{"line":90,"column":25}},"31":{"start":{"line":93,"column":0},"end":{"line":93,"column":22}},"32":{"start":{"line":96,"column":0},"end":{"line":115,"column":1}},"33":{"start":{"line":97,"column":15},"end":{"line":97,"column":34}},"34":{"start":{"line":98,"column":2},"end":{"line":114,"column":5}},"35":{"start":{"line":99,"column":4},"end":{"line":99,"column":39}},"36":{"start":{"line":100,"column":4},"end":{"line":100,"column":62}},"37":{"start":{"line":103,"column":28},"end":{"line":103,"column":74}},"38":{"start":{"line":104,"column":4},"end":{"line":104,"column":26}},"39":{"start":{"line":105,"column":4},"end":{"line":105,"column":56}},"40":{"start":{"line":108,"column":4},"end":{"line":108,"column":27}},"41":{"start":{"line":109,"column":4},"end":{"line":113,"column":7}},"42":{"start":{"line":110,"column":6},"end":{"line":112,"column":7}},"43":{"start":{"line":111,"column":8},"end":{"line":111,"column":81}},"44":{"start":{"line":118,"column":0},"end":{"line":122,"column":3}},"45":{"start":{"line":119,"column":2},"end":{"line":119,"column":27}},"46":{"start":{"line":120,"column":2},"end":{"line":120,"column":23}},"47":{"start":{"line":121,"column":2},"end":{"line":121,"column":18}},"48":{"start":{"line":124,"column":0},"end":{"line":128,"column":3}},"49":{"start":{"line":125,"column":2},"end":{"line":125,"column":27}},"50":{"start":{"line":126,"column":2},"end":{"line":126,"column":23}},"51":{"start":{"line":127,"column":2},"end":{"line":127,"column":18}},"52":{"start":{"line":130,"column":0},"end":{"line":130,"column":19}}},"fnMap":{"0":{"name":"(anonymous_1)","decl":{"start":{"line":41,"column":19},"end":{"line":41,"column":20}},"loc":{"start":{"line":41,"column":32},"end":{"line":49,"column":1}}},"1":{"name":"(anonymous_2)","decl":{"start":{"line":52,"column":19},"end":{"line":52,"column":20}},"loc":{"start":{"line":52,"column":32},"end":{"line":54,"column":1}}},"2":{"name":"(anonymous_3)","decl":{"start":{"line":58,"column":26},"end":{"line":58,"column":27}},"loc":{"start":{"line":58,"column":39},"end":{"line":86,"column":3}}},"3":{"name":"(anonymous_4)","decl":{"start":{"line":98,"column":19},"end":{"line":98,"column":22}},"loc":{"start":{"line":98,"column":24},"end":{"line":114,"column":3}}},"4":{"name":"(anonymous_5)","decl":{"start":{"line":109,"column":30},"end":{"line":109,"column":31}},"loc":{"start":{"line":109,"column":41},"end":{"line":113,"column":5}}},"5":{"name":"(anonymous_6)","decl":{"start":{"line":118,"column":21},"end":{"line":118,"column":24}},"loc":{"start":{"line":118,"column":26},"end":{"line":122,"column":1}}},"6":{"name":"(anonymous_7)","decl":{"start":{"line":124,"column":22},"end":{"line":124,"column":25}},"loc":{"start":{"line":124,"column":27},"end":{"line":128,"column":1}}}},"branchMap":{"0":{"loc":{"start":{"line":33,"column":18},"end":{"line":33,"column":52}},"type":"binary-expr","locations":[{"start":{"line":33,"column":18},"end":{"line":33,"column":42}},{"start":{"line":33,"column":46},"end":{"line":33,"column":52}}]},"1":{"loc":{"start":{"line":46,"column":13},"end":{"line":46,"column":55}},"type":"binary-expr","locations":[{"start":{"line":46,"column":13},"end":{"line":46,"column":44}},{"start":{"line":46,"column":48},"end":{"line":46,"column":55}}]},"2":{"loc":{"start":{"line":47,"column":9},"end":{"line":47,"column":46}},"type":"binary-expr","locations":[{"start":{"line":47,"column":9},"end":{"line":47,"column":29}},{"start":{"line":47,"column":33},"end":{"line":47,"column":46}}]},"3":{"loc":{"start":{"line":57,"column":0},"end":{"line":87,"column":1}},"type":"if","locations":[{"start":{"line":57,"column":0},"end":{"line":87,"column":1}}]},"4":{"loc":{"start":{"line":96,"column":0},"end":{"line":115,"column":1}},"type":"if","locations":[{"start":{"line":96,"column":0},"end":{"line":115,"column":1}}]},"5":{"loc":{"start":{"line":103,"column":28},"end":{"line":103,"column":74}},"type":"cond-expr","locations":[{"start":{"line":103,"column":68},"end":{"line":103,"column":70}},{"start":{"line":103,"column":73},"end":{"line":103,"column":74}}]},"6":{"loc":{"start":{"line":110,"column":6},"end":{"line":112,"column":7}},"type":"if","locations":[{"start":{"line":110,"column":6},"end":{"line":112,"column":7}}]},"7":{"loc":{"start":{"line":110,"column":10},"end":{"line":110,"column":33}},"type":"binary-expr","locations":[{"start":{"line":110,"column":10},"end":{"line":110,"column":17}},{"start":{"line":110,"column":21},"end":{"line":110,"column":33}}]}},"s":{"0":1,"1":1,"2":1,"3":1,"4":1,"5":1,"6":1,"7":1,"8":1,"9":1,"10":1,"11":1,"12":1,"13":1,"14":1,"15":1,"16":1,"17":1,"18":1,"19":1,"20":1,"21":1,"22":1,"23":1,"24":1,"25":1,"26":1,"27":0,"28":0,"29":0,"30":1,"31":1,"32":1,"33":0,"34":0,"35":0,"36":0,"37":0,"38":0,"39":0,"40":0,"41":0,"42":0,"43":0,"44":1,"45":0,"46":0,"47":0,"48":1,"49":0,"50":0,"51":0,"52":1},"f":{"0":1,"1":1,"2":0,"3":0,"4":0,"5":0,"6":0},"b":{"0":[1,0],"1":[1,0],"2":[1,0],"3":[0],"4":[0],"5":[0,0],"6":[0],"7":[0,0]}}
,"/Users/sunguochao/Documents/Development/cursor/DataScope-Node/webService/src/api/controllers/datasource.controller.ts": {"path":"/Users/sunguochao/Documents/Development/cursor/DataScope-Node/webService/src/api/controllers/datasource.controller.ts","statementMap":{"0":{"start":{"line":2,"column":0},"end":{"line":2,"column":66}},"1":{"start":{"line":3,"column":0},"end":{"line":3,"column":66}},"2":{"start":{"line":4,"column":0},"end":{"line":4,"column":45}},"3":{"start":{"line":12,"column":4},"end":{"line":20,"column":5}},"4":{"start":{"line":13,"column":26},"end":{"line":13,"column":69}},"5":{"start":{"line":14,"column":6},"end":{"line":17,"column":9}},"6":{"start":{"line":19,"column":6},"end":{"line":19,"column":18}},"7":{"start":{"line":27,"column":4},"end":{"line":36,"column":5}},"8":{"start":{"line":28,"column":21},"end":{"line":28,"column":31}},"9":{"start":{"line":29,"column":25},"end":{"line":29,"column":70}},"10":{"start":{"line":30,"column":6},"end":{"line":33,"column":9}},"11":{"start":{"line":35,"column":6},"end":{"line":35,"column":18}},"12":{"start":{"line":43,"column":4},"end":{"line":70,"column":5}},"13":{"start":{"line":44,"column":21},"end":{"line":44,"column":42}},"14":{"start":{"line":45,"column":6},"end":{"line":47,"column":7}},"15":{"start":{"line":46,"column":8},"end":{"line":46,"column":68}},"16":{"start":{"line":49,"column":29},"end":{"line":60,"column":8}},"17":{"start":{"line":62,"column":28},"end":{"line":62,"column":84}},"18":{"start":{"line":64,"column":6},"end":{"line":67,"column":9}},"19":{"start":{"line":69,"column":6},"end":{"line":69,"column":18}},"20":{"start":{"line":77,"column":4},"end":{"line":104,"column":5}},"21":{"start":{"line":78,"column":21},"end":{"line":78,"column":42}},"22":{"start":{"line":79,"column":6},"end":{"line":81,"column":7}},"23":{"start":{"line":80,"column":8},"end":{"line":80,"column":68}},"24":{"start":{"line":83,"column":21},"end":{"line":83,"column":31}},"25":{"start":{"line":85,"column":30},"end":{"line":85,"column":32}},"26":{"start":{"line":86,"column":6},"end":{"line":86,"column":71}},"27":{"start":{"line":86,"column":39},"end":{"line":86,"column":71}},"28":{"start":{"line":87,"column":6},"end":{"line":87,"column":71}},"29":{"start":{"line":87,"column":39},"end":{"line":87,"column":71}},"30":{"start":{"line":88,"column":6},"end":{"line":88,"column":85}},"31":{"start":{"line":88,"column":39},"end":{"line":88,"column":85}},"32":{"start":{"line":89,"column":6},"end":{"line":89,"column":83}},"33":{"start":{"line":89,"column":43},"end":{"line":89,"column":83}},"34":{"start":{"line":90,"column":6},"end":{"line":90,"column":83}},"35":{"start":{"line":90,"column":43},"end":{"line":90,"column":83}},"36":{"start":{"line":91,"column":6},"end":{"line":91,"column":83}},"37":{"start":{"line":91,"column":43},"end":{"line":91,"column":83}},"38":{"start":{"line":92,"column":6},"end":{"line":92,"column":92}},"39":{"start":{"line":92,"column":46},"end":{"line":92,"column":92}},"40":{"start":{"line":93,"column":6},"end":{"line":93,"column":77}},"41":{"start":{"line":93,"column":41},"end":{"line":93,"column":77}},"42":{"start":{"line":94,"column":6},"end":{"line":94,"column":71}},"43":{"start":{"line":94,"column":39},"end":{"line":94,"column":71}},"44":{"start":{"line":96,"column":32},"end":{"line":96,"column":88}},"45":{"start":{"line":98,"column":6},"end":{"line":101,"column":9}},"46":{"start":{"line":103,"column":6},"end":{"line":103,"column":18}},"47":{"start":{"line":111,"column":4},"end":{"line":121,"column":5}},"48":{"start":{"line":112,"column":21},"end":{"line":112,"column":31}},"49":{"start":{"line":113,"column":6},"end":{"line":113,"column":51}},"50":{"start":{"line":115,"column":6},"end":{"line":118,"column":9}},"51":{"start":{"line":120,"column":6},"end":{"line":120,"column":18}},"52":{"start":{"line":128,"column":4},"end":{"line":151,"column":5}},"53":{"start":{"line":129,"column":21},"end":{"line":129,"column":42}},"54":{"start":{"line":130,"column":6},"end":{"line":132,"column":7}},"55":{"start":{"line":131,"column":8},"end":{"line":131,"column":68}},"56":{"start":{"line":134,"column":29},"end":{"line":141,"column":8}},"57":{"start":{"line":143,"column":21},"end":{"line":143,"column":75}},"58":{"start":{"line":145,"column":6},"end":{"line":148,"column":9}},"59":{"start":{"line":150,"column":6},"end":{"line":150,"column":18}},"60":{"start":{"line":158,"column":4},"end":{"line":166,"column":6}},"61":{"start":{"line":173,"column":4},"end":{"line":176,"column":6}},"62":{"start":{"line":183,"column":4},"end":{"line":190,"column":6}},"63":{"start":{"line":7,"column":0},"end":{"line":7,"column":13}},"64":{"start":{"line":194,"column":0},"end":{"line":194,"column":42}}},"fnMap":{"0":{"name":"(anonymous_1)","decl":{"start":{"line":11,"column":2},"end":{"line":11,"column":7}},"loc":{"start":{"line":11,"column":73},"end":{"line":21,"column":3}}},"1":{"name":"(anonymous_2)","decl":{"start":{"line":26,"column":2},"end":{"line":26,"column":7}},"loc":{"start":{"line":26,"column":73},"end":{"line":37,"column":3}}},"2":{"name":"(anonymous_3)","decl":{"start":{"line":42,"column":2},"end":{"line":42,"column":7}},"loc":{"start":{"line":42,"column":72},"end":{"line":71,"column":3}}},"3":{"name":"(anonymous_4)","decl":{"start":{"line":76,"column":2},"end":{"line":76,"column":7}},"loc":{"start":{"line":76,"column":72},"end":{"line":105,"column":3}}},"4":{"name":"(anonymous_5)","decl":{"start":{"line":110,"column":2},"end":{"line":110,"column":7}},"loc":{"start":{"line":110,"column":72},"end":{"line":122,"column":3}}},"5":{"name":"(anonymous_6)","decl":{"start":{"line":127,"column":2},"end":{"line":127,"column":7}},"loc":{"start":{"line":127,"column":70},"end":{"line":152,"column":3}}},"6":{"name":"(anonymous_7)","decl":{"start":{"line":157,"column":2},"end":{"line":157,"column":26}},"loc":{"start":{"line":157,"column":26},"end":{"line":167,"column":3}}},"7":{"name":"(anonymous_8)","decl":{"start":{"line":172,"column":2},"end":{"line":172,"column":26}},"loc":{"start":{"line":172,"column":26},"end":{"line":177,"column":3}}},"8":{"name":"(anonymous_9)","decl":{"start":{"line":182,"column":2},"end":{"line":182,"column":24}},"loc":{"start":{"line":182,"column":24},"end":{"line":191,"column":3}}}},"branchMap":{"0":{"loc":{"start":{"line":45,"column":6},"end":{"line":47,"column":7}},"type":"if","locations":[{"start":{"line":45,"column":6},"end":{"line":47,"column":7}}]},"1":{"loc":{"start":{"line":58,"column":16},"end":{"line":58,"column":70}},"type":"cond-expr","locations":[{"start":{"line":58,"column":48},"end":{"line":58,"column":63}},{"start":{"line":58,"column":66},"end":{"line":58,"column":70}}]},"2":{"loc":{"start":{"line":79,"column":6},"end":{"line":81,"column":7}},"type":"if","locations":[{"start":{"line":79,"column":6},"end":{"line":81,"column":7}}]},"3":{"loc":{"start":{"line":86,"column":6},"end":{"line":86,"column":71}},"type":"if","locations":[{"start":{"line":86,"column":6},"end":{"line":86,"column":71}}]},"4":{"loc":{"start":{"line":87,"column":6},"end":{"line":87,"column":71}},"type":"if","locations":[{"start":{"line":87,"column":6},"end":{"line":87,"column":71}}]},"5":{"loc":{"start":{"line":88,"column":6},"end":{"line":88,"column":85}},"type":"if","locations":[{"start":{"line":88,"column":6},"end":{"line":88,"column":85}}]},"6":{"loc":{"start":{"line":89,"column":6},"end":{"line":89,"column":83}},"type":"if","locations":[{"start":{"line":89,"column":6},"end":{"line":89,"column":83}}]},"7":{"loc":{"start":{"line":90,"column":6},"end":{"line":90,"column":83}},"type":"if","locations":[{"start":{"line":90,"column":6},"end":{"line":90,"column":83}}]},"8":{"loc":{"start":{"line":91,"column":6},"end":{"line":91,"column":83}},"type":"if","locations":[{"start":{"line":91,"column":6},"end":{"line":91,"column":83}}]},"9":{"loc":{"start":{"line":92,"column":6},"end":{"line":92,"column":92}},"type":"if","locations":[{"start":{"line":92,"column":6},"end":{"line":92,"column":92}}]},"10":{"loc":{"start":{"line":93,"column":6},"end":{"line":93,"column":77}},"type":"if","locations":[{"start":{"line":93,"column":6},"end":{"line":93,"column":77}}]},"11":{"loc":{"start":{"line":94,"column":6},"end":{"line":94,"column":71}},"type":"if","locations":[{"start":{"line":94,"column":6},"end":{"line":94,"column":71}}]},"12":{"loc":{"start":{"line":130,"column":6},"end":{"line":132,"column":7}},"type":"if","locations":[{"start":{"line":130,"column":6},"end":{"line":132,"column":7}}]}},"s":{"0":1,"1":1,"2":1,"3":0,"4":0,"5":0,"6":0,"7":0,"8":0,"9":0,"10":0,"11":0,"12":0,"13":0,"14":0,"15":0,"16":0,"17":0,"18":0,"19":0,"20":0,"21":0,"22":0,"23":0,"24":0,"25":0,"26":0,"27":0,"28":0,"29":0,"30":0,"31":0,"32":0,"33":0,"34":0,"35":0,"36":0,"37":0,"38":0,"39":0,"40":0,"41":0,"42":0,"43":0,"44":0,"45":0,"46":0,"47":0,"48":0,"49":0,"50":0,"51":0,"52":0,"53":0,"54":0,"55":0,"56":0,"57":0,"58":0,"59":0,"60":0,"61":0,"62":0,"63":1,"64":1},"f":{"0":0,"1":0,"2":0,"3":0,"4":0,"5":0,"6":0,"7":0,"8":0},"b":{"0":[0],"1":[0,0],"2":[0],"3":[0],"4":[0],"5":[0],"6":[0],"7":[0],"8":[0],"9":[0],"10":[0],"11":[0],"12":[0]}}
,"/Users/sunguochao/Documents/Development/cursor/DataScope-Node/webService/src/api/controllers/metadata.controller.ts": {"path":"/Users/sunguochao/Documents/Development/cursor/DataScope-Node/webService/src/api/controllers/metadata.controller.ts","statementMap":{"0":{"start":{"line":2,"column":0},"end":{"line":2,"column":73}},"1":{"start":{"line":3,"column":0},"end":{"line":3,"column":62}},"2":{"start":{"line":4,"column":0},"end":{"line":4,"column":45}},"3":{"start":{"line":12,"column":4},"end":{"line":33,"column":5}},"4":{"start":{"line":13,"column":21},"end":{"line":13,"column":42}},"5":{"start":{"line":14,"column":6},"end":{"line":16,"column":7}},"6":{"start":{"line":15,"column":8},"end":{"line":15,"column":68}},"7":{"start":{"line":18,"column":31},"end":{"line":18,"column":41}},"8":{"start":{"line":19,"column":56},"end":{"line":19,"column":64}},"9":{"start":{"line":21,"column":21},"end":{"line":25,"column":8}},"10":{"start":{"line":27,"column":6},"end":{"line":30,"column":9}},"11":{"start":{"line":32,"column":6},"end":{"line":32,"column":18}},"12":{"start":{"line":40,"column":4},"end":{"line":50,"column":5}},"13":{"start":{"line":41,"column":31},"end":{"line":41,"column":41}},"14":{"start":{"line":42,"column":21},"end":{"line":42,"column":77}},"15":{"start":{"line":44,"column":6},"end":{"line":47,"column":9}},"16":{"start":{"line":49,"column":6},"end":{"line":49,"column":18}},"17":{"start":{"line":57,"column":4},"end":{"line":73,"column":5}},"18":{"start":{"line":58,"column":31},"end":{"line":58,"column":41}},"19":{"start":{"line":59,"column":32},"end":{"line":59,"column":41}},"20":{"start":{"line":61,"column":21},"end":{"line":64,"column":null}},"21":{"start":{"line":67,"column":6},"end":{"line":70,"column":9}},"22":{"start":{"line":72,"column":6},"end":{"line":72,"column":18}},"23":{"start":{"line":80,"column":4},"end":{"line":106,"column":5}},"24":{"start":{"line":81,"column":21},"end":{"line":81,"column":42}},"25":{"start":{"line":82,"column":6},"end":{"line":84,"column":7}},"26":{"start":{"line":83,"column":8},"end":{"line":83,"column":68}},"27":{"start":{"line":86,"column":31},"end":{"line":86,"column":41}},"28":{"start":{"line":87,"column":39},"end":{"line":87,"column":48}},"29":{"start":{"line":89,"column":6},"end":{"line":91,"column":7}},"30":{"start":{"line":90,"column":8},"end":{"line":90,"column":77}},"31":{"start":{"line":93,"column":21},"end":{"line":97,"column":null}},"32":{"start":{"line":100,"column":6},"end":{"line":103,"column":9}},"33":{"start":{"line":105,"column":6},"end":{"line":105,"column":18}},"34":{"start":{"line":113,"column":4},"end":{"line":118,"column":6}},"35":{"start":{"line":125,"column":4},"end":{"line":130,"column":6}},"36":{"start":{"line":7,"column":0},"end":{"line":7,"column":13}},"37":{"start":{"line":134,"column":0},"end":{"line":134,"column":40}}},"fnMap":{"0":{"name":"(anonymous_1)","decl":{"start":{"line":11,"column":2},"end":{"line":11,"column":7}},"loc":{"start":{"line":11,"column":68},"end":{"line":34,"column":3}}},"1":{"name":"(anonymous_2)","decl":{"start":{"line":39,"column":2},"end":{"line":39,"column":7}},"loc":{"start":{"line":39,"column":76},"end":{"line":51,"column":3}}},"2":{"name":"(anonymous_3)","decl":{"start":{"line":56,"column":2},"end":{"line":56,"column":7}},"loc":{"start":{"line":56,"column":70},"end":{"line":74,"column":3}}},"3":{"name":"(anonymous_4)","decl":{"start":{"line":79,"column":2},"end":{"line":79,"column":7}},"loc":{"start":{"line":79,"column":72},"end":{"line":107,"column":3}}},"4":{"name":"(anonymous_5)","decl":{"start":{"line":112,"column":2},"end":{"line":112,"column":22}},"loc":{"start":{"line":112,"column":22},"end":{"line":119,"column":3}}},"5":{"name":"(anonymous_6)","decl":{"start":{"line":124,"column":2},"end":{"line":124,"column":26}},"loc":{"start":{"line":124,"column":26},"end":{"line":131,"column":3}}}},"branchMap":{"0":{"loc":{"start":{"line":14,"column":6},"end":{"line":16,"column":7}},"type":"if","locations":[{"start":{"line":14,"column":6},"end":{"line":16,"column":7}}]},"1":{"loc":{"start":{"line":63,"column":8},"end":{"line":63,"column":27}},"type":"binary-expr","locations":[{"start":{"line":63,"column":8},"end":{"line":63,"column":21}},{"start":{"line":63,"column":25},"end":{"line":63,"column":27}}]},"2":{"loc":{"start":{"line":64,"column":8},"end":{"line":64,"column":27}},"type":"binary-expr","locations":[{"start":{"line":64,"column":8},"end":{"line":64,"column":22}},{"start":{"line":64,"column":26},"end":{"line":64,"column":27}}]},"3":{"loc":{"start":{"line":82,"column":6},"end":{"line":84,"column":7}},"type":"if","locations":[{"start":{"line":82,"column":6},"end":{"line":84,"column":7}}]},"4":{"loc":{"start":{"line":89,"column":6},"end":{"line":91,"column":7}},"type":"if","locations":[{"start":{"line":89,"column":6},"end":{"line":91,"column":7}}]},"5":{"loc":{"start":{"line":89,"column":10},"end":{"line":89,"column":27}},"type":"binary-expr","locations":[{"start":{"line":89,"column":10},"end":{"line":89,"column":17}},{"start":{"line":89,"column":21},"end":{"line":89,"column":27}}]},"6":{"loc":{"start":{"line":97,"column":8},"end":{"line":97,"column":28}},"type":"binary-expr","locations":[{"start":{"line":97,"column":8},"end":{"line":97,"column":21}},{"start":{"line":97,"column":25},"end":{"line":97,"column":28}}]}},"s":{"0":1,"1":1,"2":1,"3":0,"4":0,"5":0,"6":0,"7":0,"8":0,"9":0,"10":0,"11":0,"12":0,"13":0,"14":0,"15":0,"16":0,"17":0,"18":0,"19":0,"20":0,"21":0,"22":0,"23":0,"24":0,"25":0,"26":0,"27":0,"28":0,"29":0,"30":0,"31":0,"32":0,"33":0,"34":1,"35":1,"36":1,"37":1},"f":{"0":0,"1":0,"2":0,"3":0,"4":1,"5":1},"b":{"0":[0],"1":[0,0],"2":[0,0],"3":[0],"4":[0],"5":[0,0],"6":[0,0]}}
,"/Users/sunguochao/Documents/Development/cursor/DataScope-Node/webService/src/api/controllers/query.controller.ts": {"path":"/Users/sunguochao/Documents/Development/cursor/DataScope-Node/webService/src/api/controllers/query.controller.ts","statementMap":{"0":{"start":{"line":2,"column":0},"end":{"line":2,"column":66}},"1":{"start":{"line":3,"column":0},"end":{"line":3,"column":56}},"2":{"start":{"line":4,"column":0},"end":{"line":4,"column":45}},"3":{"start":{"line":12,"column":4},"end":{"line":27,"column":5}},"4":{"start":{"line":13,"column":21},"end":{"line":13,"column":42}},"5":{"start":{"line":14,"column":6},"end":{"line":16,"column":7}},"6":{"start":{"line":15,"column":8},"end":{"line":15,"column":68}},"7":{"start":{"line":18,"column":44},"end":{"line":18,"column":52}},"8":{"start":{"line":19,"column":21},"end":{"line":19,"column":79}},"9":{"start":{"line":21,"column":6},"end":{"line":24,"column":9}},"10":{"start":{"line":26,"column":6},"end":{"line":26,"column":18}},"11":{"start":{"line":34,"column":4},"end":{"line":64,"column":5}},"12":{"start":{"line":35,"column":21},"end":{"line":35,"column":42}},"13":{"start":{"line":36,"column":6},"end":{"line":38,"column":7}},"14":{"start":{"line":37,"column":8},"end":{"line":37,"column":68}},"15":{"start":{"line":47,"column":10},"end":{"line":47,"column":18}},"16":{"start":{"line":49,"column":25},"end":{"line":56,"column":8}},"17":{"start":{"line":58,"column":6},"end":{"line":61,"column":9}},"18":{"start":{"line":63,"column":6},"end":{"line":63,"column":18}},"19":{"start":{"line":71,"column":4},"end":{"line":87,"column":5}},"20":{"start":{"line":72,"column":54},"end":{"line":72,"column":63}},"21":{"start":{"line":74,"column":22},"end":{"line":79,"column":8}},"22":{"start":{"line":81,"column":6},"end":{"line":84,"column":9}},"23":{"start":{"line":86,"column":6},"end":{"line":86,"column":18}},"24":{"start":{"line":94,"column":4},"end":{"line":104,"column":5}},"25":{"start":{"line":95,"column":21},"end":{"line":95,"column":31}},"26":{"start":{"line":96,"column":20},"end":{"line":96,"column":55}},"27":{"start":{"line":98,"column":6},"end":{"line":101,"column":9}},"28":{"start":{"line":103,"column":6},"end":{"line":103,"column":18}},"29":{"start":{"line":111,"column":4},"end":{"line":128,"column":5}},"30":{"start":{"line":112,"column":21},"end":{"line":112,"column":42}},"31":{"start":{"line":113,"column":6},"end":{"line":115,"column":7}},"32":{"start":{"line":114,"column":8},"end":{"line":114,"column":68}},"33":{"start":{"line":117,"column":21},"end":{"line":117,"column":31}},"34":{"start":{"line":118,"column":25},"end":{"line":118,"column":33}},"35":{"start":{"line":120,"column":27},"end":{"line":120,"column":73}},"36":{"start":{"line":122,"column":6},"end":{"line":125,"column":9}},"37":{"start":{"line":127,"column":6},"end":{"line":127,"column":18}},"38":{"start":{"line":135,"column":4},"end":{"line":145,"column":5}},"39":{"start":{"line":136,"column":21},"end":{"line":136,"column":31}},"40":{"start":{"line":137,"column":6},"end":{"line":137,"column":41}},"41":{"start":{"line":139,"column":6},"end":{"line":142,"column":9}},"42":{"start":{"line":144,"column":6},"end":{"line":144,"column":18}},"43":{"start":{"line":152,"column":4},"end":{"line":166,"column":5}},"44":{"start":{"line":153,"column":46},"end":{"line":153,"column":55}},"45":{"start":{"line":154,"column":22},"end":{"line":157,"column":null}},"46":{"start":{"line":160,"column":6},"end":{"line":163,"column":9}},"47":{"start":{"line":165,"column":6},"end":{"line":165,"column":18}},"48":{"start":{"line":173,"column":4},"end":{"line":176,"column":6}},"49":{"start":{"line":183,"column":4},"end":{"line":187,"column":6}},"50":{"start":{"line":194,"column":4},"end":{"line":196,"column":6}},"51":{"start":{"line":7,"column":0},"end":{"line":7,"column":13}},"52":{"start":{"line":200,"column":0},"end":{"line":200,"column":37}}},"fnMap":{"0":{"name":"(anonymous_1)","decl":{"start":{"line":11,"column":2},"end":{"line":11,"column":7}},"loc":{"start":{"line":11,"column":68},"end":{"line":28,"column":3}}},"1":{"name":"(anonymous_2)","decl":{"start":{"line":33,"column":2},"end":{"line":33,"column":7}},"loc":{"start":{"line":33,"column":65},"end":{"line":65,"column":3}}},"2":{"name":"(anonymous_3)","decl":{"start":{"line":70,"column":2},"end":{"line":70,"column":7}},"loc":{"start":{"line":70,"column":66},"end":{"line":88,"column":3}}},"3":{"name":"(anonymous_4)","decl":{"start":{"line":93,"column":2},"end":{"line":93,"column":7}},"loc":{"start":{"line":93,"column":68},"end":{"line":105,"column":3}}},"4":{"name":"(anonymous_5)","decl":{"start":{"line":110,"column":2},"end":{"line":110,"column":7}},"loc":{"start":{"line":110,"column":67},"end":{"line":129,"column":3}}},"5":{"name":"(anonymous_6)","decl":{"start":{"line":134,"column":2},"end":{"line":134,"column":7}},"loc":{"start":{"line":134,"column":67},"end":{"line":146,"column":3}}},"6":{"name":"(anonymous_7)","decl":{"start":{"line":151,"column":2},"end":{"line":151,"column":7}},"loc":{"start":{"line":151,"column":71},"end":{"line":167,"column":3}}},"7":{"name":"(anonymous_8)","decl":{"start":{"line":172,"column":2},"end":{"line":172,"column":22}},"loc":{"start":{"line":172,"column":22},"end":{"line":177,"column":3}}},"8":{"name":"(anonymous_9)","decl":{"start":{"line":182,"column":2},"end":{"line":182,"column":19}},"loc":{"start":{"line":182,"column":19},"end":{"line":188,"column":3}}},"9":{"name":"(anonymous_10)","decl":{"start":{"line":193,"column":2},"end":{"line":193,"column":21}},"loc":{"start":{"line":193,"column":21},"end":{"line":197,"column":3}}}},"branchMap":{"0":{"loc":{"start":{"line":14,"column":6},"end":{"line":16,"column":7}},"type":"if","locations":[{"start":{"line":14,"column":6},"end":{"line":16,"column":7}}]},"1":{"loc":{"start":{"line":36,"column":6},"end":{"line":38,"column":7}},"type":"if","locations":[{"start":{"line":36,"column":6},"end":{"line":38,"column":7}}]},"2":{"loc":{"start":{"line":113,"column":6},"end":{"line":115,"column":7}},"type":"if","locations":[{"start":{"line":113,"column":6},"end":{"line":115,"column":7}}]},"3":{"loc":{"start":{"line":156,"column":8},"end":{"line":156,"column":34}},"type":"cond-expr","locations":[{"start":{"line":156,"column":16},"end":{"line":156,"column":29}},{"start":{"line":156,"column":32},"end":{"line":156,"column":34}}]},"4":{"loc":{"start":{"line":157,"column":8},"end":{"line":157,"column":35}},"type":"cond-expr","locations":[{"start":{"line":157,"column":17},"end":{"line":157,"column":31}},{"start":{"line":157,"column":34},"end":{"line":157,"column":35}}]}},"s":{"0":1,"1":1,"2":1,"3":0,"4":0,"5":0,"6":0,"7":0,"8":0,"9":0,"10":0,"11":0,"12":0,"13":0,"14":0,"15":0,"16":0,"17":0,"18":0,"19":0,"20":0,"21":0,"22":0,"23":0,"24":0,"25":0,"26":0,"27":0,"28":0,"29":0,"30":0,"31":0,"32":0,"33":0,"34":0,"35":0,"36":0,"37":0,"38":0,"39":0,"40":0,"41":0,"42":0,"43":0,"44":0,"45":0,"46":0,"47":0,"48":0,"49":0,"50":0,"51":1,"52":1},"f":{"0":0,"1":0,"2":0,"3":0,"4":0,"5":0,"6":0,"7":0,"8":0,"9":0},"b":{"0":[0],"1":[0],"2":[0],"3":[0,0],"4":[0,0]}}
,"/Users/sunguochao/Documents/Development/cursor/DataScope-Node/webService/src/api/middlewares/error.ts": {"path":"/Users/sunguochao/Documents/Development/cursor/DataScope-Node/webService/src/api/middlewares/error.ts","statementMap":{"0":{"start":{"line":2,"column":0},"end":{"line":2,"column":55}},"1":{"start":{"line":3,"column":0},"end":{"line":3,"column":40}},"2":{"start":{"line":19,"column":28},"end":{"line":94,"column":1}},"3":{"start":{"line":26,"column":21},"end":{"line":36,"column":4}},"4":{"start":{"line":38,"column":2},"end":{"line":93,"column":3}},"5":{"start":{"line":39,"column":4},"end":{"line":39,"column":54}},"6":{"start":{"line":42,"column":21},"end":{"line":48,"column":6}},"7":{"start":{"line":51,"column":4},"end":{"line":53,"column":5}},"8":{"start":{"line":52,"column":6},"end":{"line":52,"column":62}},"9":{"start":{"line":55,"column":4},"end":{"line":55,"column":46}},"10":{"start":{"line":56,"column":4},"end":{"line":56,"column":11}},"11":{"start":{"line":59,"column":4},"end":{"line":92,"column":5}},"12":{"start":{"line":60,"column":6},"end":{"line":63,"column":9}},"13":{"start":{"line":65,"column":21},"end":{"line":69,"column":9}},"14":{"start":{"line":65,"column":60},"end":{"line":69,"column":8}},"15":{"start":{"line":71,"column":6},"end":{"line":78,"column":9}},"16":{"start":{"line":79,"column":6},"end":{"line":79,"column":13}},"17":{"start":{"line":82,"column":6},"end":{"line":82,"column":56}},"18":{"start":{"line":84,"column":6},"end":{"line":90,"column":9}},"19":{"start":{"line":91,"column":6},"end":{"line":91,"column":13}},"20":{"start":{"line":19,"column":13},"end":{"line":19,"column":28}},"21":{"start":{"line":99,"column":31},"end":{"line":106,"column":1}},"22":{"start":{"line":104,"column":14},"end":{"line":104,"column":73}},"23":{"start":{"line":105,"column":2},"end":{"line":105,"column":12}},"24":{"start":{"line":99,"column":13},"end":{"line":99,"column":31}}},"fnMap":{"0":{"name":"(anonymous_1)","decl":{"start":{"line":19,"column":28},"end":{"line":19,"column":null}},"loc":{"start":{"line":24,"column":10},"end":{"line":94,"column":1}}},"1":{"name":"(anonymous_2)","decl":{"start":{"line":65,"column":29},"end":{"line":65,"column":30}},"loc":{"start":{"line":65,"column":60},"end":{"line":69,"column":8}}},"2":{"name":"(anonymous_3)","decl":{"start":{"line":99,"column":31},"end":{"line":99,"column":null}},"loc":{"start":{"line":103,"column":10},"end":{"line":106,"column":1}}}},"branchMap":{"0":{"loc":{"start":{"line":38,"column":2},"end":{"line":93,"column":3}},"type":"if","locations":[{"start":{"line":38,"column":2},"end":{"line":93,"column":3}},{"start":{"line":57,"column":9},"end":{"line":93,"column":3}}]},"1":{"loc":{"start":{"line":38,"column":6},"end":{"line":38,"column":56}},"type":"binary-expr","locations":[{"start":{"line":38,"column":6},"end":{"line":38,"column":29}},{"start":{"line":38,"column":33},"end":{"line":38,"column":56}}]},"2":{"loc":{"start":{"line":51,"column":4},"end":{"line":53,"column":5}},"type":"if","locations":[{"start":{"line":51,"column":4},"end":{"line":53,"column":5}}]},"3":{"loc":{"start":{"line":51,"column":8},"end":{"line":51,"column":46}},"type":"binary-expr","locations":[{"start":{"line":51,"column":8},"end":{"line":51,"column":31}},{"start":{"line":51,"column":35},"end":{"line":51,"column":46}}]},"4":{"loc":{"start":{"line":59,"column":4},"end":{"line":92,"column":5}},"type":"if","locations":[{"start":{"line":59,"column":4},"end":{"line":92,"column":5}},{"start":{"line":80,"column":11},"end":{"line":92,"column":5}}]},"5":{"loc":{"start":{"line":59,"column":8},"end":{"line":59,"column":73}},"type":"binary-expr","locations":[{"start":{"line":59,"column":8},"end":{"line":59,"column":26}},{"start":{"line":59,"column":30},"end":{"line":59,"column":44}},{"start":{"line":59,"column":48},"end":{"line":59,"column":54}},{"start":{"line":59,"column":58},"end":{"line":59,"column":73}}]}},"s":{"0":1,"1":1,"2":1,"3":0,"4":0,"5":0,"6":0,"7":0,"8":0,"9":0,"10":0,"11":0,"12":0,"13":0,"14":0,"15":0,"16":0,"17":0,"18":0,"19":0,"20":1,"21":1,"22":0,"23":0,"24":1},"f":{"0":0,"1":0,"2":0},"b":{"0":[0,0],"1":[0,0],"2":[0],"3":[0,0],"4":[0,0],"5":[0,0,0,0]}}
,"/Users/sunguochao/Documents/Development/cursor/DataScope-Node/webService/src/api/middlewares/logger.ts": {"path":"/Users/sunguochao/Documents/Development/cursor/DataScope-Node/webService/src/api/middlewares/logger.ts","statementMap":{"0":{"start":{"line":1,"column":0},"end":{"line":1,"column":47}},"1":{"start":{"line":3,"column":0},"end":{"line":3,"column":40}},"2":{"start":{"line":6,"column":30},"end":{"line":9,"column":2}},"3":{"start":{"line":8,"column":30},"end":{"line":8,"column":57}},"4":{"start":{"line":12,"column":13},"end":{"line":14,"column":1}},"5":{"start":{"line":13,"column":2},"end":{"line":13,"column":60}},"6":{"start":{"line":17,"column":22},"end":{"line":30,"column":1}},"7":{"start":{"line":18,"column":24},"end":{"line":18,"column":62}},"8":{"start":{"line":20,"column":2},"end":{"line":29,"column":5}},"9":{"start":{"line":33,"column":13},"end":{"line":36,"column":3}}},"fnMap":{"0":{"name":"(anonymous_1)","decl":{"start":{"line":8,"column":9},"end":{"line":8,"column":10}},"loc":{"start":{"line":8,"column":30},"end":{"line":8,"column":57}}},"1":{"name":"(anonymous_2)","decl":{"start":{"line":12,"column":13},"end":{"line":12,"column":14}},"loc":{"start":{"line":12,"column":45},"end":{"line":14,"column":1}}},"2":{"name":"(anonymous_3)","decl":{"start":{"line":17,"column":22},"end":{"line":17,"column":23}},"loc":{"start":{"line":17,"column":67},"end":{"line":30,"column":1}}}},"branchMap":{"0":{"loc":{"start":{"line":13,"column":9},"end":{"line":13,"column":59}},"type":"binary-expr","locations":[{"start":{"line":13,"column":9},"end":{"line":13,"column":30}},{"start":{"line":13,"column":34},"end":{"line":13,"column":59}}]},"1":{"loc":{"start":{"line":23,"column":21},"end":{"line":23,"column":51}},"type":"binary-expr","locations":[{"start":{"line":23,"column":21},"end":{"line":23,"column":44}},{"start":{"line":23,"column":48},"end":{"line":23,"column":51}}]},"2":{"loc":{"start":{"line":24,"column":19},"end":{"line":24,"column":66}},"type":"cond-expr","locations":[{"start":{"line":24,"column":35},"end":{"line":24,"column":62}},{"start":{"line":24,"column":65},"end":{"line":24,"column":66}}]},"3":{"loc":{"start":{"line":25,"column":29},"end":{"line":25,"column":69}},"type":"binary-expr","locations":[{"start":{"line":25,"column":29},"end":{"line":25,"column":62}},{"start":{"line":25,"column":66},"end":{"line":25,"column":69}}]}},"s":{"0":1,"1":1,"2":1,"3":1,"4":1,"5":2,"6":1,"7":1,"8":1,"9":1},"f":{"0":1,"1":2,"2":1},"b":{"0":[2,1],"1":[1,0],"2":[1,0],"3":[1,0]}}
,"/Users/sunguochao/Documents/Development/cursor/DataScope-Node/webService/src/api/routes/datasource.routes.ts": {"path":"/Users/sunguochao/Documents/Development/cursor/DataScope-Node/webService/src/api/routes/datasource.routes.ts","statementMap":{"0":{"start":{"line":1,"column":0},"end":{"line":1,"column":33}},"1":{"start":{"line":2,"column":0},"end":{"line":2,"column":48}},"2":{"start":{"line":3,"column":0},"end":{"line":3,"column":72}},"3":{"start":{"line":5,"column":15},"end":{"line":5,"column":23}},"4":{"start":{"line":25,"column":0},"end":{"line":37,"column":2}},"5":{"start":{"line":49,"column":0},"end":{"line":49,"column":56}},"6":{"start":{"line":69,"column":0},"end":{"line":69,"column":59}},"7":{"start":{"line":95,"column":0},"end":{"line":101,"column":2}},"8":{"start":{"line":121,"column":0},"end":{"line":127,"column":2}},"9":{"start":{"line":145,"column":0},"end":{"line":156,"column":2}},"10":{"start":{"line":158,"column":0},"end":{"line":158,"column":22}}},"fnMap":{},"branchMap":{},"s":{"0":1,"1":1,"2":1,"3":1,"4":1,"5":1,"6":1,"7":1,"8":1,"9":1,"10":1},"f":{},"b":{}}
,"/Users/sunguochao/Documents/Development/cursor/DataScope-Node/webService/src/api/routes/index.ts": {"path":"/Users/sunguochao/Documents/Development/cursor/DataScope-Node/webService/src/api/routes/index.ts","statementMap":{"0":{"start":{"line":1,"column":0},"end":{"line":1,"column":33}},"1":{"start":{"line":2,"column":0},"end":{"line":2,"column":51}},"2":{"start":{"line":3,"column":0},"end":{"line":3,"column":41}},"3":{"start":{"line":4,"column":0},"end":{"line":4,"column":47}},"4":{"start":{"line":6,"column":15},"end":{"line":6,"column":23}},"5":{"start":{"line":9,"column":0},"end":{"line":9,"column":45}},"6":{"start":{"line":10,"column":0},"end":{"line":10,"column":36}},"7":{"start":{"line":11,"column":0},"end":{"line":11,"column":40}},"8":{"start":{"line":14,"column":0},"end":{"line":16,"column":3}},"9":{"start":{"line":15,"column":2},"end":{"line":15,"column":28}},"10":{"start":{"line":18,"column":0},"end":{"line":18,"column":22}}},"fnMap":{"0":{"name":"(anonymous_1)","decl":{"start":{"line":14,"column":16},"end":{"line":14,"column":17}},"loc":{"start":{"line":14,"column":29},"end":{"line":16,"column":1}}}},"branchMap":{},"s":{"0":1,"1":1,"2":1,"3":1,"4":1,"5":1,"6":1,"7":1,"8":1,"9":0,"10":1},"f":{"0":0},"b":{}}
,"/Users/sunguochao/Documents/Development/cursor/DataScope-Node/webService/src/api/routes/metadata.routes.ts": {"path":"/Users/sunguochao/Documents/Development/cursor/DataScope-Node/webService/src/api/routes/metadata.routes.ts","statementMap":{"0":{"start":{"line":1,"column":0},"end":{"line":1,"column":33}},"1":{"start":{"line":2,"column":0},"end":{"line":2,"column":68}},"2":{"start":{"line":4,"column":15},"end":{"line":4,"column":23}},"3":{"start":{"line":41,"column":0},"end":{"line":45,"column":2}},"4":{"start":{"line":65,"column":0},"end":{"line":68,"column":2}},"5":{"start":{"line":100,"column":0},"end":{"line":103,"column":2}},"6":{"start":{"line":139,"column":0},"end":{"line":143,"column":2}},"7":{"start":{"line":145,"column":0},"end":{"line":145,"column":22}}},"fnMap":{},"branchMap":{},"s":{"0":1,"1":1,"2":1,"3":1,"4":1,"5":1,"6":1,"7":1},"f":{},"b":{}}
,"/Users/sunguochao/Documents/Development/cursor/DataScope-Node/webService/src/api/routes/query.routes.ts": {"path":"/Users/sunguochao/Documents/Development/cursor/DataScope-Node/webService/src/api/routes/query.routes.ts","statementMap":{"0":{"start":{"line":1,"column":0},"end":{"line":1,"column":33}},"1":{"start":{"line":2,"column":0},"end":{"line":2,"column":48}},"2":{"start":{"line":3,"column":0},"end":{"line":3,"column":62}},"3":{"start":{"line":5,"column":15},"end":{"line":5,"column":23}},"4":{"start":{"line":35,"column":0},"end":{"line":35,"column":56}},"5":{"start":{"line":55,"column":0},"end":{"line":62,"column":2}},"6":{"start":{"line":82,"column":0},"end":{"line":90,"column":2}},"7":{"start":{"line":123,"column":0},"end":{"line":123,"column":44}},"8":{"start":{"line":143,"column":0},"end":{"line":143,"column":49}},"9":{"start":{"line":169,"column":0},"end":{"line":175,"column":2}},"10":{"start":{"line":195,"column":0},"end":{"line":201,"column":2}},"11":{"start":{"line":203,"column":0},"end":{"line":203,"column":22}}},"fnMap":{},"branchMap":{},"s":{"0":1,"1":1,"2":1,"3":1,"4":1,"5":1,"6":1,"7":1,"8":1,"9":1,"10":1,"11":1},"f":{},"b":{}}
,"/Users/sunguochao/Documents/Development/cursor/DataScope-Node/webService/src/api/validators/datasource.validator.ts": {"path":"/Users/sunguochao/Documents/Development/cursor/DataScope-Node/webService/src/api/validators/datasource.validator.ts","statementMap":{"0":{"start":{"line":1,"column":0},"end":{"line":1,"column":55}},"1":{"start":{"line":4,"column":29},"end":{"line":4,"column":103}},"2":{"start":{"line":5,"column":32},"end":{"line":5,"column":74}},"3":{"start":{"line":6,"column":29},"end":{"line":6,"column":79}},"4":{"start":{"line":9,"column":13},"end":{"line":50,"column":2}},"5":{"start":{"line":53,"column":13},"end":{"line":94,"column":2}},"6":{"start":{"line":97,"column":13},"end":{"line":121,"column":2}},"7":{"start":{"line":124,"column":13},"end":{"line":146,"column":2}},"8":{"start":{"line":149,"column":13},"end":{"line":153,"column":2}},"9":{"start":{"line":156,"column":13},"end":{"line":160,"column":2}},"10":{"start":{"line":163,"column":13},"end":{"line":187,"column":2}}},"fnMap":{},"branchMap":{},"s":{"0":0,"1":0,"2":0,"3":0,"4":0,"5":0,"6":0,"7":0,"8":0,"9":0,"10":0},"f":{},"b":{}}
,"/Users/sunguochao/Documents/Development/cursor/DataScope-Node/webService/src/services/datasource.service.ts": {"path":"/Users/sunguochao/Documents/Development/cursor/DataScope-Node/webService/src/services/datasource.service.ts","statementMap":{"0":{"start":{"line":1,"column":0},"end":{"line":1,"column":58}},"1":{"start":{"line":2,"column":0},"end":{"line":2,"column":60}},"2":{"start":{"line":4,"column":0},"end":{"line":4,"column":42}},"3":{"start":{"line":5,"column":0},"end":{"line":5,"column":37}},"4":{"start":{"line":7,"column":0},"end":{"line":7,"column":99}},"5":{"start":{"line":10,"column":15},"end":{"line":10,"column":33}},"6":{"start":{"line":13,"column":82},"end":{"line":54,"column":2}},"7":{"start":{"line":57,"column":56},"end":{"line":57,"column":65}},"8":{"start":{"line":60,"column":10},"end":{"line":60,"column":66}},"9":{"start":{"line":66,"column":4},"end":{"line":118,"column":5}},"10":{"start":{"line":67,"column":102},"end":{"line":67,"column":106}},"11":{"start":{"line":70,"column":6},"end":{"line":93,"column":7}},"12":{"start":{"line":71,"column":8},"end":{"line":92,"column":10}},"13":{"start":{"line":96,"column":29},"end":{"line":96,"column":54}},"14":{"start":{"line":98,"column":6},"end":{"line":114,"column":9}},"15":{"start":{"line":116,"column":6},"end":{"line":116,"column":41}},"16":{"start":{"line":117,"column":6},"end":{"line":117,"column":56}},"17":{"start":{"line":125,"column":4},"end":{"line":145,"column":5}},"18":{"start":{"line":127,"column":6},"end":{"line":129,"column":7}},"19":{"start":{"line":128,"column":8},"end":{"line":128,"column":31}},"20":{"start":{"line":131,"column":26},"end":{"line":135,"column":8}},"21":{"start":{"line":138,"column":6},"end":{"line":141,"column":9}},"22":{"start":{"line":139,"column":61},"end":{"line":139,"column":63}},"23":{"start":{"line":140,"column":8},"end":{"line":140,"column":20}},"24":{"start":{"line":143,"column":6},"end":{"line":143,"column":43}},"25":{"start":{"line":144,"column":6},"end":{"line":144,"column":58}},"26":{"start":{"line":152,"column":4},"end":{"line":181,"column":5}},"27":{"start":{"line":154,"column":6},"end":{"line":160,"column":7}},"28":{"start":{"line":155,"column":31},"end":{"line":155,"column":71}},"29":{"start":{"line":155,"column":58},"end":{"line":155,"column":70}},"30":{"start":{"line":156,"column":8},"end":{"line":158,"column":9}},"31":{"start":{"line":157,"column":10},"end":{"line":157,"column":44}},"32":{"start":{"line":159,"column":8},"end":{"line":159,"column":30}},"33":{"start":{"line":162,"column":25},"end":{"line":164,"column":8}},"34":{"start":{"line":166,"column":6},"end":{"line":168,"column":7}},"35":{"start":{"line":167,"column":8},"end":{"line":167,"column":42}},"36":{"start":{"line":171,"column":59},"end":{"line":171,"column":69}},"37":{"start":{"line":172,"column":6},"end":{"line":172,"column":18}},"38":{"start":{"line":174,"column":6},"end":{"line":174,"column":51}},"39":{"start":{"line":176,"column":6},"end":{"line":178,"column":7}},"40":{"start":{"line":177,"column":8},"end":{"line":177,"column":20}},"41":{"start":{"line":180,"column":6},"end":{"line":180,"column":56}},"42":{"start":{"line":188,"column":4},"end":{"line":240,"column":5}},"43":{"start":{"line":190,"column":6},"end":{"line":198,"column":7}},"44":{"start":{"line":191,"column":22},"end":{"line":191,"column":67}},"45":{"start":{"line":191,"column":54},"end":{"line":191,"column":66}},"46":{"start":{"line":192,"column":8},"end":{"line":194,"column":9}},"47":{"start":{"line":193,"column":10},"end":{"line":193,"column":44}},"48":{"start":{"line":195,"column":24},"end":{"line":195,"column":85}},"49":{"start":{"line":196,"column":8},"end":{"line":196,"column":48}},"50":{"start":{"line":197,"column":8},"end":{"line":197,"column":30}},"51":{"start":{"line":200,"column":33},"end":{"line":202,"column":8}},"52":{"start":{"line":204,"column":6},"end":{"line":206,"column":7}},"53":{"start":{"line":205,"column":8},"end":{"line":205,"column":42}},"54":{"start":{"line":208,"column":30},"end":{"line":208,"column":41}},"55":{"start":{"line":211,"column":6},"end":{"line":216,"column":7}},"56":{"start":{"line":212,"column":21},"end":{"line":212,"column":35}},"57":{"start":{"line":213,"column":8},"end":{"line":213,"column":76}},"58":{"start":{"line":214,"column":8},"end":{"line":214,"column":39}},"59":{"start":{"line":215,"column":8},"end":{"line":215,"column":35}},"60":{"start":{"line":219,"column":6},"end":{"line":222,"column":7}},"61":{"start":{"line":220,"column":8},"end":{"line":220,"column":48}},"62":{"start":{"line":221,"column":8},"end":{"line":221,"column":35}},"63":{"start":{"line":224,"column":6},"end":{"line":231,"column":9}},"64":{"start":{"line":233,"column":6},"end":{"line":233,"column":51}},"65":{"start":{"line":235,"column":6},"end":{"line":237,"column":7}},"66":{"start":{"line":236,"column":8},"end":{"line":236,"column":20}},"67":{"start":{"line":239,"column":6},"end":{"line":239,"column":56}},"68":{"start":{"line":247,"column":4},"end":{"line":282,"column":5}},"69":{"start":{"line":249,"column":6},"end":{"line":256,"column":7}},"70":{"start":{"line":250,"column":22},"end":{"line":250,"column":67}},"71":{"start":{"line":250,"column":54},"end":{"line":250,"column":66}},"72":{"start":{"line":251,"column":8},"end":{"line":253,"column":9}},"73":{"start":{"line":252,"column":10},"end":{"line":252,"column":44}},"74":{"start":{"line":254,"column":8},"end":{"line":254,"column":41}},"75":{"start":{"line":255,"column":8},"end":{"line":255,"column":15}},"76":{"start":{"line":258,"column":25},"end":{"line":260,"column":8}},"77":{"start":{"line":262,"column":6},"end":{"line":264,"column":7}},"78":{"start":{"line":263,"column":8},"end":{"line":263,"column":42}},"79":{"start":{"line":266,"column":6},"end":{"line":268,"column":9}},"80":{"start":{"line":271,"column":6},"end":{"line":273,"column":7}},"81":{"start":{"line":272,"column":8},"end":{"line":272,"column":34}},"82":{"start":{"line":275,"column":6},"end":{"line":275,"column":51}},"83":{"start":{"line":277,"column":6},"end":{"line":279,"column":7}},"84":{"start":{"line":278,"column":8},"end":{"line":278,"column":20}},"85":{"start":{"line":281,"column":6},"end":{"line":281,"column":56}},"86":{"start":{"line":289,"column":4},"end":{"line":324,"column":5}},"87":{"start":{"line":291,"column":6},"end":{"line":293,"column":7}},"88":{"start":{"line":292,"column":8},"end":{"line":292,"column":50}},"89":{"start":{"line":295,"column":65},"end":{"line":295,"column":69}},"90":{"start":{"line":297,"column":6},"end":{"line":299,"column":7}},"91":{"start":{"line":298,"column":8},"end":{"line":298,"column":46}},"92":{"start":{"line":302,"column":24},"end":{"line":310,"column":null}},"93":{"start":{"line":314,"column":6},"end":{"line":314,"column":39}},"94":{"start":{"line":316,"column":6},"end":{"line":316,"column":48}},"95":{"start":{"line":318,"column":6},"end":{"line":318,"column":46}},"96":{"start":{"line":320,"column":6},"end":{"line":323,"column":8}},"97":{"start":{"line":331,"column":4},"end":{"line":397,"column":5}},"98":{"start":{"line":333,"column":6},"end":{"line":335,"column":7}},"99":{"start":{"line":334,"column":8},"end":{"line":334,"column":49}},"100":{"start":{"line":338,"column":6},"end":{"line":351,"column":7}},"101":{"start":{"line":339,"column":30},"end":{"line":347,"column":null}},"102":{"start":{"line":349,"column":8},"end":{"line":349,"column":56}},"103":{"start":{"line":350,"column":8},"end":{"line":350,"column":29}},"104":{"start":{"line":354,"column":25},"end":{"line":356,"column":8}},"105":{"start":{"line":358,"column":6},"end":{"line":360,"column":7}},"106":{"start":{"line":359,"column":8},"end":{"line":359,"column":42}},"107":{"start":{"line":368,"column":6},"end":{"line":383,"column":7}},"108":{"start":{"line":370,"column":10},"end":{"line":379,"column":12}},"109":{"start":{"line":380,"column":10},"end":{"line":380,"column":16}},"110":{"start":{"line":382,"column":10},"end":{"line":382,"column":67}},"111":{"start":{"line":386,"column":6},"end":{"line":386,"column":50}},"112":{"start":{"line":388,"column":6},"end":{"line":388,"column":23}},"113":{"start":{"line":390,"column":6},"end":{"line":390,"column":64}},"114":{"start":{"line":392,"column":6},"end":{"line":394,"column":7}},"115":{"start":{"line":393,"column":8},"end":{"line":393,"column":20}},"116":{"start":{"line":396,"column":6},"end":{"line":396,"column":59}},"117":{"start":{"line":59,"column":0},"end":{"line":59,"column":13}},"118":{"start":{"line":401,"column":0},"end":{"line":401,"column":39}}},"fnMap":{"0":{"name":"(anonymous_1)","decl":{"start":{"line":59,"column":0},"end":{"line":59,"column":13}},"loc":{"start":{"line":59,"column":0},"end":{"line":399,"column":1}}},"1":{"name":"(anonymous_2)","decl":{"start":{"line":65,"column":2},"end":{"line":65,"column":7}},"loc":{"start":{"line":65,"column":50},"end":{"line":119,"column":3}}},"2":{"name":"(anonymous_3)","decl":{"start":{"line":124,"column":2},"end":{"line":124,"column":7}},"loc":{"start":{"line":124,"column":25},"end":{"line":146,"column":3}}},"3":{"name":"(anonymous_4)","decl":{"start":{"line":138,"column":29},"end":{"line":138,"column":31}},"loc":{"start":{"line":138,"column":34},"end":{"line":141,"column":7}}},"4":{"name":"(anonymous_5)","decl":{"start":{"line":151,"column":2},"end":{"line":151,"column":7}},"loc":{"start":{"line":151,"column":36},"end":{"line":182,"column":3}}},"5":{"name":"(anonymous_6)","decl":{"start":{"line":155,"column":52},"end":{"line":155,"column":54}},"loc":{"start":{"line":155,"column":58},"end":{"line":155,"column":70}}},"6":{"name":"(anonymous_7)","decl":{"start":{"line":187,"column":2},"end":{"line":187,"column":7}},"loc":{"start":{"line":187,"column":62},"end":{"line":241,"column":3}}},"7":{"name":"(anonymous_8)","decl":{"start":{"line":191,"column":48},"end":{"line":191,"column":50}},"loc":{"start":{"line":191,"column":54},"end":{"line":191,"column":66}}},"8":{"name":"(anonymous_9)","decl":{"start":{"line":246,"column":2},"end":{"line":246,"column":7}},"loc":{"start":{"line":246,"column":35},"end":{"line":283,"column":3}}},"9":{"name":"(anonymous_10)","decl":{"start":{"line":250,"column":48},"end":{"line":250,"column":50}},"loc":{"start":{"line":250,"column":54},"end":{"line":250,"column":66}}},"10":{"name":"(anonymous_11)","decl":{"start":{"line":288,"column":2},"end":{"line":288,"column":7}},"loc":{"start":{"line":288,"column":46},"end":{"line":325,"column":3}}},"11":{"name":"(anonymous_12)","decl":{"start":{"line":330,"column":2},"end":{"line":330,"column":7}},"loc":{"start":{"line":330,"column":41},"end":{"line":398,"column":3}}}},"branchMap":{"0":{"loc":{"start":{"line":70,"column":6},"end":{"line":93,"column":7}},"type":"if","locations":[{"start":{"line":70,"column":6},"end":{"line":93,"column":7}}]},"1":{"loc":{"start":{"line":70,"column":10},"end":{"line":70,"column":88}},"type":"binary-expr","locations":[{"start":{"line":70,"column":10},"end":{"line":70,"column":48}},{"start":{"line":70,"column":52},"end":{"line":70,"column":88}}]},"2":{"loc":{"start":{"line":74,"column":23},"end":{"line":74,"column":42}},"type":"binary-expr","locations":[{"start":{"line":74,"column":23},"end":{"line":74,"column":34}},{"start":{"line":74,"column":38},"end":{"line":74,"column":42}}]},"3":{"loc":{"start":{"line":82,"column":28},"end":{"line":82,"column":52}},"type":"binary-expr","locations":[{"start":{"line":82,"column":28},"end":{"line":82,"column":44}},{"start":{"line":82,"column":48},"end":{"line":82,"column":52}}]},"4":{"loc":{"start":{"line":127,"column":6},"end":{"line":129,"column":7}},"type":"if","locations":[{"start":{"line":127,"column":6},"end":{"line":129,"column":7}}]},"5":{"loc":{"start":{"line":127,"column":10},"end":{"line":127,"column":88}},"type":"binary-expr","locations":[{"start":{"line":127,"column":10},"end":{"line":127,"column":48}},{"start":{"line":127,"column":52},"end":{"line":127,"column":88}}]},"6":{"loc":{"start":{"line":154,"column":6},"end":{"line":160,"column":7}},"type":"if","locations":[{"start":{"line":154,"column":6},"end":{"line":160,"column":7}}]},"7":{"loc":{"start":{"line":154,"column":10},"end":{"line":154,"column":88}},"type":"binary-expr","locations":[{"start":{"line":154,"column":10},"end":{"line":154,"column":48}},{"start":{"line":154,"column":52},"end":{"line":154,"column":88}}]},"8":{"loc":{"start":{"line":156,"column":8},"end":{"line":158,"column":9}},"type":"if","locations":[{"start":{"line":156,"column":8},"end":{"line":158,"column":9}}]},"9":{"loc":{"start":{"line":166,"column":6},"end":{"line":168,"column":7}},"type":"if","locations":[{"start":{"line":166,"column":6},"end":{"line":168,"column":7}}]},"10":{"loc":{"start":{"line":176,"column":6},"end":{"line":178,"column":7}},"type":"if","locations":[{"start":{"line":176,"column":6},"end":{"line":178,"column":7}}]},"11":{"loc":{"start":{"line":190,"column":6},"end":{"line":198,"column":7}},"type":"if","locations":[{"start":{"line":190,"column":6},"end":{"line":198,"column":7}}]},"12":{"loc":{"start":{"line":190,"column":10},"end":{"line":190,"column":88}},"type":"binary-expr","locations":[{"start":{"line":190,"column":10},"end":{"line":190,"column":48}},{"start":{"line":190,"column":52},"end":{"line":190,"column":88}}]},"13":{"loc":{"start":{"line":192,"column":8},"end":{"line":194,"column":9}},"type":"if","locations":[{"start":{"line":192,"column":8},"end":{"line":194,"column":9}}]},"14":{"loc":{"start":{"line":204,"column":6},"end":{"line":206,"column":7}},"type":"if","locations":[{"start":{"line":204,"column":6},"end":{"line":206,"column":7}}]},"15":{"loc":{"start":{"line":211,"column":6},"end":{"line":216,"column":7}},"type":"if","locations":[{"start":{"line":211,"column":6},"end":{"line":216,"column":7}}]},"16":{"loc":{"start":{"line":219,"column":6},"end":{"line":222,"column":7}},"type":"if","locations":[{"start":{"line":219,"column":6},"end":{"line":222,"column":7}}]},"17":{"loc":{"start":{"line":235,"column":6},"end":{"line":237,"column":7}},"type":"if","locations":[{"start":{"line":235,"column":6},"end":{"line":237,"column":7}}]},"18":{"loc":{"start":{"line":249,"column":6},"end":{"line":256,"column":7}},"type":"if","locations":[{"start":{"line":249,"column":6},"end":{"line":256,"column":7}}]},"19":{"loc":{"start":{"line":249,"column":10},"end":{"line":249,"column":88}},"type":"binary-expr","locations":[{"start":{"line":249,"column":10},"end":{"line":249,"column":48}},{"start":{"line":249,"column":52},"end":{"line":249,"column":88}}]},"20":{"loc":{"start":{"line":251,"column":8},"end":{"line":253,"column":9}},"type":"if","locations":[{"start":{"line":251,"column":8},"end":{"line":253,"column":9}}]},"21":{"loc":{"start":{"line":262,"column":6},"end":{"line":264,"column":7}},"type":"if","locations":[{"start":{"line":262,"column":6},"end":{"line":264,"column":7}}]},"22":{"loc":{"start":{"line":271,"column":6},"end":{"line":273,"column":7}},"type":"if","locations":[{"start":{"line":271,"column":6},"end":{"line":273,"column":7}}]},"23":{"loc":{"start":{"line":277,"column":6},"end":{"line":279,"column":7}},"type":"if","locations":[{"start":{"line":277,"column":6},"end":{"line":279,"column":7}}]},"24":{"loc":{"start":{"line":291,"column":6},"end":{"line":293,"column":7}},"type":"if","locations":[{"start":{"line":291,"column":6},"end":{"line":293,"column":7}}]},"25":{"loc":{"start":{"line":291,"column":10},"end":{"line":291,"column":88}},"type":"binary-expr","locations":[{"start":{"line":291,"column":10},"end":{"line":291,"column":48}},{"start":{"line":291,"column":52},"end":{"line":291,"column":88}}]},"26":{"loc":{"start":{"line":297,"column":6},"end":{"line":299,"column":7}},"type":"if","locations":[{"start":{"line":297,"column":6},"end":{"line":299,"column":7}}]},"27":{"loc":{"start":{"line":322,"column":17},"end":{"line":322,"column":40}},"type":"binary-expr","locations":[{"start":{"line":322,"column":17},"end":{"line":322,"column":30}},{"start":{"line":322,"column":34},"end":{"line":322,"column":40}}]},"28":{"loc":{"start":{"line":333,"column":6},"end":{"line":335,"column":7}},"type":"if","locations":[{"start":{"line":333,"column":6},"end":{"line":335,"column":7}}]},"29":{"loc":{"start":{"line":338,"column":6},"end":{"line":351,"column":7}},"type":"if","locations":[{"start":{"line":338,"column":6},"end":{"line":351,"column":7}}]},"30":{"loc":{"start":{"line":338,"column":10},"end":{"line":338,"column":88}},"type":"binary-expr","locations":[{"start":{"line":338,"column":10},"end":{"line":338,"column":48}},{"start":{"line":338,"column":52},"end":{"line":338,"column":88}}]},"31":{"loc":{"start":{"line":358,"column":6},"end":{"line":360,"column":7}},"type":"if","locations":[{"start":{"line":358,"column":6},"end":{"line":360,"column":7}}]},"32":{"loc":{"start":{"line":368,"column":6},"end":{"line":383,"column":7}},"type":"switch","locations":[{"start":{"line":369,"column":8},"end":{"line":380,"column":16}},{"start":{"line":381,"column":8},"end":{"line":382,"column":67}}]},"33":{"loc":{"start":{"line":392,"column":6},"end":{"line":394,"column":7}},"type":"if","locations":[{"start":{"line":392,"column":6},"end":{"line":394,"column":7}}]}},"s":{"0":2,"1":2,"2":2,"3":2,"4":2,"5":2,"6":2,"7":2,"8":6,"9":1,"10":1,"11":1,"12":1,"13":0,"14":0,"15":0,"16":0,"17":1,"18":1,"19":1,"20":0,"21":0,"22":0,"23":0,"24":0,"25":0,"26":2,"27":2,"28":2,"29":3,"30":2,"31":1,"32":1,"33":0,"34":0,"35":0,"36":0,"37":0,"38":1,"39":1,"40":1,"41":0,"42":0,"43":0,"44":0,"45":0,"46":0,"47":0,"48":0,"49":0,"50":0,"51":0,"52":0,"53":0,"54":0,"55":0,"56":0,"57":0,"58":0,"59":0,"60":0,"61":0,"62":0,"63":0,"64":0,"65":0,"66":0,"67":0,"68":0,"69":0,"70":0,"71":0,"72":0,"73":0,"74":0,"75":0,"76":0,"77":0,"78":0,"79":0,"80":0,"81":0,"82":0,"83":0,"84":0,"85":0,"86":0,"87":0,"88":0,"89":0,"90":0,"91":0,"92":0,"93":0,"94":0,"95":0,"96":0,"97":0,"98":0,"99":0,"100":0,"101":0,"102":0,"103":0,"104":0,"105":0,"106":0,"107":0,"108":0,"109":0,"110":0,"111":0,"112":0,"113":0,"114":0,"115":0,"116":0,"117":2,"118":2},"f":{"0":6,"1":1,"2":1,"3":0,"4":2,"5":3,"6":0,"7":0,"8":0,"9":0,"10":0,"11":0},"b":{"0":[1],"1":[1,1],"2":[1,0],"3":[1,1],"4":[1],"5":[1,1],"6":[2],"7":[2,2],"8":[1],"9":[0],"10":[1],"11":[0],"12":[0,0],"13":[0],"14":[0],"15":[0],"16":[0],"17":[0],"18":[0],"19":[0,0],"20":[0],"21":[0],"22":[0],"23":[0],"24":[0],"25":[0,0],"26":[0],"27":[0,0],"28":[0],"29":[0],"30":[0,0],"31":[0],"32":[0,0],"33":[0]}}
,"/Users/sunguochao/Documents/Development/cursor/DataScope-Node/webService/src/services/metadata.service.ts": {"path":"/Users/sunguochao/Documents/Development/cursor/DataScope-Node/webService/src/services/metadata.service.ts","statementMap":{"0":{"start":{"line":6,"column":0},"end":{"line":6,"column":46}},"1":{"start":{"line":7,"column":0},"end":{"line":7,"column":42}},"2":{"start":{"line":8,"column":0},"end":{"line":8,"column":53}},"3":{"start":{"line":9,"column":0},"end":{"line":9,"column":37}},"4":{"start":{"line":11,"column":15},"end":{"line":11,"column":33}},"5":{"start":{"line":33,"column":21},"end":{"line":33,"column":47}},"6":{"start":{"line":34,"column":39},"end":{"line":34,"column":43}},"7":{"start":{"line":35,"column":22},"end":{"line":35,"column":23}},"8":{"start":{"line":36,"column":21},"end":{"line":36,"column":22}},"9":{"start":{"line":38,"column":4},"end":{"line":352,"column":5}},"10":{"start":{"line":40,"column":26},"end":{"line":47,"column":8}},"11":{"start":{"line":49,"column":6},"end":{"line":49,"column":37}},"12":{"start":{"line":50,"column":6},"end":{"line":50,"column":76}},"13":{"start":{"line":53,"column":24},"end":{"line":53,"column":74}},"14":{"start":{"line":56,"column":22},"end":{"line":56,"column":50}},"15":{"start":{"line":57,"column":6},"end":{"line":57,"column":72}},"16":{"start":{"line":59,"column":6},"end":{"line":312,"column":7}},"17":{"start":{"line":61,"column":8},"end":{"line":64,"column":9}},"18":{"start":{"line":62,"column":10},"end":{"line":62,"column":79}},"19":{"start":{"line":63,"column":10},"end":{"line":63,"column":19}},"20":{"start":{"line":67,"column":21},"end":{"line":72,"column":10}},"21":{"start":{"line":74,"column":8},"end":{"line":92,"column":9}},"22":{"start":{"line":75,"column":10},"end":{"line":81,"column":13}},"23":{"start":{"line":82,"column":10},"end":{"line":82,"column":65}},"24":{"start":{"line":84,"column":10},"end":{"line":90,"column":13}},"25":{"start":{"line":91,"column":10},"end":{"line":91,"column":66}},"26":{"start":{"line":95,"column":23},"end":{"line":95,"column":60}},"27":{"start":{"line":96,"column":8},"end":{"line":96,"column":68}},"28":{"start":{"line":98,"column":8},"end":{"line":311,"column":9}},"29":{"start":{"line":100,"column":10},"end":{"line":103,"column":11}},"30":{"start":{"line":101,"column":12},"end":{"line":101,"column":83}},"31":{"start":{"line":102,"column":12},"end":{"line":102,"column":21}},"32":{"start":{"line":106,"column":10},"end":{"line":110,"column":11}},"33":{"start":{"line":107,"column":12},"end":{"line":107,"column":26}},"34":{"start":{"line":108,"column":17},"end":{"line":110,"column":11}},"35":{"start":{"line":109,"column":12},"end":{"line":109,"column":25}},"36":{"start":{"line":113,"column":22},"end":{"line":118,"column":12}},"37":{"start":{"line":120,"column":10},"end":{"line":141,"column":11}},"38":{"start":{"line":121,"column":12},"end":{"line":128,"column":15}},"39":{"start":{"line":129,"column":12},"end":{"line":129,"column":69}},"40":{"start":{"line":131,"column":12},"end":{"line":139,"column":15}},"41":{"start":{"line":140,"column":12},"end":{"line":140,"column":70}},"42":{"start":{"line":144,"column":10},"end":{"line":149,"column":11}},"43":{"start":{"line":145,"column":12},"end":{"line":147,"column":15}},"44":{"start":{"line":148,"column":12},"end":{"line":148,"column":57}},"45":{"start":{"line":152,"column":26},"end":{"line":152,"column":80}},"46":{"start":{"line":153,"column":10},"end":{"line":153,"column":71}},"47":{"start":{"line":156,"column":30},"end":{"line":156,"column":88}},"48":{"start":{"line":157,"column":34},"end":{"line":157,"column":70}},"49":{"start":{"line":157,"column":56},"end":{"line":157,"column":69}},"50":{"start":{"line":160,"column":30},"end":{"line":160,"column":88}},"51":{"start":{"line":163,"column":10},"end":{"line":216,"column":11}},"52":{"start":{"line":165,"column":33},"end":{"line":165,"column":74}},"53":{"start":{"line":168,"column":33},"end":{"line":169,"column":null}},"54":{"start":{"line":169,"column":14},"end":{"line":169,"column":47}},"55":{"start":{"line":173,"column":25},"end":{"line":178,"column":14}},"56":{"start":{"line":180,"column":12},"end":{"line":215,"column":13}},"57":{"start":{"line":181,"column":14},"end":{"line":195,"column":17}},"58":{"start":{"line":196,"column":14},"end":{"line":196,"column":73}},"59":{"start":{"line":197,"column":19},"end":{"line":215,"column":13}},"60":{"start":{"line":198,"column":14},"end":{"line":213,"column":17}},"61":{"start":{"line":214,"column":14},"end":{"line":214,"column":74}},"62":{"start":{"line":219,"column":10},"end":{"line":236,"column":11}},"63":{"start":{"line":221,"column":12},"end":{"line":227,"column":15}},"64":{"start":{"line":229,"column":12},"end":{"line":233,"column":15}},"65":{"start":{"line":235,"column":12},"end":{"line":235,"column":58}},"66":{"start":{"line":239,"column":10},"end":{"line":310,"column":11}},"67":{"start":{"line":241,"column":37},"end":{"line":241,"column":70}},"68":{"start":{"line":244,"column":33},"end":{"line":249,"column":14}},"69":{"start":{"line":251,"column":12},"end":{"line":254,"column":13}},"70":{"start":{"line":252,"column":14},"end":{"line":252,"column":66}},"71":{"start":{"line":253,"column":14},"end":{"line":253,"column":23}},"72":{"start":{"line":257,"column":32},"end":{"line":262,"column":14}},"73":{"start":{"line":264,"column":12},"end":{"line":267,"column":13}},"74":{"start":{"line":265,"column":14},"end":{"line":265,"column":67}},"75":{"start":{"line":266,"column":14},"end":{"line":266,"column":23}},"76":{"start":{"line":270,"column":33},"end":{"line":275,"column":14}},"77":{"start":{"line":277,"column":33},"end":{"line":282,"column":14}},"78":{"start":{"line":284,"column":12},"end":{"line":287,"column":13}},"79":{"start":{"line":285,"column":14},"end":{"line":285,"column":51}},"80":{"start":{"line":286,"column":14},"end":{"line":286,"column":23}},"81":{"start":{"line":290,"column":38},"end":{"line":298,"column":14}},"82":{"start":{"line":301,"column":12},"end":{"line":307,"column":15}},"83":{"start":{"line":309,"column":12},"end":{"line":309,"column":138}},"84":{"start":{"line":315,"column":6},"end":{"line":323,"column":9}},"85":{"start":{"line":325,"column":6},"end":{"line":325,"column":93}},"86":{"start":{"line":327,"column":6},"end":{"line":331,"column":8}},"87":{"start":{"line":333,"column":6},"end":{"line":333,"column":62}},"88":{"start":{"line":336,"column":6},"end":{"line":345,"column":7}},"89":{"start":{"line":337,"column":8},"end":{"line":344,"column":11}},"90":{"start":{"line":347,"column":6},"end":{"line":351,"column":8}},"91":{"start":{"line":362,"column":4},"end":{"line":399,"column":5}},"92":{"start":{"line":364,"column":22},"end":{"line":386,"column":8}},"93":{"start":{"line":388,"column":6},"end":{"line":390,"column":7}},"94":{"start":{"line":389,"column":8},"end":{"line":389,"column":45}},"95":{"start":{"line":392,"column":6},"end":{"line":392,"column":21}},"96":{"start":{"line":394,"column":6},"end":{"line":394,"column":57}},"97":{"start":{"line":395,"column":6},"end":{"line":397,"column":7}},"98":{"start":{"line":396,"column":8},"end":{"line":396,"column":20}},"99":{"start":{"line":398,"column":6},"end":{"line":398,"column":82}},"100":{"start":{"line":420,"column":4},"end":{"line":442,"column":5}},"101":{"start":{"line":421,"column":31},"end":{"line":431,"column":8}},"102":{"start":{"line":433,"column":6},"end":{"line":438,"column":8}},"103":{"start":{"line":440,"column":6},"end":{"line":440,"column":56}},"104":{"start":{"line":441,"column":6},"end":{"line":441,"column":81}},"105":{"start":{"line":460,"column":4},"end":{"line":472,"column":5}},"106":{"start":{"line":462,"column":24},"end":{"line":462,"column":74}},"107":{"start":{"line":465,"column":6},"end":{"line":465,"column":76}},"108":{"start":{"line":467,"column":6},"end":{"line":467,"column":80}},"109":{"start":{"line":468,"column":6},"end":{"line":470,"column":7}},"110":{"start":{"line":469,"column":8},"end":{"line":469,"column":20}},"111":{"start":{"line":471,"column":6},"end":{"line":471,"column":82}},"112":{"start":{"line":13,"column":0},"end":{"line":13,"column":13}},"113":{"start":{"line":476,"column":0},"end":{"line":476,"column":37}}},"fnMap":{"0":{"name":"(anonymous_1)","decl":{"start":{"line":21,"column":2},"end":{"line":21,"column":7}},"loc":{"start":{"line":27,"column":10},"end":{"line":353,"column":3}}},"1":{"name":"(anonymous_2)","decl":{"start":{"line":157,"column":50},"end":{"line":157,"column":52}},"loc":{"start":{"line":157,"column":56},"end":{"line":157,"column":69}}},"2":{"name":"(anonymous_3)","decl":{"start":{"line":168,"column":50},"end":{"line":168,"column":52}},"loc":{"start":{"line":169,"column":14},"end":{"line":169,"column":47}}},"3":{"name":"(anonymous_4)","decl":{"start":{"line":361,"column":2},"end":{"line":361,"column":7}},"loc":{"start":{"line":361,"column":49},"end":{"line":400,"column":3}}},"4":{"name":"(anonymous_5)","decl":{"start":{"line":410,"column":2},"end":{"line":410,"column":7}},"loc":{"start":{"line":413,"column":22},"end":{"line":443,"column":3}}},"5":{"name":"(anonymous_6)","decl":{"start":{"line":454,"column":2},"end":{"line":454,"column":7}},"loc":{"start":{"line":458,"column":23},"end":{"line":473,"column":3}}}},"branchMap":{"0":{"loc":{"start":{"line":23,"column":4},"end":{"line":27,"column":10}},"type":"default-arg","locations":[{"start":{"line":27,"column":8},"end":{"line":27,"column":10}}]},"1":{"loc":{"start":{"line":33,"column":21},"end":{"line":33,"column":47}},"type":"binary-expr","locations":[{"start":{"line":33,"column":21},"end":{"line":33,"column":37}},{"start":{"line":33,"column":41},"end":{"line":33,"column":47}}]},"2":{"loc":{"start":{"line":61,"column":8},"end":{"line":64,"column":9}},"type":"if","locations":[{"start":{"line":61,"column":8},"end":{"line":64,"column":9}}]},"3":{"loc":{"start":{"line":61,"column":12},"end":{"line":61,"column":88}},"type":"binary-expr","locations":[{"start":{"line":61,"column":12},"end":{"line":61,"column":33}},{"start":{"line":61,"column":37},"end":{"line":61,"column":88}}]},"4":{"loc":{"start":{"line":74,"column":8},"end":{"line":92,"column":9}},"type":"if","locations":[{"start":{"line":74,"column":8},"end":{"line":92,"column":9}},{"start":{"line":83,"column":15},"end":{"line":92,"column":9}}]},"5":{"loc":{"start":{"line":100,"column":10},"end":{"line":103,"column":11}},"type":"if","locations":[{"start":{"line":100,"column":10},"end":{"line":103,"column":11}}]},"6":{"loc":{"start":{"line":100,"column":14},"end":{"line":100,"column":92}},"type":"binary-expr","locations":[{"start":{"line":100,"column":14},"end":{"line":100,"column":34}},{"start":{"line":100,"column":38},"end":{"line":100,"column":92}}]},"7":{"loc":{"start":{"line":106,"column":10},"end":{"line":110,"column":11}},"type":"if","locations":[{"start":{"line":106,"column":10},"end":{"line":110,"column":11}},{"start":{"line":108,"column":17},"end":{"line":110,"column":11}}]},"8":{"loc":{"start":{"line":108,"column":17},"end":{"line":110,"column":11}},"type":"if","locations":[{"start":{"line":108,"column":17},"end":{"line":110,"column":11}}]},"9":{"loc":{"start":{"line":120,"column":10},"end":{"line":141,"column":11}},"type":"if","locations":[{"start":{"line":120,"column":10},"end":{"line":141,"column":11}},{"start":{"line":130,"column":17},"end":{"line":141,"column":11}}]},"10":{"loc":{"start":{"line":125,"column":22},"end":{"line":125,"column":47}},"type":"binary-expr","locations":[{"start":{"line":125,"column":22},"end":{"line":125,"column":36}},{"start":{"line":125,"column":40},"end":{"line":125,"column":47}}]},"11":{"loc":{"start":{"line":126,"column":29},"end":{"line":126,"column":75}},"type":"binary-expr","locations":[{"start":{"line":126,"column":29},"end":{"line":126,"column":50}},{"start":{"line":126,"column":54},"end":{"line":126,"column":75}}]},"12":{"loc":{"start":{"line":134,"column":22},"end":{"line":134,"column":47}},"type":"binary-expr","locations":[{"start":{"line":134,"column":22},"end":{"line":134,"column":36}},{"start":{"line":134,"column":40},"end":{"line":134,"column":47}}]},"13":{"loc":{"start":{"line":135,"column":29},"end":{"line":135,"column":71}},"type":"binary-expr","locations":[{"start":{"line":135,"column":29},"end":{"line":135,"column":50}},{"start":{"line":135,"column":54},"end":{"line":135,"column":71}}]},"14":{"loc":{"start":{"line":144,"column":10},"end":{"line":149,"column":11}},"type":"if","locations":[{"start":{"line":144,"column":10},"end":{"line":149,"column":11}}]},"15":{"loc":{"start":{"line":180,"column":12},"end":{"line":215,"column":13}},"type":"if","locations":[{"start":{"line":180,"column":12},"end":{"line":215,"column":13}},{"start":{"line":197,"column":19},"end":{"line":215,"column":13}}]},"16":{"loc":{"start":{"line":193,"column":31},"end":{"line":193,"column":79}},"type":"binary-expr","locations":[{"start":{"line":193,"column":31},"end":{"line":193,"column":53}},{"start":{"line":193,"column":57},"end":{"line":193,"column":79}}]},"17":{"loc":{"start":{"line":197,"column":19},"end":{"line":215,"column":13}},"type":"if","locations":[{"start":{"line":197,"column":19},"end":{"line":215,"column":13}}]},"18":{"loc":{"start":{"line":209,"column":31},"end":{"line":209,"column":75}},"type":"binary-expr","locations":[{"start":{"line":209,"column":31},"end":{"line":209,"column":53}},{"start":{"line":209,"column":57},"end":{"line":209,"column":75}}]},"19":{"loc":{"start":{"line":219,"column":10},"end":{"line":236,"column":11}},"type":"if","locations":[{"start":{"line":219,"column":10},"end":{"line":236,"column":11}}]},"20":{"loc":{"start":{"line":241,"column":37},"end":{"line":241,"column":70}},"type":"binary-expr","locations":[{"start":{"line":241,"column":37},"end":{"line":241,"column":56}},{"start":{"line":241,"column":60},"end":{"line":241,"column":70}}]},"21":{"loc":{"start":{"line":251,"column":12},"end":{"line":254,"column":13}},"type":"if","locations":[{"start":{"line":251,"column":12},"end":{"line":254,"column":13}}]},"22":{"loc":{"start":{"line":264,"column":12},"end":{"line":267,"column":13}},"type":"if","locations":[{"start":{"line":264,"column":12},"end":{"line":267,"column":13}}]},"23":{"loc":{"start":{"line":284,"column":12},"end":{"line":287,"column":13}},"type":"if","locations":[{"start":{"line":284,"column":12},"end":{"line":287,"column":13}}]},"24":{"loc":{"start":{"line":284,"column":16},"end":{"line":284,"column":46}},"type":"binary-expr","locations":[{"start":{"line":284,"column":16},"end":{"line":284,"column":29}},{"start":{"line":284,"column":33},"end":{"line":284,"column":46}}]},"25":{"loc":{"start":{"line":336,"column":6},"end":{"line":345,"column":7}},"type":"if","locations":[{"start":{"line":336,"column":6},"end":{"line":345,"column":7}}]},"26":{"loc":{"start":{"line":388,"column":6},"end":{"line":390,"column":7}},"type":"if","locations":[{"start":{"line":388,"column":6},"end":{"line":390,"column":7}}]},"27":{"loc":{"start":{"line":395,"column":6},"end":{"line":397,"column":7}},"type":"if","locations":[{"start":{"line":395,"column":6},"end":{"line":397,"column":7}}]},"28":{"loc":{"start":{"line":398,"column":54},"end":{"line":398,"column":78}},"type":"binary-expr","locations":[{"start":{"line":398,"column":54},"end":{"line":398,"column":68}},{"start":{"line":398,"column":72},"end":{"line":398,"column":78}}]},"29":{"loc":{"start":{"line":412,"column":4},"end":{"line":412,"column":22}},"type":"default-arg","locations":[{"start":{"line":412,"column":20},"end":{"line":412,"column":22}}]},"30":{"loc":{"start":{"line":413,"column":4},"end":{"line":413,"column":22}},"type":"default-arg","locations":[{"start":{"line":413,"column":21},"end":{"line":413,"column":22}}]},"31":{"loc":{"start":{"line":441,"column":53},"end":{"line":441,"column":77}},"type":"binary-expr","locations":[{"start":{"line":441,"column":53},"end":{"line":441,"column":67}},{"start":{"line":441,"column":71},"end":{"line":441,"column":77}}]},"32":{"loc":{"start":{"line":458,"column":4},"end":{"line":458,"column":23}},"type":"default-arg","locations":[{"start":{"line":458,"column":20},"end":{"line":458,"column":23}}]},"33":{"loc":{"start":{"line":468,"column":6},"end":{"line":470,"column":7}},"type":"if","locations":[{"start":{"line":468,"column":6},"end":{"line":470,"column":7}}]},"34":{"loc":{"start":{"line":471,"column":54},"end":{"line":471,"column":78}},"type":"binary-expr","locations":[{"start":{"line":471,"column":54},"end":{"line":471,"column":68}},{"start":{"line":471,"column":72},"end":{"line":471,"column":78}}]}},"s":{"0":1,"1":1,"2":1,"3":1,"4":1,"5":0,"6":0,"7":0,"8":0,"9":0,"10":0,"11":0,"12":0,"13":0,"14":0,"15":0,"16":0,"17":0,"18":0,"19":0,"20":0,"21":0,"22":0,"23":0,"24":0,"25":0,"26":0,"27":0,"28":0,"29":0,"30":0,"31":0,"32":0,"33":0,"34":0,"35":0,"36":0,"37":0,"38":0,"39":0,"40":0,"41":0,"42":0,"43":0,"44":0,"45":0,"46":0,"47":0,"48":0,"49":0,"50":0,"51":0,"52":0,"53":0,"54":0,"55":0,"56":0,"57":0,"58":0,"59":0,"60":0,"61":0,"62":0,"63":0,"64":0,"65":0,"66":0,"67":0,"68":0,"69":0,"70":0,"71":0,"72":0,"73":0,"74":0,"75":0,"76":0,"77":0,"78":0,"79":0,"80":0,"81":0,"82":0,"83":0,"84":0,"85":0,"86":0,"87":0,"88":0,"89":0,"90":0,"91":0,"92":0,"93":0,"94":0,"95":0,"96":0,"97":0,"98":0,"99":0,"100":0,"101":0,"102":0,"103":0,"104":0,"105":0,"106":0,"107":0,"108":0,"109":0,"110":0,"111":0,"112":1,"113":1},"f":{"0":0,"1":0,"2":0,"3":0,"4":0,"5":0},"b":{"0":[0],"1":[0,0],"2":[0],"3":[0,0],"4":[0,0],"5":[0],"6":[0,0],"7":[0,0],"8":[0],"9":[0,0],"10":[0,0],"11":[0,0],"12":[0,0],"13":[0,0],"14":[0],"15":[0,0],"16":[0,0],"17":[0],"18":[0,0],"19":[0],"20":[0,0],"21":[0],"22":[0],"23":[0],"24":[0,0],"25":[0],"26":[0],"27":[0],"28":[0,0],"29":[0],"30":[0],"31":[0,0],"32":[0],"33":[0],"34":[0,0]}}
,"/Users/sunguochao/Documents/Development/cursor/DataScope-Node/webService/src/services/query.service.ts": {"path":"/Users/sunguochao/Documents/Development/cursor/DataScope-Node/webService/src/services/query.service.ts","statementMap":{"0":{"start":{"line":1,"column":0},"end":{"line":1,"column":67}},"1":{"start":{"line":2,"column":0},"end":{"line":2,"column":42}},"2":{"start":{"line":3,"column":0},"end":{"line":3,"column":53}},"3":{"start":{"line":4,"column":0},"end":{"line":4,"column":37}},"4":{"start":{"line":6,"column":15},"end":{"line":6,"column":33}},"5":{"start":{"line":13,"column":4},"end":{"line":80,"column":5}},"6":{"start":{"line":15,"column":24},"end":{"line":15,"column":74}},"7":{"start":{"line":18,"column":24},"end":{"line":18,"column":34}},"8":{"start":{"line":19,"column":42},"end":{"line":19,"column":46}},"9":{"start":{"line":21,"column":6},"end":{"line":73,"column":7}},"10":{"start":{"line":23,"column":29},"end":{"line":30,"column":10}},"11":{"start":{"line":31,"column":8},"end":{"line":31,"column":41}},"12":{"start":{"line":34,"column":23},"end":{"line":34,"column":64}},"13":{"start":{"line":37,"column":24},"end":{"line":37,"column":34}},"14":{"start":{"line":38,"column":25},"end":{"line":38,"column":64}},"15":{"start":{"line":40,"column":8},"end":{"line":48,"column":11}},"16":{"start":{"line":50,"column":8},"end":{"line":50,"column":22}},"17":{"start":{"line":53,"column":8},"end":{"line":66,"column":9}},"18":{"start":{"line":54,"column":26},"end":{"line":54,"column":36}},"19":{"start":{"line":55,"column":27},"end":{"line":55,"column":66}},"20":{"start":{"line":57,"column":10},"end":{"line":65,"column":13}},"21":{"start":{"line":68,"column":8},"end":{"line":68,"column":61}},"22":{"start":{"line":69,"column":8},"end":{"line":71,"column":9}},"23":{"start":{"line":70,"column":10},"end":{"line":70,"column":22}},"24":{"start":{"line":72,"column":8},"end":{"line":72,"column":68}},"25":{"start":{"line":75,"column":6},"end":{"line":75,"column":59}},"26":{"start":{"line":76,"column":6},"end":{"line":78,"column":7}},"27":{"start":{"line":77,"column":8},"end":{"line":77,"column":20}},"28":{"start":{"line":79,"column":6},"end":{"line":79,"column":66}},"29":{"start":{"line":94,"column":4},"end":{"line":110,"column":5}},"30":{"start":{"line":95,"column":20},"end":{"line":104,"column":8}},"31":{"start":{"line":106,"column":6},"end":{"line":106,"column":19}},"32":{"start":{"line":108,"column":6},"end":{"line":108,"column":53}},"33":{"start":{"line":109,"column":6},"end":{"line":109,"column":66}},"34":{"start":{"line":122,"column":4},"end":{"line":168,"column":5}},"35":{"sta
[...]
,"column":46}}]},"26":{"loc":{"start":{"line":402,"column":27},"end":{"line":402,"column":57}},"type":"binary-expr","locations":[{"start":{"line":402,"column":27},"end":{"line":402,"column":33}},{"start":{"line":402,"column":37},"end":{"line":402,"column":57}}]},"27":{"loc":{"start":{"line":428,"column":15},"end":{"line":428,"column":39}},"type":"binary-expr","locations":[{"start":{"line":428,"column":15},"end":{"line":428,"column":29}},{"start":{"line":428,"column":33},"end":{"line":428,"column":39}}]},"28":{"loc":{"start":{"line":430,"column":16},"end":{"line":430,"column":46}},"type":"binary-expr","locations":[{"start":{"line":430,"column":16},"end":{"line":430,"column":22}},{"start":{"line":430,"column":26},"end":{"line":430,"column":46}}]},"29":{"loc":{"start":{"line":440,"column":56},"end":{"line":440,"column":75}},"type":"default-arg","locations":[{"start":{"line":440,"column":72},"end":{"line":440,"column":75}}]},"30":{"loc":{"start":{"line":442,"column":27},"end":{"line":442,"column":57}},"type":"binary-expr","locations":[{"start":{"line":442,"column":27},"end":{"line":442,"column":33}},{"start":{"line":442,"column":37},"end":{"line":442,"column":57}}]},"31":{"loc":{"start":{"line":452,"column":15},"end":{"line":452,"column":39}},"type":"binary-expr","locations":[{"start":{"line":452,"column":15},"end":{"line":452,"column":29}},{"start":{"line":452,"column":33},"end":{"line":452,"column":39}}]},"32":{"loc":{"start":{"line":454,"column":16},"end":{"line":454,"column":46}},"type":"binary-expr","locations":[{"start":{"line":454,"column":16},"end":{"line":454,"column":22}},{"start":{"line":454,"column":26},"end":{"line":454,"column":46}}]},"33":{"loc":{"start":{"line":470,"column":15},"end":{"line":470,"column":39}},"type":"binary-expr","locations":[{"start":{"line":470,"column":15},"end":{"line":470,"column":29}},{"start":{"line":470,"column":33},"end":{"line":470,"column":39}}]}},"s":{"0":2,"1":2,"2":2,"3":0,"4":0,"5":0,"6":0,"7":0,"8":0,"9":0,"10":0,"11":0,"12":0,"13":0,"14":0,"15":0,"16":0,"17":0,"18":0,"19":0,"20":0,"21":0,"22":0,"23":0,"24":0,"25":0,"26":0,"27":0,"28":0,"29":0,"30":0,"31":0,"32":0,"33":0,"34":0,"35":0,"36":0,"37":0,"38":0,"39":0,"40":0,"41":0,"42":0,"43":0,"44":0,"45":0,"46":0,"47":0,"48":0,"49":0,"50":0,"51":0,"52":0,"53":0,"54":0,"55":0,"56":0,"57":0,"58":0,"59":0,"60":0,"61":0,"62":0,"63":0,"64":0,"65":0,"66":0,"67":0,"68":0,"69":0,"70":0,"71":0,"72":0,"73":0,"74":0,"75":0,"76":0,"77":0,"78":0,"79":0,"80":0,"81":0,"82":0,"83":0,"84":0,"85":0,"86":0,"87":0,"88":0,"89":0,"90":0,"91":2},"f":{"0":0,"1":0,"2":0,"3":0,"4":0,"5":0,"6":0,"7":0,"8":0,"9":0,"10":0,"11":0,"12":0,"13":0,"14":0,"15":0,"16":0,"17":0},"b":{"0":[0,0],"1":[0],"2":[0,0,0,0],"3":[0,0],"4":[0,0],"5":[0],"6":[0],"7":[0,0],"8":[0,0],"9":[0,0],"10":[0,0],"11":[0],"12":[0,0],"13":[0,0],"14":[0,0],"15":[0,0],"16":[0,0],"17":[0,0],"18":[0,0],"19":[0,0],"20":[0,0],"21":[0,0],"22":[0,0],"23":[0,0],"24":[0,0],"25":[0,0],"26":[0,0],"27":[0,0],"28":[0,0],"29":[0],"30":[0,0],"31":[0,0],"32":[0,0],"33":[0,0]}}
,"/Users/sunguochao/Documents/Development/cursor/DataScope-Node/webService/src/types/index.ts": {"path":"/Users/sunguochao/Documents/Development/cursor/DataScope-Node/webService/src/types/index.ts","statementMap":{"0":{"start":{"line":1,"column":0},"end":{"line":1,"column":29}},"1":{"start":{"line":2,"column":0},"end":{"line":2,"column":27}},"2":{"start":{"line":3,"column":0},"end":{"line":3,"column":24}}},"fnMap":{},"branchMap":{},"s":{"0":0,"1":0,"2":0},"f":{},"b":{}}
,"/Users/sunguochao/Documents/Development/cursor/DataScope-Node/webService/src/utils/crypto.ts": {"path":"/Users/sunguochao/Documents/Development/cursor/DataScope-Node/webService/src/utils/crypto.ts","statementMap":{"0":{"start":{"line":14,"column":0},"end":{"line":14,"column":16}},"1":{"start":{"line":24,"column":0},"end":{"line":24,"column":16}},"2":{"start":{"line":55,"column":0},"end":{"line":55,"column":16}},"3":{"start":{"line":86,"column":0},"end":{"line":86,"column":16}},"4":{"start":{"line":111,"column":0},"end":{"line":111,"column":16}},"5":{"start":{"line":5,"column":0},"end":{"line":5,"column":33}},"6":{"start":{"line":6,"column":0},"end":{"line":6,"column":35}},"7":{"start":{"line":9,"column":23},"end":{"line":9,"column":96}},"8":{"start":{"line":15,"column":2},"end":{"line":15,"column":52}},"9":{"start":{"line":25,"column":18},"end":{"line":25,"column":40}},"10":{"start":{"line":28,"column":14},"end":{"line":28,"column":60}},"11":{"start":{"line":31,"column":13},"end":{"line":31,"column":35}},"12":{"start":{"line":34,"column":17},"end":{"line":34,"column":62}},"13":{"start":{"line":37,"column":18},"end":{"line":37,"column":52}},"14":{"start":{"line":38,"column":2},"end":{"line":38,"column":35}},"15":{"start":{"line":41,"column":17},"end":{"line":41,"column":47}},"16":{"start":{"line":43,"column":2},"end":{"line":46,"column":4}},"17":{"start":{"line":56,"column":2},"end":{"line":77,"column":3}},"18":{"start":{"line":58,"column":16},"end":{"line":58,"column":59}},"19":{"start":{"line":61,"column":15},"end":{"line":61,"column":61}},"20":{"start":{"line":64,"column":26},"end":{"line":64,"column":49}},"21":{"start":{"line":67,"column":21},"end":{"line":67,"column":68}},"22":{"start":{"line":70,"column":20},"end":{"line":70,"column":65}},"23":{"start":{"line":71,"column":4},"end":{"line":71,"column":40}},"24":{"start":{"line":73,"column":4},"end":{"line":73,"column":21}},"25":{"start":{"line":75,"column":4},"end":{"line":75,"column":32}},"26":{"start":{"line":76,"column":4},"end":{"line":76,"column":28}},"27":{"start":{"line":87,"column":18},"end":{"line":87,"column":40}},"28":{"start":{"line":90,"column":25},"end":{"line":96,"column":19}},"29":{"start":{"line":98,"column":2},"end":{"line":101,"column":4}},"30":{"start":{"line":112,"column":25},"end":{"line":118,"column":19}},"31":{"start":{"line":120,"column":2},"end":{"line":120,"column":33}},"32":{"start":{"line":129,"column":13},"end":{"line":129,"column":44}},"33":{"start":{"line":138,"column":13},"end":{"line":138,"column":46}}},"fnMap":{"0":{"name":"generateSalt","decl":{"start":{"line":14,"column":16},"end":{"line":14,"column":28}},"loc":{"start":{"line":14,"column":48},"end":{"line":16,"column":1}}},"1":{"name":"encrypt","decl":{"start":{"line":24,"column":16},"end":{"line":24,"column":23}},"loc":{"start":{"line":24,"column":51},"end":{"line":47,"column":1}}},"2":{"name":"decrypt","decl":{"start":{"line":55,"column":16},"end":{"line":55,"column":23}},"loc":{"start":{"line":55,"column":59},"end":{"line":78,"column":1}}},"3":{"name":"hashPassword","decl":{"start":{"line":86,"column":16},"end":{"line":86,"column":28}},"loc":{"start":{"line":86,"column":60},"end":{"line":102,"column":1}}},"4":{"name":"verifyPassword","decl":{"start":{"line":111,"column":16},"end":{"line":111,"column":30}},"loc":{"start":{"line":111,"column":75},"end":{"line":121,"column":1}}}},"branchMap":{"0":{"loc":{"start":{"line":9,"column":23},"end":{"line":9,"column":96}},"type":"binary-expr","locations":[{"start":{"line":9,"column":23},"end":{"line":9,"column":52}},{"start":{"line":9,"column":56},"end":{"line":9,"column":96}}]},"1":{"loc":{"start":{"line":14,"column":29},"end":{"line":14,"column":48}},"type":"default-arg","locations":[{"start":{"line":14,"column":46},"end":{"line":14,"column":48}}]},"2":{"loc":{"start":{"line":25,"column":18},"end":{"line":25,"column":40}},"type":"binary-expr","locations":[{"start":{"line":25,"column":18},"end":{"line":25,"column":22}},{"start":{"line":25,"column":26},"end":{"line":25,"column":40}}]},"3":{"loc":{"start":{"line":87,"column":18},"end":{"line":87,"column":40}},"type":"binary-expr","locations":[{"start":{"line":87,"column":18},"end":{"line":87,"column":22}},{"start":{"line":87,"column":26},"end":{"line":87,"column":40}}]}},"s":{"0":2,"1":2,"2":2,"3":2,"4":2,"5":2,"6":2,"7":2,"8":6,"9":2,"10":2,"11":2,"12":2,"13":2,"14":2,"15":2,"16":2,"17":2,"18":2,"19":2,"20":2,"21":2,"22":2,"23":2,"24":2,"25":0,"26":0,"27":2,"28":2,"29":2,"30":2,"31":2,"32":2,"33":2},"f":{"0":6,"1":2,"2":2,"3":2,"4":2},"b":{"0":[2,0],"1":[5],"2":[2,2],"3":[2,2]}}
,"/Users/sunguochao/Documents/Development/cursor/DataScope-Node/webService/src/utils/error.ts": {"path":"/Users/sunguochao/Documents/Development/cursor/DataScope-Node/webService/src/utils/error.ts","statementMap":{"0":{"start":{"line":5,"column":13},"end":{"line":18,"column":2}},"1":{"start":{"line":28,"column":4},"end":{"line":28,"column":19}},"2":{"start":{"line":29,"column":4},"end":{"line":29,"column":38}},"3":{"start":{"line":30,"column":4},"end":{"line":30,"column":33}},"4":{"start":{"line":31,"column":4},"end":{"line":31,"column":31}},"5":{"start":{"line":34,"column":4},"end":{"line":34,"column":52}},"6":{"start":{"line":23,"column":0},"end":{"line":23,"column":13}},"7":{"start":{"line":45,"column":4},"end":{"line":45,"column":59}},"8":{"start":{"line":46,"column":4},"end":{"line":46,"column":27}},"9":{"start":{"line":41,"column":0},"end":{"line":41,"column":13}},"10":{"start":{"line":57,"column":4},"end":{"line":57,"column":51}},"11":{"start":{"line":58,"column":4},"end":{"line":58,"column":27}},"12":{"start":{"line":53,"column":0},"end":{"line":53,"column":13}},"13":{"start":{"line":69,"column":4},"end":{"line":69,"column":65}},"14":{"start":{"line":70,"column":4},"end":{"line":70,"column":37}},"15":{"start":{"line":65,"column":0},"end":{"line":65,"column":13}},"16":{"start":{"line":82,"column":4},"end":{"line":82,"column":58}},"17":{"start":{"line":83,"column":4},"end":{"line":83,"column":37}},"18":{"start":{"line":84,"column":4},"end":{"line":84,"column":19}},"19":{"start":{"line":77,"column":0},"end":{"line":77,"column":13}},"20":{"start":{"line":98,"column":4},"end":{"line":98,"column":56}},"21":{"start":{"line":99,"column":4},"end":{"line":99,"column":25}},"22":{"start":{"line":91,"column":0},"end":{"line":91,"column":13}}},"fnMap":{"0":{"name":"(anonymous_0)","decl":{"start":{"line":27,"column":2},"end":{"line":27,"column":14}},"loc":{"start":{"line":27,"column":109},"end":{"line":35,"column":3}}},"1":{"name":"(anonymous_1)","decl":{"start":{"line":44,"column":2},"end":{"line":44,"column":14}},"loc":{"start":{"line":44,"column":76},"end":{"line":47,"column":3}}},"2":{"name":"(anonymous_2)","decl":{"start":{"line":56,"column":2},"end":{"line":56,"column":14}},"loc":{"start":{"line":56,"column":50},"end":{"line":59,"column":3}}},"3":{"name":"(anonymous_3)","decl":{"start":{"line":68,"column":2},"end":{"line":68,"column":14}},"loc":{"start":{"line":68,"column":51},"end":{"line":71,"column":3}}},"4":{"name":"(anonymous_4)","decl":{"start":{"line":81,"column":2},"end":{"line":81,"column":14}},"loc":{"start":{"line":81,"column":64},"end":{"line":85,"column":3}}},"5":{"name":"(anonymous_5)","decl":{"start":{"line":97,"column":2},"end":{"line":97,"column":14}},"loc":{"start":{"line":97,"column":63},"end":{"line":100,"column":3}}}},"branchMap":{"0":{"loc":{"start":{"line":27,"column":31},"end":{"line":27,"column":55}},"type":"default-arg","locations":[{"start":{"line":27,"column":52},"end":{"line":27,"column":55}}]},"1":{"loc":{"start":{"line":27,"column":57},"end":{"line":27,"column":109}},"type":"default-arg","locations":[{"start":{"line":27,"column":77},"end":{"line":27,"column":109}}]},"2":{"loc":{"start":{"line":44,"column":31},"end":{"line":44,"column":55}},"type":"default-arg","locations":[{"start":{"line":44,"column":52},"end":{"line":44,"column":55}}]},"3":{"loc":{"start":{"line":44,"column":57},"end":{"line":44,"column":76}},"type":"default-arg","locations":[{"start":{"line":44,"column":72},"end":{"line":44,"column":76}}]},"4":{"loc":{"start":{"line":56,"column":31},"end":{"line":56,"column":50}},"type":"default-arg","locations":[{"start":{"line":56,"column":46},"end":{"line":56,"column":50}}]}},"s":{"0":2,"1":1,"2":1,"3":1,"4":1,"5":1,"6":2,"7":1,"8":1,"9":2,"10":0,"11":0,"12":2,"13":0,"14":0,"15":2,"16":0,"17":0,"18":0,"19":2,"20":0,"21":0,"22":2},"f":{"0":1,"1":1,"2":0,"3":0,"4":0,"5":0},"b":{"0":[0],"1":[0],"2":[0],"3":[1],"4":[0]}}
,"/Users/sunguochao/Documents/Development/cursor/DataScope-Node/webService/src/utils/health-monitor.ts": {"path":"/Users/sunguochao/Documents/Development/cursor/DataScope-Node/webService/src/utils/health-monitor.ts","statementMap":{"0":{"start":{"line":1,"column":0},"end":{"line":1,"column":20}},"1":{"start":{"line":2,"column":0},"end":{"line":2,"column":30}},"2":{"start":{"line":9,"column":10},"end":{"line":9,"column":49}},"3":{"start":{"line":17,"column":4},"end":{"line":17,"column":60}},"4":{"start":{"line":24,"column":4},"end":{"line":26,"column":5}},"5":{"start":{"line":25,"column":6},"end":{"line":25,"column":18}},"6":{"start":{"line":29,"column":4},"end":{"line":29,"column":32}},"7":{"start":{"line":32,"column":4},"end":{"line":34,"column":29}},"8":{"start":{"line":33,"column":6},"end":{"line":33,"column":34}},"9":{"start":{"line":36,"column":4},"end":{"line":36,"column":68}},"10":{"start":{"line":43,"column":4},"end":{"line":47,"column":5}},"11":{"start":{"line":44,"column":6},"end":{"line":44,"column":35}},"12":{"start":{"line":45,"column":6},"end":{"line":45,"column":27}},"13":{"start":{"line":46,"column":6},"end":{"line":46,"column":29}},"14":{"start":{"line":55,"column":4},"end":{"line":76,"column":5}},"15":{"start":{"line":56,"column":22},"end":{"line":71,"column":8}},"16":{"start":{"line":73,"column":6},"end":{"line":73,"column":56}},"17":{"start":{"line":75,"column":6},"end":{"line":75,"column":40}},"18":{"start":{"line":85,"column":4},"end":{"line":85,"column":61}},"19":{"start":{"line":93,"column":21},"end":{"line":93,"column":34}},"20":{"start":{"line":94,"column":20},"end":{"line":94,"column":32}},"21":{"start":{"line":95,"column":20},"end":{"line":95,"column":38}},"22":{"start":{"line":96,"column":23},"end":{"line":96,"column":49}},"23":{"start":{"line":97,"column":4},"end":{"line":97,"column":39}},"24":{"start":{"line":106,"column":17},"end":{"line":106,"column":50}},"25":{"start":{"line":107,"column":18},"end":{"line":107,"column":60}},"26":{"start":{"line":108,"column":20},"end":{"line":108,"column":53}},"27":{"start":{"line":110,"column":17},"end":{"line":110,"column":19}},"28":{"start":{"line":111,"column":4},"end":{"line":111,"column":40}},"29":{"start":{"line":111,"column":18},"end":{"line":111,"column":40}},"30":{"start":{"line":112,"column":4},"end":{"line":112,"column":55}},"31":{"start":{"line":112,"column":31},"end":{"line":112,"column":55}},"32":{"start":{"line":113,"column":4},"end":{"line":113,"column":29}},"33":{"start":{"line":115,"column":4},"end":{"line":115,"column":18}},"34":{"start":{"line":124,"column":4},"end":{"line":129,"column":6}},"35":{"start":{"line":8,"column":0},"end":{"line":8,"column":13}},"36":{"start":{"line":134,"column":13},"end":{"line":134,"column":49}},"37":{"start":{"line":136,"column":0},"end":{"line":136,"column":29}}},"fnMap":{"0":{"name":"(anonymous_1)","decl":{"start":{"line":16,"column":2},"end":{"line":16,"column":14}},"loc":{"start":{"line":16,"column":47},"end":{"line":18,"column":3}}},"1":{"name":"(anonymous_2)","decl":{"start":{"line":23,"column":2},"end":{"line":23,"column":7}},"loc":{"start":{"line":23,"column":7},"end":{"line":37,"column":3}}},"2":{"name":"(anonymous_3)","decl":{"start":{"line":32,"column":32},"end":{"line":32,"column":35}},"loc":{"start":{"line":32,"column":37},"end":{"line":34,"column":5}}},"3":{"name":"(anonymous_4)","decl":{"start":{"line":42,"column":2},"end":{"line":42,"column":6}},"loc":{"start":{"line":42,"column":6},"end":{"line":48,"column":3}}},"4":{"name":"(anonymous_5)","decl":{"start":{"line":54,"column":10},"end":{"line":54,"column":30}},"loc":{"start":{"line":54,"column":30},"end":{"line":77,"column":3}}},"5":{"name":"(anonymous_6)","decl":{"start":{"line":84,"column":10},"end":{"line":84,"column":19}},"loc":{"start":{"line":84,"column":33},"end":{"line":86,"column":3}}},"6":{"name":"(anonymous_7)","decl":{"start":{"line":92,"column":10},"end":{"line":92,"column":34}},"loc":{"start":{"line":92,"column":34},"end":{"line":98,"column":3}}},"7":{"name":"(anonymous_8)","decl":{"start":{"line":105,"column":10},"end":{"line":105,"column":22}},"loc":{"start":{"line":105,"column":38},"end":{"line":116,"column":3}}},"8":{"name":"(anonymous_9)","decl":{"start":{"line":123,"column":10},"end":{"line":123,"column":29}},"loc":{"start":{"line":123,"column":61},"end":{"line":130,"column":3}}}},"branchMap":{"0":{"loc":{"start":{"line":16,"column":14},"end":{"line":16,"column":47}},"type":"default-arg","locations":[{"start":{"line":16,"column":45},"end":{"line":16,"column":47}}]},"1":{"loc":{"start":{"line":24,"column":4},"end":{"line":26,"column":5}},"type":"if","locations":[{"start":{"line":24,"column":4},"end":{"line":26,"column":5}}]},"2":{"loc":{"start":{"line":43,"column":4},"end":{"line":47,"column":5}},"type":"if","locations":[{"start":{"line":43,"column":4},"end":{"line":47,"column":5}}]},"3":{"loc":{"start":{"line":111,"column":4},"end":{"line":111,"column":40}},"type":"if","locations":[{"start":{"line":111,"column":4},"end":{"line":111,"column":40}}]},"4":{"loc":{"start":{"line":112,"column":4},"end":{"line":112,"column":55}},"type":"if","locations":[{"start":{"line":112,"column":4},"end":{"line":112,"column":55}}]},"5":{"loc":{"start":{"line":112,"column":8},"end":{"line":112,"column":29}},"type":"binary-expr","locations":[{"start":{"line":112,"column":8},"end":{"line":112,"column":17}},{"start":{"line":112,"column":21},"end":{"line":112,"column":29}}]}},"s":{"0":1,"1":1,"2":1,"3":1,"4":0,"5":0,"6":0,"7":0,"8":0,"9":0,"10":0,"11":0,"12":0,"13":0,"14":0,"15":0,"16":0,"17":0,"18":0,"19":0,"20":0,"21":0,"22":0,"23":0,"24":0,"25":0,"26":0,"27":0,"28":0,"29":0,"30":0,"31":0,"32":0,"33":0,"34":0,"35":1,"36":1,"37":1},"f":{"0":1,"1":0,"2":0,"3":0,"4":0,"5":0,"6":0,"7":0,"8":0},"b":{"0":[1],"1":[0],"2":[0],"3":[0],"4":[0],"5":[0,0]}}
,"/Users/sunguochao/Documents/Development/cursor/DataScope-Node/webService/src/utils/logger.ts": {"path":"/Users/sunguochao/Documents/Development/cursor/DataScope-Node/webService/src/utils/logger.ts","statementMap":{"0":{"start":{"line":1,"column":0},"end":{"line":1,"column":59}},"1":{"start":{"line":2,"column":0},"end":{"line":2,"column":24}},"2":{"start":{"line":3,"column":0},"end":{"line":3,"column":20}},"3":{"start":{"line":4,"column":0},"end":{"line":4,"column":35}},"4":{"start":{"line":7,"column":15},"end":{"line":7,"column":33}},"5":{"start":{"line":8,"column":0},"end":{"line":10,"column":1}},"6":{"start":{"line":9,"column":2},"end":{"line":9,"column":44}},"7":{"start":{"line":13,"column":18},"end":{"line":17,"column":null}},"8":{"start":{"line":21,"column":22},"end":{"line":29,"column":null}},"9":{"start":{"line":25,"column":20},"end":{"line":27,"column":10}},"10":{"start":{"line":28,"column":4},"end":{"line":28,"column":57}},"11":{"start":{"line":33,"column":15},"end":{"line":52,"column":2}},"12":{"start":{"line":55,"column":0},"end":{"line":61,"column":1}},"13":{"start":{"line":56,"column":2},"end":{"line":60,"column":4}},"14":{"start":{"line":63,"column":0},"end":{"line":63,"column":22}}},"fnMap":{"0":{"name":"(anonymous_1)","decl":{"start":{"line":24,"column":16},"end":{"line":24,"column":17}},"loc":{"start":{"line":24,"column":59},"end":{"line":29,"column":3}}}},"branchMap":{"0":{"loc":{"start":{"line":8,"column":0},"end":{"line":10,"column":1}},"type":"if","locations":[{"start":{"line":8,"column":0},"end":{"line":10,"column":1}}]},"1":{"loc":{"start":{"line":25,"column":20},"end":{"line":27,"column":10}},"type":"cond-expr","locations":[{"start":{"line":26,"column":8},"end":{"line":26,"column":44}},{"start":{"line":27,"column":8},"end":{"line":27,"column":10}}]},"2":{"loc":{"start":{"line":55,"column":0},"end":{"line":61,"column":1}},"type":"if","locations":[{"start":{"line":55,"column":0},"end":{"line":61,"column":1}}]}},"s":{"0":2,"1":2,"2":2,"3":2,"4":2,"5":2,"6":0,"7":2,"8":2,"9":3,"10":3,"11":2,"12":2,"13":2,"14":2},"f":{"0":3},"b":{"0":[0],"1":[3,0],"2":[2]}}
}
