{"/Users/sunguochao/Documents/Development/cursor/DataScope-Node/webService/src/app.ts": {"path":"/Users/sunguochao/Documents/Development/cursor/DataScope-Node/webService/src/app.ts","statementMap":{"0":{"start":{"line":1,"column":0},"end":{"line":1,"column":76}},"1":{"start":{"line":2,"column":0},"end":{"line":2,"column":24}},"2":{"start":{"line":3,"column":0},"end":{"line":3,"column":28}},"3":{"start":{"line":4,"column":0},"end":{"line":4,"column":30}},"4":{"start":{"line":5,"column":0},"end":{"line":5,"column":34}},"5":{"start":{"line":6,"column":0},"end":{"line":6,"column":72}},"6":{"start":{"line":7,"column":0},"end":{"line":7,"column":70}},"7":{"start":{"line":8,"column":0},"end":{"line":8,"column":40}},"8":{"start":{"line":9,"column":0},"end":{"line":9,"column":44}},"9":{"start":{"line":10,"column":0},"end":{"line":10,"column":36}},"10":{"start":{"line":11,"column":0},"end":{"line":11,"column":20}},"11":{"start":{"line":12,"column":0},"end":{"line":12,"column":55}},"12":{"start":{"line":13,"column":0},"end":{"line":13,"column":42}},"13":{"start":{"line":16,"column":21},"end":{"line":16,"column":30}},"14":{"start":{"line":19,"column":0},"end":{"line":19,"column":18}},"15":{"start":{"line":22,"column":0},"end":{"line":22,"column":16}},"16":{"start":{"line":25,"column":0},"end":{"line":25,"column":24}},"17":{"start":{"line":28,"column":0},"end":{"line":28,"column":48}},"18":{"start":{"line":31,"column":0},"end":{"line":31,"column":23}},"19":{"start":{"line":34,"column":18},"end":{"line":34,"column":52}},"20":{"start":{"line":35,"column":0},"end":{"line":35,"column":42}},"21":{"start":{"line":36,"column":0},"end":{"line":36,"column":27}},"22":{"start":{"line":39,"column":0},"end":{"line":39,"column":18}},"23":{"start":{"line":42,"column":0},"end":{"line":50,"column":3}},"24":{"start":{"line":43,"column":2},"end":{"line":49,"column":5}},"25":{"start":{"line":53,"column":0},"end":{"line":55,"column":3}},"26":{"start":{"line":54,"column":2},"end":{"line":54,"column":29}},"27":{"start":{"line":58,"column":0},"end":{"line":87,"column":1}},"28":{"start":{"line":59,"column":2},"end":{"line":86,"column":5}},"29":{"start":{"line":61,"column":23},"end":{"line":83,"column":6}},"30":{"start":{"line":85,"column":4},"end":{"line":85,"column":25}},"31":{"start":{"line":90,"column":0},"end":{"line":92,"column":3}},"32":{"start":{"line":91,"column":2},"end":{"line":91,"column":58}},"33":{"start":{"line":95,"column":0},"end":{"line":95,"column":22}},"34":{"start":{"line":98,"column":0},"end":{"line":117,"column":1}},"35":{"start":{"line":99,"column":15},"end":{"line":99,"column":34}},"36":{"start":{"line":100,"column":2},"end":{"line":116,"column":5}},"37":{"start":{"line":101,"column":4},"end":{"line":101,"column":39}},"38":{"start":{"line":102,"column":4},"end":{"line":102,"column":62}},"39":{"start":{"line":105,"column":28},"end":{"line":105,"column":74}},"40":{"start":{"line":106,"column":4},"end":{"line":106,"column":26}},"41":{"start":{"line":107,"column":4},"end":{"line":107,"column":56}},"42":{"start":{"line":110,"column":4},"end":{"line":110,"column":27}},"43":{"start":{"line":111,"column":4},"end":{"line":115,"column":7}},"44":{"start":{"line":112,"column":6},"end":{"line":114,"column":7}},"45":{"start":{"line":113,"column":8},"end":{"line":113,"column":81}},"46":{"start":{"line":120,"column":0},"end":{"line":124,"column":3}},"47":{"start":{"line":121,"column":2},"end":{"line":121,"column":27}},"48":{"start":{"line":122,"column":2},"end":{"line":122,"column":23}},"49":{"start":{"line":123,"column":2},"end":{"line":123,"column":18}},"50":{"start":{"line":126,"column":0},"end":{"line":130,"column":3}},"51":{"start":{"line":127,"column":2},"end":{"line":127,"column":27}},"52":{"start":{"line":128,"column":2},"end":{"line":128,"column":23}},"53":{"start":{"line":129,"column":2},"end":{"line":129,"column":18}},"54":{"start":{"line":132,"column":0},"end":{"line":132,"column":19}}},"fnMap":{"0":{"name":"(anonymous_1)","decl":{"start":{"line":42,"column":19},"end":{"line":42,"column":20}},"loc":{"start":{"line":42,"column":32},"end":{"line":50,"column":1}}},"1":{"name":"(anonymous_2)","decl":{"start":{"line":53,"column":19},"end":{"line":53,"column":20}},"loc":{"start":{"line":53,"column":32},"end":{"line":55,"column":1}}},"2":{"name":"(anonymous_3)","decl":{"start":{"line":59,"column":26},"end":{"line":59,"column":27}},"loc":{"start":{"line":59,"column":39},"end":{"line":86,"column":3}}},"3":{"name":"(anonymous_4)","decl":{"start":{"line":90,"column":8},"end":{"line":90,"column":9}},"loc":{"start":{"line":90,"column":60},"end":{"line":92,"column":1}}},"4":{"name":"(anonymous_5)","decl":{"start":{"line":100,"column":19},"end":{"line":100,"column":22}},"loc":{"start":{"line":100,"column":24},"end":{"line":116,"column":3}}},"5":{"name":"(anonymous_6)","decl":{"start":{"line":111,"column":30},"end":{"line":111,"column":31}},"loc":{"start":{"line":111,"column":41},"end":{"line":115,"column":5}}},"6":{"name":"(anonymous_7)","decl":{"start":{"line":120,"column":21},"end":{"line":120,"column":24}},"loc":{"start":{"line":120,"column":26},"end":{"line":124,"column":1}}},"7":{"name":"(anonymous_8)","decl":{"start":{"line":126,"column":22},"end":{"line":126,"column":25}},"loc":{"start":{"line":126,"column":27},"end":{"line":130,"column":1}}}},"branchMap":{"0":{"loc":{"start":{"line":34,"column":18},"end":{"line":34,"column":52}},"type":"binary-expr","locations":[{"start":{"line":34,"column":18},"end":{"line":34,"column":42}},{"start":{"line":34,"column":46},"end":{"line":34,"column":52}}]},"1":{"loc":{"start":{"line":47,"column":13},"end":{"line":47,"column":55}},"type":"binary-expr","locations":[{"start":{"line":47,"column":13},"end":{"line":47,"column":44}},{"start":{"line":47,"column":48},"end":{"line":47,"column":55}}]},"2":{"loc":{"start":{"line":48,"column":9},"end":{"line":48,"column":46}},"type":"binary-expr","locations":[{"start":{"line":48,"column":9},"end":{"line":48,"column":29}},{"start":{"line":48,"column":33},"end":{"line":48,"column":46}}]},"3":{"loc":{"start":{"line":58,"column":0},"end":{"line":87,"column":1}},"type":"if","locations":[{"start":{"line":58,"column":0},"end":{"line":87,"column":1}}]},"4":{"loc":{"start":{"line":98,"column":0},"end":{"line":117,"column":1}},"type":"if","locations":[{"start":{"line":98,"column":0},"end":{"line":117,"column":1}}]},"5":{"loc":{"start":{"line":105,"column":28},"end":{"line":105,"column":74}},"type":"cond-expr","locations":[{"start":{"line":105,"column":68},"end":{"line":105,"column":70}},{"start":{"line":105,"column":73},"end":{"line":105,"column":74}}]},"6":{"loc":{"start":{"line":112,"column":6},"end":{"line":114,"column":7}},"type":"if","locations":[{"start":{"line":112,"column":6},"end":{"line":114,"column":7}}]},"7":{"loc":{"start":{"line":112,"column":10},"end":{"line":112,"column":33}},"type":"binary-expr","locations":[{"start":{"line":112,"column":10},"end":{"line":112,"column":17}},{"start":{"line":112,"column":21},"end":{"line":112,"column":33}}]}},"s":{"0":2,"1":2,"2":2,"3":2,"4":2,"5":2,"6":2,"7":2,"8":2,"9":2,"10":2,"11":2,"12":2,"13":2,"14":2,"15":2,"16":2,"17":2,"18":2,"19":2,"20":2,"21":2,"22":2,"23":2,"24":1,"25":2,"26":1,"27":2,"28":0,"29":0,"30":0,"31":2,"32":1,"33":2,"34":2,"35":0,"36":0,"37":0,"38":0,"39":0,"40":0,"41":0,"42":0,"43":0,"44":0,"45":0,"46":2,"47":0,"48":0,"49":0,"50":2,"51":0,"52":0,"53":0,"54":2},"f":{"0":1,"1":1,"2":0,"3":1,"4":0,"5":0,"6":0,"7":0},"b":{"0":[2,0],"1":[1,0],"2":[1,0],"3":[0],"4":[0],"5":[0,0],"6":[0],"7":[0,0]}}
,"/Users/sunguochao/Documents/Development/cursor/DataScope-Node/webService/src/api/controllers/datasource.controller.ts": {"path":"/Users/sunguochao/Documents/Development/cursor/DataScope-Node/webService/src/api/controllers/datasource.controller.ts","statementMap":{"0":{"start":{"line":2,"column":0},"end":{"line":2,"column":66}},"1":{"start":{"line":3,"column":0},"end":{"line":3,"column":66}},"2":{"start":{"line":4,"column":0},"end":{"line":4,"column":45}},"3":{"start":{"line":12,"column":4},"end":{"line":20,"column":5}},"4":{"start":{"line":13,"column":26},"end":{"line":13,"column":69}},"5":{"start":{"line":14,"column":6},"end":{"line":17,"column":9}},"6":{"start":{"line":19,"column":6},"end":{"line":19,"column":18}},"7":{"start":{"line":27,"column":4},"end":{"line":36,"column":5}},"8":{"start":{"line":28,"column":21},"end":{"line":28,"column":31}},"9":{"start":{"line":29,"column":25},"end":{"line":29,"column":70}},"10":{"start":{"line":30,"column":6},"end":{"line":33,"column":9}},"11":{"start":{"line":35,"column":6},"end":{"line":35,"column":18}},"12":{"start":{"line":43,"column":4},"end":{"line":70,"column":5}},"13":{"start":{"line":44,"column":21},"end":{"line":44,"column":42}},"14":{"start":{"line":45,"column":6},"end":{"line":47,"column":7}},"15":{"start":{"line":46,"column":8},"end":{"line":46,"column":68}},"16":{"start":{"line":49,"column":29},"end":{"line":60,"column":8}},"17":{"start":{"line":62,"column":28},"end":{"line":62,"column":84}},"18":{"start":{"line":64,"column":6},"end":{"line":67,"column":9}},"19":{"start":{"line":69,"column":6},"end":{"line":69,"column":18}},"20":{"start":{"line":77,"column":4},"end":{"line":104,"column":5}},"21":{"start":{"line":78,"column":21},"end":{"line":78,"column":42}},"22":{"start":{"line":79,"column":6},"end":{"line":81,"column":7}},"23":{"start":{"line":80,"column":8},"end":{"line":80,"column":68}},"24":{"start":{"line":83,"column":21},"end":{"line":83,"column":31}},"25":{"start":{"line":85,"column":30},"end":{"line":85,"column":32}},"26":{"start":{"line":86,"column":6},"end":{"line":86,"column":71}},"27":{"start":{"line":86,"column":39},"end":{"line":86,"column":71}},"28":{"start":{"line":87,"column":6},"end":{"line":87,"column":71}},"29":{"start":{"line":87,"column":39},"end":{"line":87,"column":71}},"30":{"start":{"line":88,"column":6},"end":{"line":88,"column":85}},"31":{"start":{"line":88,"column":39},"end":{"line":88,"column":85}},"32":{"start":{"line":89,"column":6},"end":{"line":89,"column":83}},"33":{"start":{"line":89,"column":43},"end":{"line":89,"column":83}},"34":{"start":{"line":90,"column":6},"end":{"line":90,"column":83}},"35":{"start":{"line":90,"column":43},"end":{"line":90,"column":83}},"36":{"start":{"line":91,"column":6},"end":{"line":91,"column":83}},"37":{"start":{"line":91,"column":43},"end":{"line":91,"column":83}},"38":{"start":{"line":92,"column":6},"end":{"line":92,"column":92}},"39":{"start":{"line":92,"column":46},"end":{"line":92,"column":92}},"40":{"start":{"line":93,"column":6},"end":{"line":93,"column":77}},"41":{"start":{"line":93,"column":41},"end":{"line":93,"column":77}},"42":{"start":{"line":94,"column":6},"end":{"line":94,"column":71}},"43":{"start":{"line":94,"column":39},"end":{"line":94,"column":71}},"44":{"start":{"line":96,"column":32},"end":{"line":96,"column":88}},"45":{"start":{"line":98,"column":6},"end":{"line":101,"column":9}},"46":{"start":{"line":103,"column":6},"end":{"line":103,"column":18}},"47":{"start":{"line":111,"column":4},"end":{"line":121,"column":5}},"48":{"start":{"line":112,"column":21},"end":{"line":112,"column":31}},"49":{"start":{"line":113,"column":6},"end":{"line":113,"column":51}},"50":{"start":{"line":115,"column":6},"end":{"line":118,"column":9}},"51":{"start":{"line":120,"column":6},"end":{"line":120,"column":18}},"52":{"start":{"line":128,"column":4},"end":{"line":151,"column":5}},"53":{"start":{"line":129,"column":21},"end":{"line":129,"column":42}},"54":{"start":{"line":130,"column":6},"end":{"line":132,"column":7}},"55":{"start":{"line":131,"column":8},"end":{"line":131,"column":68}},"56":{"start":{"line":134,"column":29},"end":{"line":141,"column":8}},"57":{"start":{"line":143,"column":21},"end":{"line":143,"column":75}},"58":{"start":{"line":145,"column":6},"end":{"line":148,"column":9}},"59":{"start":{"line":150,"column":6},"end":{"line":150,"column":18}},"60":{"start":{"line":158,"column":4},"end":{"line":166,"column":6}},"61":{"start":{"line":173,"column":4},"end":{"line":176,"column":6}},"62":{"start":{"line":183,"column":4},"end":{"line":190,"column":6}},"63":{"start":{"line":7,"column":0},"end":{"line":7,"column":13}},"64":{"start":{"line":194,"column":0},"end":{"line":194,"column":42}}},"fnMap":{"0":{"name":"(anonymous_1)","decl":{"start":{"line":11,"column":2},"end":{"line":11,"column":7}},"loc":{"start":{"line":11,"column":73},"end":{"line":21,"column":3}}},"1":{"name":"(anonymous_2)","decl":{"start":{"line":26,"column":2},"end":{"line":26,"column":7}},"loc":{"start":{"line":26,"column":73},"end":{"line":37,"column":3}}},"2":{"name":"(anonymous_3)","decl":{"start":{"line":42,"column":2},"end":{"line":42,"column":7}},"loc":{"start":{"line":42,"column":72},"end":{"line":71,"column":3}}},"3":{"name":"(anonymous_4)","decl":{"start":{"line":76,"column":2},"end":{"line":76,"column":7}},"loc":{"start":{"line":76,"column":72},"end":{"line":105,"column":3}}},"4":{"name":"(anonymous_5)","decl":{"start":{"line":110,"column":2},"end":{"line":110,"column":7}},"loc":{"start":{"line":110,"column":72},"end":{"line":122,"column":3}}},"5":{"name":"(anonymous_6)","decl":{"start":{"line":127,"column":2},"end":{"line":127,"column":7}},"loc":{"start":{"line":127,"column":70},"end":{"line":152,"column":3}}},"6":{"name":"(anonymous_7)","decl":{"start":{"line":157,"column":2},"end":{"line":157,"column":26}},"loc":{"start":{"line":157,"column":26},"end":{"line":167,"column":3}}},"7":{"name":"(anonymous_8)","decl":{"start":{"line":172,"column":2},"end":{"line":172,"column":26}},"loc":{"start":{"line":172,"column":26},"end":{"line":177,"column":3}}},"8":{"name":"(anonymous_9)","decl":{"start":{"line":182,"column":2},"end":{"line":182,"column":24}},"loc":{"start":{"line":182,"column":24},"end":{"line":191,"column":3}}}},"branchMap":{"0":{"loc":{"start":{"line":45,"column":6},"end":{"line":47,"column":7}},"type":"if","locations":[{"start":{"line":45,"column":6},"end":{"line":47,"column":7}}]},"1":{"loc":{"start":{"line":58,"column":16},"end":{"line":58,"column":70}},"type":"cond-expr","locations":[{"start":{"line":58,"column":48},"end":{"line":58,"column":63}},{"start":{"line":58,"column":66},"end":{"line":58,"column":70}}]},"2":{"loc":{"start":{"line":79,"column":6},"end":{"line":81,"column":7}},"type":"if","locations":[{"start":{"line":79,"column":6},"end":{"line":81,"column":7}}]},"3":{"loc":{"start":{"line":86,"column":6},"end":{"line":86,"column":71}},"type":"if","locations":[{"start":{"line":86,"column":6},"end":{"line":86,"column":71}}]},"4":{"loc":{"start":{"line":87,"column":6},"end":{"line":87,"column":71}},"type":"if","locations":[{"start":{"line":87,"column":6},"end":{"line":87,"column":71}}]},"5":{"loc":{"start":{"line":88,"column":6},"end":{"line":88,"column":85}},"type":"if","locations":[{"start":{"line":88,"column":6},"end":{"line":88,"column":85}}]},"6":{"loc":{"start":{"line":89,"column":6},"end":{"line":89,"column":83}},"type":"if","locations":[{"start":{"line":89,"column":6},"end":{"line":89,"column":83}}]},"7":{"loc":{"start":{"line":90,"column":6},"end":{"line":90,"column":83}},"type":"if","locations":[{"start":{"line":90,"column":6},"end":{"line":90,"column":83}}]},"8":{"loc":{"start":{"line":91,"column":6},"end":{"line":91,"column":83}},"type":"if","locations":[{"start":{"line":91,"column":6},"end":{"line":91,"column":83}}]},"9":{"loc":{"start":{"line":92,"column":6},"end":{"line":92,"column":92}},"type":"if","locations":[{"start":{"line":92,"column":6},"end":{"line":92,"column":92}}]},"10":{"loc":{"start":{"line":93,"column":6},"end":{"line":93,"column":77}},"type":"if","locations":[{"start":{"line":93,"column":6},"end":{"line":93,"column":77}}]},"11":{"loc":{"start":{"line":94,"column":6},"end":{"line":94,"column":71}},"type":"if","locations":[{"start":{"line":94,"column":6},"end":{"line":94,"column":71}}]},"12":{"loc":{"start":{"line":130,"column":6},"end":{"line":132,"column":7}},"type":"if","locations":[{"start":{"line":130,"column":6},"end":{"line":132,"column":7}}]},"13":{"loc":{"start":{"line":147,"column":17},"end":{"line":147,"column":41}},"type":"cond-expr","locations":[{"start":{"line":147,"column":26},"end":{"line":147,"column":32}},{"start":{"line":147,"column":35},"end":{"line":147,"column":41}}]}},"s":{"0":3,"1":3,"2":3,"3":0,"4":0,"5":0,"6":0,"7":0,"8":0,"9":0,"10":0,"11":0,"12":0,"13":0,"14":0,"15":0,"16":0,"17":0,"18":0,"19":0,"20":0,"21":0,"22":0,"23":0,"24":0,"25":0,"26":0,"27":0,"28":0,"29":0,"30":0,"31":0,"32":0,"33":0,"34":0,"35":0,"36":0,"37":0,"38":0,"39":0,"40":0,"41":0,"42":0,"43":0,"44":0,"45":0,"46":0,"47":0,"48":0,"49":0,"50":0,"51":0,"52":0,"53":0,"54":0,"55":0,"56":0,"57":0,"58":0,"59":0,"60":0,"61":0,"62":0,"63":3,"64":3},"f":{"0":0,"1":0,"2":0,"3":0,"4":0,"5":0,"6":0,"7":0,"8":0},"b":{"0":[0],"1":[0,0],"2":[0],"3":[0],"4":[0],"5":[0],"6":[0],"7":[0],"8":[0],"9":[0],"10":[0],"11":[0],"12":[0],"13":[0,0]}}
,"/Users/sunguochao/Documents/Development/cursor/DataScope-Node/webService/src/api/controllers/metadata.controller.ts": {"path":"/Users/sunguochao/Documents/Development/cursor/DataScope-Node/webService/src/api/controllers/metadata.controller.ts","statementMap":{"0":{"start":{"line":2,"column":0},"end":{"line":2,"column":73}},"1":{"start":{"line":3,"column":0},"end":{"line":3,"column":62}},"2":{"start":{"line":4,"column":0},"end":{"line":4,"column":69}},"3":{"start":{"line":5,"column":0},"end":{"line":5,"column":45}},"4":{"start":{"line":6,"column":0},"end":{"line":6,"column":40}},"5":{"start":{"line":7,"column":0},"end":{"line":7,"column":70}},"6":{"start":{"line":10,"column":26},"end":{"line":10,"column":49}},"7":{"start":{"line":93,"column":9},"end":{"line":122,"column":4}},"8":{"start":{"line":98,"column":6},"end":{"line":120,"column":7}},"9":{"start":{"line":100,"column":23},"end":{"line":100,"column":44}},"10":{"start":{"line":101,"column":8},"end":{"line":103,"column":9}},"11":{"start":{"line":102,"column":10},"end":{"line":102,"column":70}},"12":{"start":{"line":105,"column":56},"end":{"line":105,"column":66}},"13":{"start":{"line":106,"column":22},"end":{"line":106,"column":64}},"14":{"start":{"line":109,"column":26},"end":{"line":109,"column":76}},"15":{"start":{"line":112,"column":21},"end":{"line":112,"column":83}},"16":{"start":{"line":114,"column":8},"end":{"line":117,"column":11}},"17":{"start":{"line":119,"column":8},"end":{"line":119,"column":20}},"18":{"start":{"line":26,"column":4},"end":{"line":47,"column":5}},"19":{"start":{"line":27,"column":21},"end":{"line":27,"column":42}},"20":{"start":{"line":28,"column":6},"end":{"line":30,"column":7}},"21":{"start":{"line":29,"column":8},"end":{"line":29,"column":68}},"22":{"start":{"line":32,"column":31},"end":{"line":32,"column":41}},"23":{"start":{"line":33,"column":56},"end":{"line":33,"column":64}},"24":{"start":{"line":35,"column":21},"end":{"line":39,"column":8}},"25":{"start":{"line":41,"column":6},"end":{"line":44,"column":9}},"26":{"start":{"line":46,"column":6},"end":{"line":46,"column":18}},"27":{"start":{"line":54,"column":4},"end":{"line":64,"column":5}},"28":{"start":{"line":55,"column":31},"end":{"line":55,"column":41}},"29":{"start":{"line":56,"column":21},"end":{"line":56,"column":77}},"30":{"start":{"line":58,"column":6},"end":{"line":61,"column":9}},"31":{"start":{"line":63,"column":6},"end":{"line":63,"column":18}},"32":{"start":{"line":71,"column":4},"end":{"line":87,"column":5}},"33":{"start":{"line":72,"column":31},"end":{"line":72,"column":41}},"34":{"start":{"line":73,"column":32},"end":{"line":73,"column":41}},"35":{"start":{"line":75,"column":21},"end":{"line":78,"column":null}},"36":{"start":{"line":81,"column":6},"end":{"line":84,"column":9}},"37":{"start":{"line":86,"column":6},"end":{"line":86,"column":18}},"38":{"start":{"line":128,"column":4},"end":{"line":133,"column":6}},"39":{"start":{"line":140,"column":4},"end":{"line":145,"column":6}},"40":{"start":{"line":152,"column":4},"end":{"line":178,"column":5}},"41":{"start":{"line":153,"column":21},"end":{"line":153,"column":42}},"42":{"start":{"line":154,"column":6},"end":{"line":156,"column":7}},"43":{"start":{"line":155,"column":8},"end":{"line":155,"column":68}},"44":{"start":{"line":158,"column":31},"end":{"line":158,"column":41}},"45":{"start":{"line":159,"column":40},"end":{"line":159,"column":49}},"46":{"start":{"line":161,"column":6},"end":{"line":163,"column":7}},"47":{"start":{"line":162,"column":8},"end":{"line":162,"column":84}},"48":{"start":{"line":165,"column":21},"end":{"line":169,"column":null}},"49":{"start":{"line":172,"column":6},"end":{"line":175,"column":9}},"50":{"start":{"line":177,"column":6},"end":{"line":177,"column":18}},"51":{"start":{"line":185,"column":4},"end":{"line":190,"column":6}},"52":{"start":{"line":199,"column":4},"end":{"line":291,"column":5}},"53":{"start":{"line":200,"column":21},"end":{"line":200,"column":31}},"54":{"start":{"line":202,"column":6},"end":{"line":204,"column":7}},"55":{"start":{"line":203,"column":8},"end":{"line":203,"column":43}},"56":{"start":{"line":207,"column":25},"end":{"line":207,"column":70}},"57":{"start":{"line":208,"column":6},"end":{"line":210,"column":7}},"58":{"start":{"line":209,"column":8},"end":{"line":209,"column":42}},"59":{"start":{"line":213,"column":24},"end":{"line":213,"column":64}},"60":{"start":{"line":216,"column":24},"end":{"line":218,"column":8}},"61":{"start":{"line":220,"column":6},"end":{"line":269,"column":7}},"62":{"start":{"line":222,"column":24},"end":{"line":222,"column":52}},"63":{"start":{"line":225,"column":8},"end":{"line":265,"column":9}},"64":{"start":{"line":226,"column":27},"end":{"line":226,"column":63}},"65":{"start":{"line":227,"column":35},"end":{"line":231,"column":12}},"66":{"start":{"line":233,"column":10},"end":{"line":247,"column":11}},"67":{"start":{"line":235,"column":27},"end":{"line":235,"column":60}},"68":{"start":{"line":237,"column":41},"end":{"line":244,"column":14}},"69":{"start":{"line":239,"column":50},"end":{"line":243,"column":16}},"70":{"start":{"line":246,"column":12},"end":{"line":246,"column":54}},"71":{"start":{"line":249,"column":10},"end":{"line":249,"column":48}},"72":{"start":{"line":252,"column":25},"end":{"line":252,"column":52}},"73":{"start":{"line":254,"column":30},"end":{"line":262,"column":12}},"74":{"start":{"line":257,"column":48},"end":{"line":261,"column":14}},"75":{"start":{"line":264,"column":10},"end":{"line":264,"column":48}},"76":{"start":{"line":267,"column":8},"end":{"line":267,"column":68}},"77":{"start":{"line":268,"column":8},"end":{"line":268,"column":82}},"78":{"start":{"line":272,"column":6},"end":{"line":275,"column":9}},"79":{"start":{"line":277,"column":6},"end":{"line":277,"column":43}},"80":{"start":{"line":279,"column":6},"end":{"line":290,"column":7}},"81":{"start":{"line":280,"column":8},"end":{"line":283,"column":11}},"82":{"start":{"line":285,"column":8},"end":{"line":289,"column":11}},"83":{"start":{"line":298,"column":4},"end":{"line":317,"column":5}},"84":{"start":{"line":299,"column":6},"end":{"line":301,"column":7}},"85":{"start":{"line":300,"column":8},"end":{"line":300,"column":20}},"86":{"start":{"line":303,"column":22},"end":{"line":303,"column":84}},"87":{"start":{"line":304,"column":6},"end":{"line":306,"column":7}},"88":{"start":{"line":305,"column":8},"end":{"line":305,"column":20}},"89":{"start":{"line":309,"column":24},"end":{"line":309,"column":39}},"90":{"start":{"line":310,"column":6},"end":{"line":313,"column":8}},"91":{"start":{"line":312,"column":65},"end":{"line":312,"column":71}},"92":{"start":{"line":315,"column":6},"end":{"line":315,"column":70}},"93":{"start":{"line":316,"column":6},"end":{"line":316,"column":18}},"94":{"start":{"line":326,"column":4},"end":{"line":397,"column":5}},"95":{"start":{"line":327,"column":21},"end":{"line":327,"column":31}},"96":{"start":{"line":328,"column":42},"end":{"line":328,"column":51}},"97":{"start":{"line":330,"column":6},"end":{"line":332,"column":7}},"98":{"start":{"line":331,"column":8},"end":{"line":331,"column":42}},"99":{"start":{"line":335,"column":25},"end":{"line":335,"column":70}},"100":{"start":{"line":336,"column":6},"end":{"line":338,"column":7}},"101":{"start":{"line":337,"column":8},"end":{"line":337,"column":42}},"102":{"start":{"line":341,"column":24},"end":{"line":341,"column":64}},"103":{"start":{"line":344,"column":25},"end":{"line":344,"column":63}},"104":{"start":{"line":345,"column":22},"end":{"line":345,"column":77}},"105":{"start":{"line":346,"column":22},"end":{"line":346,"column":77}},"106":{"start":{"line":349,"column":31},"end":{"line":349,"column":33}},"107":{"start":{"line":350,"column":6},"end":{"line":352,"column":7}},"108":{"start":{"line":351,"column":8},"end":{"line":351,"column":82}},"109":{"start":{"line":355,"column":31},"end":{"line":355,"column":33}},"110":{"start":{"line":356,"column":6},"end":{"line":363,"column":7}},"111":{"start":{"line":357,"column":8},"end":{"line":357,"column":82}},"112":{"start":{"line":360,"column":8},"end":{"line":362,"column":38}},"113":{"start":{"line":361,"column":28},"end":{"line":361,"column":47}},"114":{"start":{"line":362,"column":25},"end":{"line":362,"column":36}},"115":{"start":{"line":366,"column":26},"end":{"line":366,"column":100}},"116":{"start":{"line":369,"column":6},"end":{"line":381,"column":9}},"117":{"start":{"line":383,"column":6},"end":{"line":383,"column":43}},"118":{"start":{"line":385,"column":6},"end":{"line":396,"column":7}},"119":{"start":{"line":386,"column":8},"end":{"line":389,"column":11}},"120":{"start":{"line":391,"column":8},"end":{"line":395,"column":11}},"121":{"start":{"line":21,"column":0},"end":{"line":21,"column":13}},"122":{"start":{"line":401,"column":0},"end":{"line":401,"column":40}}},"fnMap":{"0":{"name":"(anonymous_1)","decl":{"start":{"line":21,"column":0},"end":{"line":21,"column":13}},"loc":{"start":{"line":21,"column":0},"end":{"line":399,"column":1}}},"1":{"name":"(anonymous_2)","decl":{"start":{"line":97,"column":4},"end":{"line":97,"column":9}},"loc":{"start":{"line":97,"column":62},"end":{"line":121,"column":5}}},"2":{"name":"(anonymous_3)","decl":{"start":{"line":25,"column":2},"end":{"line":25,"column":7}},"loc":{"start":{"line":25,"column":68},"end":{"line":48,"column":3}}},"3":{"name":"(anonymous_4)","decl":{"start":{"line":53,"column":2},"end":{"line":53,"column":7}},"loc":{"start":{"line":53,"column":76},"end":{"line":65,"column":3}}},"4":{"name":"(anonymous_5)","decl":{"start":{"line":70,"column":2},"end":{"line":70,"column":7}},"loc":{"start":{"line":70,"column":70},"end":{"line":88,"column":3}}},"5":{"name":"(anonymous_6)","decl":{"start":{"line":127,"column":2},"end":{"line":127,"column":22}},"loc":{"start":{"line":127,"column":22},"end":{"line":134,"column":3}}},"6":{"name":"(anonymous_7)","decl":{"start":{"line":139,"column":2},"end":{"line":139,"column":26}},"loc":{"start":{"line":139,"column":26},"end":{"line":146,"column":3}}},"7":{"name":"(anonymous_8)","decl":{"start":{"line":151,"column":2},"end":{"line":151,"column":7}},"loc":{"start":{"line":151,"column":69},"end":{"line":179,"column":3}}},"8":{"name":"(anonymous_9)","decl":{"start":{"line":184,"column":2},"end":{"line":184,"column":24}},"loc":{"start":{"line":184,"column":24},"end":{"line":191,"column":3}}},"9":{"name":"(anonymous_10)","decl":{"start":{"line":198,"column":9},"end":{"line":198,"column":14}},"loc":{"start":{"line":198,"column":76},"end":{"line":292,"column":3}}},"10":{"name":"(anonymous_11)","decl":{"start":{"line":239,"column":33},"end":{"line":239,"column":34}},"loc":{"start":{"line":239,"column":50},"end":{"line":243,"column":16}}},"11":{"name":"(anonymous_12)","decl":{"start":{"line":257,"column":31},"end":{"line":257,"column":32}},"loc":{"start":{"line":257,"column":48},"end":{"line":261,"column":14}}},"12":{"name":"(anonymous_13)","decl":{"start":{"line":297,"column":10},"end":{"line":297,"column":15}},"loc":{"start":{"line":297,"column":112},"end":{"line":318,"column":3}}},"13":{"name":"(anonymous_14)","decl":{"start":{"line":312,"column":53},"end":{"line":312,"column":54}},"loc":{"start":{"line":312,"column":65},"end":{"line":312,"column":71}}},"14":{"name":"(anonymous_15)","decl":{"start":{"line":325,"column":9},"end":{"line":325,"column":14}},"loc":{"start":{"line":325,"column":71},"end":{"line":398,"column":3}}},"15":{"name":"(anonymous_16)","decl":{"start":{"line":361,"column":18},"end":{"line":361,"column":24}},"loc":{"start":{"line":361,"column":28},"end":{"line":361,"column":47}}},"16":{"name":"(anonymous_17)","decl":{"start":{"line":362,"column":15},"end":{"line":362,"column":21}},"loc":{"start":{"line":362,"column":25},"end":{"line":362,"column":36}}}},"branchMap":{"0":{"loc":{"start":{"line":101,"column":8},"end":{"line":103,"column":9}},"type":"if","locations":[{"start":{"line":101,"column":8},"end":{"line":103,"column":9}}]},"1":{"loc":{"start":{"line":106,"column":22},"end":{"line":106,"column":64}},"type":"binary-expr","locations":[{"start":{"line":106,"column":22},"end":{"line":106,"column":57}},{"start":{"line":106,"column":61},"end":{"line":106,"column":64}}]},"2":{"loc":{"start":{"line":28,"column":6},"end":{"line":30,"column":7}},"type":"if","locations":[{"start":{"line":28,"column":6},"end":{"line":30,"column":7}}]},"3":{"loc":{"start":{"line":77,"column":8},"end":{"line":77,"column":27}},"type":"binary-expr","locations":[{"start":{"line":77,"column":8},"end":{"line":77,"column":21}},{"start":{"line":77,"column":25},"end":{"line":77,"column":27}}]},"4":{"loc":{"start":{"line":78,"column":8},"end":{"line":78,"column":27}},"type":"binary-expr","locations":[{"start":{"line":78,"column":8},"end":{"line":78,"column":22}},{"start":{"line":78,"column":26},"end":{"line":78,"column":27}}]},"5":{"loc":{"start":{"line":154,"column":6},"end":{"line":156,"column":7}},"type":"if","locations":[{"start":{"line":154,"column":6},"end":{"line":156,"column":7}}]},"6":{"loc":{"start":{"line":161,"column":6},"end":{"line":163,"column":7}},"type":"if","locations":[{"start":{"line":161,"column":6},"end":{"line":163,"column":7}}]},"7":{"loc":{"start":{"line":161,"column":10},"end":{"line":161,"column":38}},"type":"binary-expr","locations":[{"start":{"line":161,"column":10},"end":{"line":161,"column":17}},{"start":{"line":161,"column":21},"end":{"line":161,"column":27}},{"start":{"line":161,"column":31},"end":{"line":161,"column":38}}]},"8":{"loc":{"start":{"line":202,"column":6},"end":{"line":204,"column":7}},"type":"if","locations":[{"start":{"line":202,"column":6},"end":{"line":204,"column":7}}]},"9":{"loc":{"start":{"line":208,"column":6},"end":{"line":210,"column":7}},"type":"if","locations":[{"start":{"line":208,"column":6},"end":{"line":210,"column":7}}]},"10":{"loc":{"start":{"line":225,"column":8},"end":{"line":265,"column":9}},"type":"if","locations":[{"start":{"line":225,"column":8},"end":{"line":265,"column":9}},{"start":{"line":250,"column":15},"end":{"line":265,"column":9}}]},"11":{"loc":{"start":{"line":225,"column":12},"end":{"line":225,"column":41}},"type":"binary-expr","locations":[{"start":{"line":225,"column":12},"end":{"line":225,"column":19}},{"start":{"line":225,"column":23},"end":{"line":225,"column":41}}]},"12":{"loc":{"start":{"line":226,"column":27},"end":{"line":226,"column":63}},"type":"binary-expr","locations":[{"start":{"line":226,"column":27},"end":{"line":226,"column":50}},{"start":{"line":226,"column":54},"end":{"line":226,"column":63}}]},"13":{"loc":{"start":{"line":240,"column":22},"end":{"line":240,"column":68}},"type":"cond-expr","locations":[{"start":{"line":240,"column":50},"end":{"line":240,"column":55}},{"start":{"line":240,"column":58},"end":{"line":240,"column":68}}]},"14":{"loc":{"start":{"line":255,"column":18},"end":{"line":255,"column":54}},"type":"binary-expr","locations":[{"start":{"line":255,"column":18},"end":{"line":255,"column":41}},{"start":{"line":255,"column":45},"end":{"line":255,"column":54}}]},"15":{"loc":{"start":{"line":258,"column":20},"end":{"line":258,"column":66}},"type":"cond-expr","locations":[{"start":{"line":258,"column":48},"end":{"line":258,"column":53}},{"start":{"line":258,"column":56},"end":{"line":258,"column":66}}]},"16":{"loc":{"start":{"line":279,"column":6},"end":{"line":290,"column":7}},"type":"if","locations":[{"start":{"line":279,"column":6},"end":{"line":290,"column":7}},{"start":{"line":284,"column":13},"end":{"line":290,"column":7}}]},"17":{"loc":{"start":{"line":297,"column":95},"end":{"line":297,"column":112}},"type":"default-arg","locations":[{"start":{"line":297,"column":111},"end":{"line":297,"column":112}}]},"18":{"loc":{"start":{"line":299,"column":6},"end":{"line":301,"column":7}},"type":"if","locations":[{"start":{"line":299,"column":6},"end":{"line":301,"column":7}}]},"19":{"loc":{"start":{"line":304,"column":6},"end":{"line":306,"column":7}},"type":"if","locations":[{"start":{"line":304,"column":6},"end":{"line":306,"column":7}}]},"20":{"loc":{"start":{"line":304,"column":10},"end":{"line":304,"column":64}},"type":"binary-expr","locations":[{"start":{"line":304,"column":10},"end":{"line":304,"column":18}},{"start":{"line":304,"column":22},"end":{"line":304,"column":35}},{"start":{"line":304,"column":39},"end":{"line":304,"column":64}}]},"21":{"loc":{"start":{"line":312,"column":17},"end":{"line":312,"column":97}},"type":"cond-expr","locations":[{"start":{"line":312,"column":34},"end":{"line":312,"column":72}},{"start":{"line":312,"column":75},"end":{"line":312,"column":97}}]},"22":{"loc":{"start":{"line":330,"column":6},"end":{"line":332,"column":7}},"type":"if","locations":[{"start":{"line":330,"column":6},"end":{"line":332,"column":7}}]},"23":{"loc":{"start":{"line":330,"column":10},"end":{"line":330,"column":36}},"type":"binary-expr","locations":[{"start":{"line":330,"column":10},"end":{"line":330,"column":13}},{"start":{"line":330,"column":17},"end":{"line":330,"column":26}},{"start":{"line":330,"column":30},"end":{"line":330,"column":36}}]},"24":{"loc":{"start":{"line":336,"column":6},"end":{"line":338,"column":7}},"type":"if","locations":[{"start":{"line":336,"column":6},"end":{"line":338,"column":7}}]},"25":{"loc":{"start":{"line":344,"column":25},"end":{"line":344,"column":63}},"type":"binary-expr","locations":[{"start":{"line":344,"column":25},"end":{"line":344,"column":41}},{"start":{"line":344,"column":45},"end":{"line":344,"column":63}}]},"26":{"loc":{"start":{"line":350,"column":6},"end":{"line":352,"column":7}},"type":"if","locations":[{"start":{"line":350,"column":6},"end":{"line":352,"column":7}}]},"27":{"loc":{"start":{"line":356,"column":6},"end":{"line":363,"column":7}},"type":"if","locations":[{"start":{"line":356,"column":6},"end":{"line":363,"column":7}},{"start":{"line":358,"column":13},"end":{"line":363,"column":7}}]},"28":{"loc":{"start":{"line":373,"column":18},"end":{"line":373,"column":32}},"type":"binary-expr","locations":[{"start":{"line":373,"column":18},"end":{"line":373,"column":24}},{"start":{"line":373,"column":28},"end":{"line":373,"column":32}}]},"29":{"loc":{"start":{"line":385,"column":6},"end":{"line":396,"column":7}},"type":"if","locations":[{"start":{"line":385,"column":6},"end":{"line":396,"column":7}},{"start":{"line":390,"column":13},"end":{"line":396,"column":7}}]}},"s":{"0":2,"1":2,"2":2,"3":2,"4":2,"5":2,"6":2,"7":2,"8":0,"9":0,"10":0,"11":0,"12":0,"13":0,"14":0,"15":0,"16":0,"17":0,"18":0,"19":0,"20":0,"21":0,"22":0,"23":0,"24":0,"25":0,"26":0,"27":0,"28":0,"29":0,"30":0,"31":0,"32":0,"33":0,"34":0,"35":0,"36":0,"37":0,"38":2,"39":2,"40":0,"41":0,"42":0,"43":0,"44":0,"45":0,"46":0,"47":0,"48":0,"49":0,"50":0,"51":2,"52":0,"53":0,"54":0,"55":0,"56":0,"57":0,"58":0,"59":0,"60":0,"61":0,"62":0,"63":0,"64":0,"65":0,"66":0,"67":0,"68":0,"69":0,"70":0,"71":0,"72":0,"73":0,"74":0,"75":0,"76":0,"77":0,"78":0,"79":0,"80":0,"81":0,"82":0,"83":0,"84":0,"85":0,"86":0,"87":0,"88":0,"89":0,"90":0,"91":0,"92":0,"93":0,"94":0,"95":0,"96":0,"97":0,"98":0,"99":0,"100":0,"101":0,"102":0,"103":0,"104":0,"105":0,"106":0,"107":0,"108":0,"109":0,"110":0,"111":0,"112":0,"113":0,"114":0,"115":0,"116":0,"117":0,"118":0,"119":0,"120":0,"121":2,"122":2},"f":{"0":2,"1":0,"2":0,"3":0,"4":0,"5":2,"6":2,"7":0,"8":2,"9":0,"10":0,"11":0,"12":0,"13":0,"14":0,"15":0,"16":0},"b":{"0":[0],"1":[0,0],"2":[0],"3":[0,0],"4":[0,0],"5":[0],"6":[0],"7":[0,0,0],"8":[0],"9":[0],"10":[0,0],"11":[0,0],"12":[0,0],"13":[0,0],"14":[0,0],"15":[0,0],"16":[0,0],"17":[0],"18":[0],"19":[0],"20":[0,0,0],"21":[0,0],"22":[0],"23":[0,0,0],"24":[0],"25":[0,0],"26":[0],"27":[0,0],"28":[0,0],"29":[0,0]}}
,"/Users/sunguochao/Documents/Development/cursor/DataScope-Node/webService/src/api/controllers/plan-visualization.controller.ts": {"path":"/Users/sunguochao/Documents/Development/cursor/DataScope-Node/webService/src/api/controllers/plan-visualization.controller.ts","statementMap":{"0":{"start":{"line":2,"column":0},"end":{"line":2,"column":66}},"1":{"start":{"line":3,"column":0},"end":{"line":3,"column":56}},"2":{"start":{"line":4,"column":0},"end":{"line":4,"column":45}},"3":{"start":{"line":6,"column":0},"end":{"line":6,"column":46}},"4":{"start":{"line":9,"column":15},"end":{"line":9,"column":33}},"5":{"start":{"line":90,"column":4},"end":{"line":117,"column":5}},"6":{"start":{"line":91,"column":21},"end":{"line":91,"column":42}},"7":{"start":{"line":92,"column":6},"end":{"line":94,"column":7}},"8":{"start":{"line":93,"column":8},"end":{"line":93,"column":68}},"9":{"start":{"line":96,"column":25},"end":{"line":96,"column":35}},"10":{"start":{"line":99,"column":26},"end":{"line":99,"column":69}},"11":{"start":{"line":101,"column":6},"end":{"line":103,"column":7}},"12":{"start":{"line":102,"column":8},"end":{"line":102,"column":43}},"13":{"start":{"line":106,"column":23},"end":{"line":106,"column":55}},"14":{"start":{"line":109,"column":32},"end":{"line":109,"column":77}},"15":{"start":{"line":111,"column":6},"end":{"line":114,"column":9}},"16":{"start":{"line":116,"column":6},"end":{"line":116,"column":18}},"17":{"start":{"line":127,"column":4},"end":{"line":158,"column":5}},"18":{"start":{"line":128,"column":21},"end":{"line":128,"column":42}},"19":{"start":{"line":129,"column":6},"end":{"line":131,"column":7}},"20":{"start":{"line":130,"column":8},"end":{"line":130,"column":68}},"21":{"start":{"line":133,"column":35},"end":{"line":133,"column":45}},"22":{"start":{"line":136,"column":29},"end":{"line":139,"column":8}},"23":{"start":{"line":141,"column":6},"end":{"line":143,"column":7}},"24":{"start":{"line":142,"column":8},"end":{"line":142,"column":48}},"25":{"start":{"line":146,"column":24},"end":{"line":146,"column":50}},"26":{"start":{"line":147,"column":24},"end":{"line":147,"column":50}},"27":{"start":{"line":150,"column":31},"end":{"line":150,"column":73}},"28":{"start":{"line":152,"column":6},"end":{"line":155,"column":9}},"29":{"start":{"line":157,"column":6},"end":{"line":157,"column":18}},"30":{"start":{"line":168,"column":4},"end":{"line":210,"column":5}},"31":{"start":{"line":169,"column":21},"end":{"line":169,"column":42}},"32":{"start":{"line":170,"column":6},"end":{"line":172,"column":7}},"33":{"start":{"line":171,"column":8},"end":{"line":171,"column":68}},"34":{"start":{"line":174,"column":25},"end":{"line":174,"column":35}},"35":{"start":{"line":175,"column":24},"end":{"line":175,"column":32}},"36":{"start":{"line":178,"column":26},"end":{"line":178,"column":69}},"37":{"start":{"line":180,"column":6},"end":{"line":182,"column":7}},"38":{"start":{"line":181,"column":8},"end":{"line":181,"column":43}},"39":{"start":{"line":204,"column":6},"end":{"line":207,"column":9}},"40":{"start":{"line":209,"column":6},"end":{"line":209,"column":18}},"41":{"start":{"line":220,"column":4},"end":{"line":252,"column":5}},"42":{"start":{"line":221,"column":21},"end":{"line":221,"column":42}},"43":{"start":{"line":222,"column":6},"end":{"line":224,"column":7}},"44":{"start":{"line":223,"column":8},"end":{"line":223,"column":68}},"45":{"start":{"line":226,"column":25},"end":{"line":226,"column":35}},"46":{"start":{"line":229,"column":26},"end":{"line":229,"column":69}},"47":{"start":{"line":231,"column":6},"end":{"line":233,"column":7}},"48":{"start":{"line":232,"column":8},"end":{"line":232,"column":43}},"49":{"start":{"line":236,"column":23},"end":{"line":236,"column":55}},"50":{"start":{"line":240,"column":27},"end":{"line":240,"column":79}},"51":{"start":{"line":242,"column":6},"end":{"line":249,"column":9}},"52":{"start":{"line":251,"column":6},"end":{"line":251,"column":18}},"53":{"start":{"line":261,"column":38},"end":{"line":271,"column":6}},"54":{"start":{"line":274,"column":4},"end":{"line":309,"column":5}},"55":{"start":{"line":276,"column":6},"end":{"line":294,"column":9}},"56":{"start":{"line":277,"column":29},"end":{"line":277,"column":56}},"57":{"start":{"line":278,"column":8},"end":{"line":280,"column":9}},"58":{"start":{"line":279,"column":10},"end":{"line":279,"column":39}},"59":{"start":{"line":282,"column":8},"end":{"line":293,"column":10}},"60":{"start":{"line":297,"column":6},"end":{"line":308,"column":7}},"61":{"start":{"line":297,"column":19},"end":{"line":297,"column":20}},"62":{"start":{"line":298,"column":27},"end":{"line":298,"column":48}},"63":{"start":{"line":299,"column":27},"end":{"line":299,"column":52}},"64":{"start":{"line":301,"column":8},"end":{"line":307,"column":9}},"65":{"start":{"line":302,"column":10},"end":{"line":306,"column":13}},"66":{"start":{"line":311,"column":4},"end":{"line":311,"column":18}},"67":{"start":{"line":321,"column":4},"end":{"line":321,"column":38}},"68":{"start":{"line":321,"column":29},"end":{"line":321,"column":38}},"69":{"start":{"line":322,"column":17},"end":{"line":322,"column":31}},"70":{"start":{"line":325,"column":4},"end":{"line":327,"column":5}},"71":{"start":{"line":326,"column":6},"end":{"line":326,"column":18}},"72":{"start":{"line":331,"column":4},"end":{"line":337,"column":5}},"73":{"start":{"line":332,"column":6},"end":{"line":332,"column":22}},"74":{"start":{"line":333,"column":11},"end":{"line":337,"column":5}},"75":{"start":{"line":334,"column":6},"end":{"line":334,"column":18}},"76":{"start":{"line":335,"column":11},"end":{"line":337,"column":5}},"77":{"start":{"line":336,"column":6},"end":{"line":336,"column":15}},"78":{"start":{"line":339,"column":4},"end":{"line":339,"column":16}},"79":{"start":{"line":348,"column":4},"end":{"line":348,"column":42}},"80":{"start":{"line":348,"column":29},"end":{"line":348,"column":42}},"81":{"start":{"line":351,"column":4},"end":{"line":353,"column":5}},"82":{"start":{"line":352,"column":6},"end":{"line":352,"column":18}},"83":{"start":{"line":356,"column":4},"end":{"line":361,"column":5}},"84":{"start":{"line":360,"column":6},"end":{"line":360,"column":18}},"85":{"start":{"line":364,"column":4},"end":{"line":366,"column":5}},"86":{"start":{"line":365,"column":6},"end":{"line":365,"column":18}},"87":{"start":{"line":368,"column":4},"end":{"line":368,"column":17}},"88":{"start":{"line":378,"column":41},"end":{"line":388,"column":6}},"89":{"start":{"line":391,"column":4},"end":{"line":443,"column":5}},"90":{"start":{"line":395,"column":24},"end":{"line":395,"column":80}},"91":{"start":{"line":397,"column":6},"end":{"line":442,"column":7}},"92":{"start":{"line":397,"column":19},"end":{"line":397,"column":20}},"93":{"start":{"line":398,"column":22},"end":{"line":398,"column":40}},"94":{"start":{"line":399,"column":22},"end":{"line":399,"column":40}},"95":{"start":{"line":402,"column":8},"end":{"line":441,"column":9}},"96":{"start":{"line":404,"column":10},"end":{"line":411,"column":11}},"97":{"start":{"line":405,"column":12},"end":{"line":410,"column":15}},"98":{"start":{"line":414,"column":10},"end":{"line":420,"column":11}},"99":{"start":{"line":415,"column":12},"end":{"line":419,"column":15}},"100":{"start":{"line":423,"column":10},"end":{"line":440,"column":13}},"101":{"start":{"line":445,"column":4},"end":{"line":445,"column":18}},"102":{"start":{"line":454,"column":16},"end":{"line":454,"column":17}},"103":{"start":{"line":456,"column":4},"end":{"line":462,"column":5}},"104":{"start":{"line":457,"column":6},"end":{"line":461,"column":7}},"105":{"start":{"line":458,"column":8},"end":{"line":460,"column":9}},"106":{"start":{"line":459,"column":10},"end":{"line":459,"column":18}},"107":{"start":{"line":464,"column":4},"end":{"line":464,"column":17}},"108":{"start":{"line":474,"column":4},"end":{"line":474,"column":43}},"109":{"start":{"line":474,"column":30},"end":{"line":474,"column":43}},"110":{"start":{"line":477,"column":23},"end":{"line":479,"column":49}},"111":{"start":{"line":481,"column":22},"end":{"line":481,"column":50}},"112":{"start":{"line":482,"column":20},"end":{"line":482,"column":46}},"113":{"start":{"line":485,"column":4},"end":{"line":485,"column":57}},"114":{"start":{"line":485,"column":44},"end":{"line":485,"column":57}},"115":{"start":{"line":488,"column":4},"end":{"line":488,"column":31}},"116":{"start":{"line":498,"column":4},"end":{"line":498,"column":60}},"117":{"start":{"line":498,"column":35},"end":{"line":498,"column":60}},"118":{"start":{"line":503,"column":23},"end":{"line":503,"column":34}},"119":{"start":{"line":506,"column":27},"end":{"line":508,"column":29}},"120":{"start":{"line":507,"column":68},"end":{"line":507,"column":95}},"121":{"start":{"line":510,"column":4},"end":{"line":514,"column":5}},"122":{"start":{"line":512,"column":21},"end":{"line":512,"column":90}},"123":{"start":{"line":512,"column":55},"end":{"line":512,"column":78}},"124":{"start":{"line":513,"column":6},"end":{"line":513,"column":66}},"125":{"start":{"line":517,"column":24},"end":{"line":521,"column":29}},"126":{"start":{"line":519,"column":26},"end":{"line":519,"column":85}},"127":{"start":{"line":523,"column":4},"end":{"line":525,"column":5}},"128":{"start":{"line":524,"column":6},"end":{"line":524,"column":63}},"129":{"start":{"line":528,"column":25},"end":{"line":532,"column":30}},"130":{"start":{"line":530,"column":27},"end":{"line":530,"column":87}},"131":{"start":{"line":534,"column":4},"end":{"line":536,"column":5}},"132":{"start":{"line":535,"column":6},"end":{"line":535,"column":58}},"133":{"start":{"line":538,"column":4},"end":{"line":538,"column":24}},"134":{"start":{"line":82,"column":0},"end":{"line":82,"column":13}},"135":{"start":{"line":543,"column":0},"end":{"line":543,"column":49}}},"fnMap":{"0":{"name":"(anonymous_1)","decl":{"start":{"line":89,"column":2},"end":{"line":89,"column":7}},"loc":{"start":{"line":89,"column":76},"end":{"line":118,"column":3}}},"1":{"name":"(anonymous_2)","decl":{"start":{"line":126,"column":2},"end":{"line":126,"column":7}},"loc":{"start":{"line":126,"column":68},"end":{"line":159,"column":3}}},"2":{"name":"(anonymous_3)","decl":{"start":{"line":167,"column":2},"end":{"line":167,"column":7}},"loc":{"start":{"line":167,"column":73},"end":{"line":211,"column":3}}},"3":{"name":"(anonymous_4)","decl":{"start":{"line":219,"column":2},"end":{"line":219,"column":7}},"loc":{"start":{"line":219,"column":78},"end":{"line":253,"column":3}}},"4":{"name":"(anonymous_5)","decl":{"start":{"line":260,"column":10},"end":{"line":260,"column":40}},"loc":{"start":{"line":260,"column":60},"end":{"line":312,"column":3}}},"5":{"name":"(anonymous_6)","decl":{"start":{"line":276,"column":44},"end":{"line":276,"column":45}},"loc":{"start":{"line":276,"column":83},"end":{"line":294,"column":7}}},"6":{"name":"(anonymous_7)","decl":{"start":{"line":320,"column":10},"end":{"line":320,"column":27}},"loc":{"start":{"line":320,"column":66},"end":{"line":340,"column":3}}},"7":{"name":"(anonymous_8)","decl":{"start":{"line":347,"column":10},"end":{"line":347,"column":26}},"loc":{"start":{"line":347,"column":46},"end":{"line":369,"column":3}}},"8":{"name":"(anonymous_9)","decl":{"start":{"line":377,"column":10},"end":{"line":377,"column":25}},"loc":{"start":{"line":377,"column":60},"end":{"line":446,"column":3}}},"9":{"name":"(anonymous_10)","decl":{"start":{"line":453,"column":10},"end":{"line":453,"column":26}},"loc":{"start":{"line":453,"column":42},"end":{"line":465,"column":3}}},"10":{"name":"(anonymous_11)","decl":{"start":{"line":473,"column":10},"end":{"line":473,"column":33}},"loc":{"start":{"line":473,"column":66},"end":{"line":489,"column":3}}},"11":{"name":"(anonymous_12)","decl":{"start":{"line":497,"column":10},"end":{"line":497,"column":30}},"loc":{"start":{"line":497,"column":65},"end":{"line":539,"column":3}}},"12":{"name":"(anonymous_13)","decl":{"start":{"line":507,"column":53},"end":{"line":507,"column":54}},"loc":{"start":{"line":507,"column":68},"end":{"line":507,"column":95}}},"13":{"name":"(anonymous_14)","decl":{"start":{"line":512,"column":40},"end":{"line":512,"column":41}},"loc":{"start":{"line":512,"column":55},"end":{"line":512,"column":78}}},"14":{"name":"(anonymous_15)","decl":{"start":{"line":518,"column":48},"end":{"line":518,"column":49}},"loc":{"start":{"line":519,"column":26},"end":{"line":519,"column":85}}},"15":{"name":"(anonymous_16)","decl":{"start":{"line":529,"column":49},"end":{"line":529,"column":50}},"loc":{"start":{"line":530,"column":27},"end":{"line":530,"column":87}}}},"branchMap":{"0":{"loc":{"start":{"line":92,"column":6},"end":{"line":94,"column":7}},"type":"if","locations":[{"start":{"line":92,"column":6},"end":{"line":94,"column":7}}]},"1":{"loc":{"start":{"line":101,"column":6},"end":{"line":103,"column":7}},"type":"if","locations":[{"start":{"line":101,"column":6},"end":{"line":103,"column":7}}]},"2":{"loc":{"start":{"line":129,"column":6},"end":{"line":131,"column":7}},"type":"if","locations":[{"start":{"line":129,"column":6},"end":{"line":131,"column":7}}]},"3":{"loc":{"start":{"line":141,"column":6},"end":{"line":143,"column":7}},"type":"if","locations":[{"start":{"line":141,"column":6},"end":{"line":143,"column":7}}]},"4":{"loc":{"start":{"line":141,"column":10},"end":{"line":141,"column":26}},"type":"binary-expr","locations":[{"start":{"line":141,"column":10},"end":{"line":141,"column":16}},{"start":{"line":141,"column":20},"end":{"line":141,"column":26}}]},"5":{"loc":{"start":{"line":170,"column":6},"end":{"line":172,"column":7}},"type":"if","locations":[{"start":{"line":170,"column":6},"end":{"line":172,"column":7}}]},"6":{"loc":{"start":{"line":180,"column":6},"end":{"line":182,"column":7}},"type":"if","locations":[{"start":{"line":180,"column":6},"end":{"line":182,"column":7}}]},"7":{"loc":{"start":{"line":222,"column":6},"end":{"line":224,"column":7}},"type":"if","locations":[{"start":{"line":222,"column":6},"end":{"line":224,"column":7}}]},"8":{"loc":{"start":{"line":231,"column":6},"end":{"line":233,"column":7}},"type":"if","locations":[{"start":{"line":231,"column":6},"end":{"line":233,"column":7}}]},"9":{"loc":{"start":{"line":247,"column":29},"end":{"line":247,"column":60}},"type":"binary-expr","locations":[{"start":{"line":247,"column":29},"end":{"line":247,"column":54}},{"start":{"line":247,"column":58},"end":{"line":247,"column":60}}]},"10":{"loc":{"start":{"line":265,"column":19},"end":{"line":265,"column":46}},"type":"binary-expr","locations":[{"start":{"line":265,"column":19},"end":{"line":265,"column":41}},{"start":{"line":265,"column":45},"end":{"line":265,"column":46}}]},"11":{"loc":{"start":{"line":266,"column":19},"end":{"line":266,"column":46}},"type":"binary-expr","locations":[{"start":{"line":266,"column":19},"end":{"line":266,"column":41}},{"start":{"line":266,"column":45},"end":{"line":266,"column":46}}]},"12":{"loc":{"start":{"line":268,"column":18},"end":{"line":268,"column":41}},"type":"binary-expr","locations":[{"start":{"line":268,"column":18},"end":{"line":268,"column":35}},{"start":{"line":268,"column":39},"end":{"line":268,"column":41}}]},"13":{"loc":{"start":{"line":269,"column":26},"end":{"line":269,"column":57}},"type":"binary-expr","locations":[{"start":{"line":269,"column":26},"end":{"line":269,"column":51}},{"start":{"line":269,"column":55},"end":{"line":269,"column":57}}]},"14":{"loc":{"start":{"line":274,"column":4},"end":{"line":309,"column":5}},"type":"if","locations":[{"start":{"line":274,"column":4},"end":{"line":309,"column":5}}]},"15":{"loc":{"start":{"line":274,"column":8},"end":{"line":274,"column":74}},"type":"binary-expr","locations":[{"start":{"line":274,"column":8},"end":{"line":274,"column":41}},{"start":{"line":274,"column":45},"end":{"line":274,"column":74}}]},"16":{"loc":{"start":{"line":278,"column":8},"end":{"line":280,"column":9}},"type":"if","locations":[{"start":{"line":278,"column":8},"end":{"line":280,"column":9}}]},"17":{"loc":{"start":{"line":283,"column":14},"end":{"line":283,"column":34}},"type":"binary-expr","locations":[{"start":{"line":283,"column":14},"end":{"line":283,"column":21}},{"start":{"line":283,"column":25},"end":{"line":283,"column":34}}]},"18":{"loc":{"start":{"line":284,"column":20},"end":{"line":284,"column":42}},"type":"binary-expr","locations":[{"start":{"line":284,"column":20},"end":{"line":284,"column":29}},{"start":{"line":284,"column":33},"end":{"line":284,"column":42}}]},"19":{"loc":{"start":{"line":284,"column":48},"end":{"line":284,"column":71}},"type":"binary-expr","locations":[{"start":{"line":284,"column":48},"end":{"line":284,"column":58}},{"start":{"line":284,"column":62},"end":{"line":284,"column":71}}]},"20":{"loc":{"start":{"line":285,"column":16},"end":{"line":285,"column":38}},"type":"binary-expr","locations":[{"start":{"line":285,"column":16},"end":{"line":285,"column":25}},{"start":{"line":285,"column":29},"end":{"line":285,"column":38}}]},"21":{"loc":{"start":{"line":286,"column":17},"end":{"line":286,"column":40}},"type":"binary-expr","locations":[{"start":{"line":286,"column":17},"end":{"line":286,"column":27}},{"start":{"line":286,"column":31},"end":{"line":286,"column":40}}]},"22":{"loc":{"start":{"line":287,"column":16},"end":{"line":287,"column":30}},"type":"binary-expr","locations":[{"start":{"line":287,"column":16},"end":{"line":287,"column":25}},{"start":{"line":287,"column":29},"end":{"line":287,"column":30}}]},"23":{"loc":{"start":{"line":288,"column":20},"end":{"line":288,"column":40}},"type":"binary-expr","locations":[{"start":{"line":288,"column":20},"end":{"line":288,"column":33}},{"start":{"line":288,"column":37},"end":{"line":288,"column":40}}]},"24":{"loc":{"start":{"line":289,"column":15},"end":{"line":289,"column":32}},"type":"binary-expr","locations":[{"start":{"line":289,"column":15},"end":{"line":289,"column":23}},{"start":{"line":289,"column":27},"end":{"line":289,"column":32}}]},"25":{"loc":{"start":{"line":290,"column":17},"end":{"line":290,"column":33}},"type":"binary-expr","locations":[{"start":{"line":290,"column":17},"end":{"line":290,"column":27}},{"start":{"line":290,"column":31},"end":{"line":290,"column":33}}]},"26":{"loc":{"start":{"line":291,"column":45},"end":{"line":291,"column":72}},"type":"binary-expr","locations":[{"start":{"line":291,"column":45},"end":{"line":291,"column":67}},{"start":{"line":291,"column":71},"end":{"line":291,"column":72}}]},"27":{"loc":{"start":{"line":301,"column":8},"end":{"line":307,"column":9}},"type":"if","locations":[{"start":{"line":301,"column":8},"end":{"line":307,"column":9}}]},"28":{"loc":{"start":{"line":301,"column":12},"end":{"line":301,"column":36}},"type":"binary-expr","locations":[{"start":{"line":301,"column":12},"end":{"line":301,"column":22}},{"start":{"line":301,"column":26},"end":{"line":301,"column":36}}]},"29":{"loc":{"start":{"line":303,"column":20},"end":{"line":303,"column":42}},"type":"binary-expr","locations":[{"start":{"line":303,"column":20},"end":{"line":303,"column":33}},{"start":{"line":303,"column":37},"end":{"line":303,"column":42}}]},"30":{"loc":{"start":{"line":304,"column":20},"end":{"line":304,"column":42}},"type":"binary-expr","locations":[{"start":{"line":304,"column":20},"end":{"line":304,"column":33}},{"start":{"line":304,"column":37},"end":{"line":304,"column":42}}]},"31":{"loc":{"start":{"line":305,"column":19},"end":{"line":305,"column":39}},"type":"binary-expr","locations":[{"start":{"line":305,"column":19},"end":{"line":305,"column":34}},{"start":{"line":305,"column":38},"end":{"line":305,"column":39}}]},"32":{"loc":{"start":{"line":321,"column":4},"end":{"line":321,"column":38}},"type":"if","locations":[{"start":{"line":321,"column":4},"end":{"line":321,"column":38}}]},"33":{"loc":{"start":{"line":321,"column":8},"end":{"line":321,"column":27}},"type":"binary-expr","locations":[{"start":{"line":321,"column":8},"end":{"line":321,"column":13}},{"start":{"line":321,"column":17},"end":{"line":321,"column":27}}]},"34":{"loc":{"start":{"line":322,"column":17},"end":{"line":322,"column":31}},"type":"binary-expr","locations":[{"start":{"line":322,"column":17},"end":{"line":322,"column":26}},{"start":{"line":322,"column":30},"end":{"line":322,"column":31}}]},"35":{"loc":{"start":{"line":325,"column":4},"end":{"line":327,"column":5}},"type":"if","locations":[{"start":{"line":325,"column":4},"end":{"line":327,"column":5}}]},"36":{"loc":{"start":{"line":331,"column":4},"end":{"line":337,"column":5}},"type":"if","locations":[{"start":{"line":331,"column":4},"end":{"line":337,"column":5}},{"start":{"line":333,"column":11},"end":{"line":337,"column":5}}]},"37":{"loc":{"start":{"line":333,"column":11},"end":{"line":337,"column":5}},"type":"if","locations":[{"start":{"line":333,"column":11},"end":{"line":337,"column":5}},{"start":{"line":335,"column":11},"end":{"line":337,"column":5}}]},"38":{"loc":{"start":{"line":333,"column":15},"end":{"line":333,"column":59}},"type":"binary-expr","locations":[{"start":{"line":333,"column":15},"end":{"line":333,"column":36}},{"start":{"line":333,"column":40},"end":{"line":333,"column":59}}]},"39":{"loc":{"start":{"line":335,"column":11},"end":{"line":337,"column":5}},"type":"if","locations":[{"start":{"line":335,"column":11},"end":{"line":337,"column":5}}]},"40":{"loc":{"start":{"line":335,"column":15},"end":{"line":335,"column":62}},"type":"binary-expr","locations":[{"start":{"line":335,"column":15},"end":{"line":335,"column":37}},{"start":{"line":335,"column":41},"end":{"line":335,"column":62}}]},"41":{"loc":{"start":{"line":348,"column":4},"end":{"line":348,"column":42}},"type":"if","locations":[{"start":{"line":348,"column":4},"end":{"line":348,"column":42}}]},"42":{"loc":{"start":{"line":348,"column":8},"end":{"line":348,"column":27}},"type":"binary-expr","locations":[{"start":{"line":348,"column":8},"end":{"line":348,"column":13}},{"start":{"line":348,"column":17},"end":{"line":348,"column":27}}]},"43":{"loc":{"start":{"line":351,"column":4},"end":{"line":353,"column":5}},"type":"if","locations":[{"start":{"line":351,"column":4},"end":{"line":353,"column":5}}]},"44":{"loc":{"start":{"line":351,"column":8},"end":{"line":351,"column":54}},"type":"binary-expr","locations":[{"start":{"line":351,"column":8},"end":{"line":351,"column":27}},{"start":{"line":351,"column":31},"end":{"line":351,"column":54}}]},"45":{"loc":{"start":{"line":351,"column":32},"end":{"line":351,"column":46}},"type":"binary-expr","locations":[{"start":{"line":351,"column":32},"end":{"line":351,"column":41}},{"start":{"line":351,"column":45},"end":{"line":351,"column":46}}]},"46":{"loc":{"start":{"line":356,"column":4},"end":{"line":361,"column":5}},"type":"if","locations":[{"start":{"line":356,"column":4},"end":{"line":361,"column":5}}]},"47":{"loc":{"start":{"line":356,"column":8},"end":{"line":358,"column":44}},"type":"binary-expr","locations":[{"start":{"line":356,"column":8},"end":{"line":356,"column":18}},{"start":{"line":357,"column":6},"end":{"line":357,"column":44}},{"start":{"line":358,"column":6},"end":{"line":358,"column":43}}]},"48":{"loc":{"start":{"line":364,"column":4},"end":{"line":366,"column":5}},"type":"if","locations":[{"start":{"line":364,"column":4},"end":{"line":366,"column":5}}]},"49":{"loc":{"start":{"line":364,"column":8},"end":{"line":364,"column":87}},"type":"binary-expr","locations":[{"start":{"line":364,"column":8},"end":{"line":364,"column":32}},{"start":{"line":364,"column":37},"end":{"line":364,"column":64}},{"start":{"line":364,"column":68},"end":{"line":364,"column":86}}]},"50":{"loc":{"start":{"line":364,"column":9},"end":{"line":364,"column":23}},"type":"binary-expr","locations":[{"start":{"line":364,"column":9},"end":{"line":364,"column":18}},{"start":{"line":364,"column":22},"end":{"line":364,"column":23}}]},"51":{"loc":{"start":{"line":380,"column":25},"end":{"line":380,"column":49}},"type":"binary-expr","locations":[{"start":{"line":380,"column":25},"end":{"line":380,"column":44}},{"start":{"line":380,"column":48},"end":{"line":380,"column":49}}]},"52":{"loc":{"start":{"line":380,"column":54},"end":{"line":380,"column":78}},"type":"binary-expr","locations":[{"start":{"line":380,"column":54},"end":{"line":380,"column":73}},{"start":{"line":380,"column":77},"end":{"line":380,"column":78}}]},"53":{"loc":{"start":{"line":381,"column":25},"end":{"line":381,"column":49}},"type":"binary-expr","locations":[{"start":{"line":381,"column":25},"end":{"line":381,"column":44}},{"start":{"line":381,"column":48},"end":{"line":381,"column":49}}]},"54":{"loc":{"start":{"line":381,"column":54},"end":{"line":381,"column":78}},"type":"binary-expr","locations":[{"start":{"line":381,"column":54},"end":{"line":381,"column":73}},{"start":{"line":381,"column":77},"end":{"line":381,"column":78}}]},"55":{"loc":{"start":{"line":391,"column":4},"end":{"line":443,"column":5}},"type":"if","locations":[{"start":{"line":391,"column":4},"end":{"line":443,"column":5}}]},"56":{"loc":{"start":{"line":391,"column":8},"end":{"line":392,"column":64}},"type":"binary-expr","locations":[{"start":{"line":391,"column":8},"end":{"line":391,"column":38}},{"start":{"line":391,"column":42},"end":{"line":391,"column":72}},{"start":{"line":392,"column":8},"end":{"line":392,"column":34}},{"start":{"line":392,"column":38},"end":{"line":392,"column":64}}]},"57":{"loc":{"start":{"line":402,"column":8},"end":{"line":441,"column":9}},"type":"if","locations":[{"start":{"line":402,"column":8},"end":{"line":441,"column":9}}]},"58":{"loc":{"start":{"line":402,"column":12},"end":{"line":402,"column":87}},"type":"binary-expr","locations":[{"start":{"line":402,"column":12},"end":{"line":402,"column":17}},{"start":{"line":402,"column":21},"end":{"line":402,"column":26}},{"start":{"line":402,"column":30},"end":{"line":402,"column":41}},{"start":{"line":402,"column":45},"end":{"line":402,"column":56}},{"start":{"line":402,"column":60},"end":{"line":402,"column":87}}]},"59":{"loc":{"start":{"line":404,"column":10},"end":{"line":411,"column":11}},"type":"if","locations":[{"start":{"line":404,"column":10},"end":{"line":411,"column":11}}]},"60":{"loc":{"start":{"line":414,"column":10},"end":{"line":420,"column":11}},"type":"if","locations":[{"start":{"line":414,"column":10},"end":{"line":420,"column":11}}]},"61":{"loc":{"start":{"line":417,"column":20},"end":{"line":417,"column":38}},"type":"binary-expr","locations":[{"start":{"line":417,"column":20},"end":{"line":417,"column":29}},{"start":{"line":417,"column":33},"end":{"line":417,"column":38}}]},"62":{"loc":{"start":{"line":418,"column":18},"end":{"line":418,"column":36}},"type":"binary-expr","locations":[{"start":{"line":418,"column":18},"end":{"line":418,"column":27}},{"start":{"line":418,"column":31},"end":{"line":418,"column":36}}]},"63":{"loc":{"start":{"line":426,"column":21},"end":{"line":426,"column":36}},"type":"binary-expr","locations":[{"start":{"line":426,"column":21},"end":{"line":426,"column":31}},{"start":{"line":426,"column":35},"end":{"line":426,"column":36}}]},"64":{"loc":{"start":{"line":427,"column":21},"end":{"line":427,"column":36}},"type":"binary-expr","locations":[{"start":{"line":427,"column":21},"end":{"line":427,"column":31}},{"start":{"line":427,"column":35},"end":{"line":427,"column":36}}]},"65":{"loc":{"start":{"line":428,"column":27},"end":{"line":428,"column":42}},"type":"binary-expr","locations":[{"start":{"line":428,"column":27},"end":{"line":428,"column":37}},{"start":{"line":428,"column":41},"end":{"line":428,"column":42}}]},"66":{"loc":{"start":{"line":428,"column":47},"end":{"line":428,"column":62}},"type":"binary-expr","locations":[{"start":{"line":428,"column":47},"end":{"line":428,"column":57}},{"start":{"line":428,"column":61},"end":{"line":428,"column":62}}]},"67":{"loc":{"start":{"line":431,"column":21},"end":{"line":431,"column":42}},"type":"binary-expr","locations":[{"start":{"line":431,"column":21},"end":{"line":431,"column":35}},{"start":{"line":431,"column":39},"end":{"line":431,"column":42}}]},"68":{"loc":{"start":{"line":432,"column":21},"end":{"line":432,"column":42}},"type":"binary-expr","locations":[{"start":{"line":432,"column":21},"end":{"line":432,"column":35}},{"start":{"line":432,"column":39},"end":{"line":432,"column":42}}]},"69":{"loc":{"start":{"line":433,"column":27},"end":{"line":433,"column":48}},"type":"binary-expr","locations":[{"start":{"line":433,"column":27},"end":{"line":433,"column":41}},{"start":{"line":433,"column":45},"end":{"line":433,"column":48}}]},"70":{"loc":{"start":{"line":433,"column":53},"end":{"line":433,"column":74}},"type":"binary-expr","locations":[{"start":{"line":433,"column":53},"end":{"line":433,"column":67}},{"start":{"line":433,"column":71},"end":{"line":433,"column":74}}]},"71":{"loc":{"start":{"line":456,"column":4},"end":{"line":462,"column":5}},"type":"if","locations":[{"start":{"line":456,"column":4},"end":{"line":462,"column":5}}]},"72":{"loc":{"start":{"line":458,"column":8},"end":{"line":460,"column":9}},"type":"if","locations":[{"start":{"line":458,"column":8},"end":{"line":460,"column":9}}]},"73":{"loc":{"start":{"line":458,"column":12},"end":{"line":458,"column":47}},"type":"binary-expr","locations":[{"start":{"line":458,"column":12},"end":{"line":458,"column":16}},{"start":{"line":458,"column":20},"end":{"line":458,"column":47}}]},"74":{"loc":{"start":{"line":474,"column":4},"end":{"line":474,"column":43}},"type":"if","locations":[{"start":{"line":474,"column":4},"end":{"line":474,"column":43}}]},"75":{"loc":{"start":{"line":474,"column":8},"end":{"line":474,"column":28}},"type":"binary-expr","locations":[{"start":{"line":474,"column":8},"end":{"line":474,"column":17}},{"start":{"line":474,"column":21},"end":{"line":474,"column":28}}]},"76":{"loc":{"start":{"line":485,"column":4},"end":{"line":485,"column":57}},"type":"if","locations":[{"start":{"line":485,"column":4},"end":{"line":485,"column":57}}]},"77":{"loc":{"start":{"line":485,"column":8},"end":{"line":485,"column":42}},"type":"binary-expr","locations":[{"start":{"line":485,"column":8},"end":{"line":485,"column":24}},{"start":{"line":485,"column":28},"end":{"line":485,"column":42}}]},"78":{"loc":{"start":{"line":498,"column":4},"end":{"line":498,"column":60}},"type":"if","locations":[{"start":{"line":498,"column":4},"end":{"line":498,"column":60}}]},"79":{"loc":{"start":{"line":498,"column":8},"end":{"line":498,"column":33}},"type":"binary-expr","locations":[{"start":{"line":498,"column":8},"end":{"line":498,"column":20}},{"start":{"line":498,"column":24},"end":{"line":498,"column":33}}]},"80":{"loc":{"start":{"line":498,"column":42},"end":{"line":498,"column":59}},"type":"binary-expr","locations":[{"start":{"line":498,"column":42},"end":{"line":498,"column":53}},{"start":{"line":498,"column":57},"end":{"line":498,"column":59}}]},"81":{"loc":{"start":{"line":506,"column":27},"end":{"line":508,"column":29}},"type":"cond-expr","locations":[{"start":{"line":507,"column":27},"end":{"line":507,"column":96}},{"start":{"line":508,"column":27},"end":{"line":508,"column":29}}]},"82":{"loc":{"start":{"line":507,"column":68},"end":{"line":507,"column":95}},"type":"binary-expr","locations":[{"start":{"line":507,"column":68},"end":{"line":507,"column":72}},{"start":{"line":507,"column":76},"end":{"line":507,"column":95}}]},"83":{"loc":{"start":{"line":510,"column":4},"end":{"line":514,"column":5}},"type":"if","locations":[{"start":{"line":510,"column":4},"end":{"line":514,"column":5}}]},"84":{"loc":{"start":{"line":512,"column":55},"end":{"line":512,"column":78}},"type":"binary-expr","locations":[{"start":{"line":512,"column":55},"end":{"line":512,"column":65}},{"start":{"line":512,"column":69},"end":{"line":512,"column":78}}]},"85":{"loc":{"start":{"line":517,"column":24},"end":{"line":521,"column":29}},"type":"cond-expr","locations":[{"start":{"line":518,"column":24},"end":{"line":519,"column":null}},{"start":{"line":521,"column":24},"end":{"line":521,"column":29}}]},"86":{"loc":{"start":{"line":519,"column":26},"end":{"line":519,"column":85}},"type":"binary-expr","locations":[{"start":{"line":519,"column":26},"end":{"line":519,"column":30}},{"start":{"line":519,"column":34},"end":{"line":519,"column":44}},{"start":{"line":519,"column":48},"end":{"line":519,"column":85}}]},"87":{"loc":{"start":{"line":523,"column":4},"end":{"line":525,"column":5}},"type":"if","locations":[{"start":{"line":523,"column":4},"end":{"line":525,"column":5}}]},"88":{"loc":{"start":{"line":528,"column":25},"end":{"line":532,"column":30}},"type":"cond-expr","locations":[{"start":{"line":529,"column":25},"end":{"line":530,"column":null}},{"start":{"line":532,"column":25},"end":{"line":532,"column":30}}]},"89":{"loc":{"start":{"line":530,"column":27},"end":{"line":530,"column":87}},"type":"binary-expr","locations":[{"start":{"line":530,"column":27},"end":{"line":530,"column":31}},{"start":{"line":530,"column":35},"end":{"line":530,"column":45}},{"start":{"line":530,"column":49},"end":{"line":530,"column":87}}]},"90":{"loc":{"start":{"line":534,"column":4},"end":{"line":536,"column":5}},"type":"if","locations":[{"start":{"line":534,"column":4},"end":{"line":536,"column":5}}]}},"s":{"0":3,"1":3,"2":3,"3":3,"4":3,"5":0,"6":0,"7":0,"8":0,"9":0,"10":0,"11":0,"12":0,"13":0,"14":0,"15":0,"16":0,"17":0,"18":0,"19":0,"20":0,"21":0,"22":0,"23":0,"24":0,"25":0,"26":0,"27":0,"28":0,"29":0,"30":0,"31":0,"32":0,"33":0,"34":0,"35":0,"36":0,"37":0,"38":0,"39":0,"40":0,"41":0,"42":0,"43":0,"44":0,"45":0,"46":0,"47":0,"48":0,"49":0,"50":0,"51":0,"52":0,"53":0,"54":0,"55":0,"56":0,"57":0,"58":0,"59":0,"60":0,"61":0,"62":0,"63":0,"64":0,"65":0,"66":0,"67":0,"68":0,"69":0,"70":0,"71":0,"72":0,"73":0,"74":0,"75":0,"76":0,"77":0,"78":0,"79":0,"80":0,"81":0,"82":0,"83":0,"84":0,"85":0,"86":0,"87":0,"88":0,"89":0,"90":0,"91":0,"92":0,"93":0,"94":0,"95":0,"96":0,"97":0,"98":0,"99":0,"100":0,"101":0,"102":0,"103":0,"104":0,"105":0,"106":0,"107":0,"108":0,"109":0,"110":0,"111":0,"112":0,"113":0,"114":0,"115":0,"116":0,"117":0,"118":0,"119":0,"120":0,"121":0,"122":0,"123":0,"124":0,"125":0,"126":0,"127":0,"128":0,"129":0,"130":0,"131":0,"132":0,"133":0,"134":3,"135":3},"f":{"0":0,"1":0,"2":0,"3":0,"4":0,"5":0,"6":0,"7":0,"8":0,"9":0,"10":0,"11":0,"12":0,"13":0,"14":0,"15":0},"b":{"0":[0],"1":[0],"2":[0],"3":[0],"4":[0,0],"5":[0],"6":[0],"7":[0],"8":[0],"9":[0,0],"10":[0,0],"11":[0,0],"12":[0,0],"13":[0,0],"14":[0],"15":[0,0],"16":[0],"17":[0,0],"18":[0,0],"19":[0,0],"20":[0,0],"21":[0,0],"22":[0,0],"23":[0,0],"24":[0,0],"25":[0,0],"26":[0,0],"27":[0],"28":[0,0],"29":[0,0],"30":[0,0],"31":[0,0],"32":[0],"33":[0,0],"34":[0,0],"35":[0],"36":[0,0],"37":[0,0],"38":[0,0],"39":[0],"40":[0,0],"41":[0],"42":[0,0],"43":[0],"44":[0,0],"45":[0,0],"46":[0],"47":[0,0,0],"48":[0],"49":[0,0,0],"50":[0,0],"51":[0,0],"52":[0,0],"53":[0,0],"54":[0,0],"55":[0],"56":[0,0,0,0],"57":[0],"58":[0,0,0,0,0],"59":[0],"60":[0],"61":[0,0],"62":[0,0],"63":[0,0],"64":[0,0],"65":[0,0],"66":[0,0],"67":[0,0],"68":[0,0],"69":[0,0],"70":[0,0],"71":[0],"72":[0],"73":[0,0],"74":[0],"75":[0,0],"76":[0],"77":[0,0],"78":[0],"79":[0,0],"80":[0,0],"81":[0,0],"82":[0,0],"83":[0],"84":[0,0],"85":[0,0],"86":[0,0,0],"87":[0],"88":[0,0],"89":[0,0,0],"90":[0]}}
,"/Users/sunguochao/Documents/Development/cursor/DataScope-Node/webService/src/api/controllers/query-plan.controller.ts": {"path":"/Users/sunguochao/Documents/Development/cursor/DataScope-Node/webService/src/api/controllers/query-plan.controller.ts","statementMap":{"0":{"start":{"line":3,"column":0},"end":{"line":3,"column":46}},"1":{"start":{"line":4,"column":0},"end":{"line":4,"column":45}},"2":{"start":{"line":5,"column":0},"end":{"line":5,"column":70}},"3":{"start":{"line":6,"column":0},"end":{"line":6,"column":60}},"4":{"start":{"line":7,"column":0},"end":{"line":7,"column":40}},"5":{"start":{"line":9,"column":0},"end":{"line":9,"column":69}},"6":{"start":{"line":11,"column":0},"end":{"line":11,"column":null}},"7":{"start":{"line":19,"column":15},"end":{"line":19,"column":33}},"8":{"start":{"line":20,"column":26},"end":{"line":20,"column":49}},"9":{"start":{"line":21,"column":21},"end":{"line":21,"column":39}},"10":{"start":{"line":22,"column":25},"end":{"line":22,"column":47}},"11":{"start":{"line":64,"column":4},"end":{"line":138,"column":5}},"12":{"start":{"line":65,"column":36},"end":{"line":65,"column":62}},"13":{"start":{"line":67,"column":6},"end":{"line":69,"column":7}},"14":{"start":{"line":68,"column":8},"end":{"line":68,"column":42}},"15":{"start":{"line":72,"column":25},"end":{"line":72,"column":80}},"16":{"start":{"line":73,"column":6},"end":{"line":75,"column":7}},"17":{"start":{"line":74,"column":8},"end":{"line":74,"column":42}},"18":{"start":{"line":79,"column":24},"end":{"line":79,"column":74}},"19":{"start":{"line":84,"column":6},"end":{"line":92,"column":7}},"20":{"start":{"line":86,"column":8},"end":{"line":86,"column":55}},"21":{"start":{"line":87,"column":13},"end":{"line":92,"column":7}},"22":{"start":{"line":89,"column":8},"end":{"line":89,"column":55}},"23":{"start":{"line":91,"column":8},"end":{"line":91,"column":51}},"24":{"start":{"line":95,"column":24},"end":{"line":95,"column":78}},"25":{"start":{"line":98,"column":6},"end":{"line":106,"column":7}},"26":{"start":{"line":99,"column":8},"end":{"line":103,"column":9}},"27":{"start":{"line":100,"column":10},"end":{"line":100,"column":84}},"28":{"start":{"line":102,"column":10},"end":{"line":102,"column":33}},"29":{"start":{"line":105,"column":8},"end":{"line":105,"column":31}},"30":{"start":{"line":109,"column":23},"end":{"line":109,"column":76}},"31":{"start":{"line":110,"column":27},"end":{"line":110,"column":54}},"32":{"start":{"line":113,"column":24},"end":{"line":113,"column":90}},"33":{"start":{"line":116,"column":6},"end":{"line":122,"column":9}},"34":{"start":{"line":124,"column":6},"end":{"line":124,"column":42}},"35":{"start":{"line":126,"column":6},"end":{"line":137,"column":7}},"36":{"start":{"line":127,"column":8},"end":{"line":130,"column":11}},"37":{"start":{"line":132,"column":8},"end":{"line":136,"column":11}},"38":{"start":{"line":147,"column":4},"end":{"line":147,"column":39}},"39":{"start":{"line":156,"column":4},"end":{"line":221,"column":5}},"40":{"start":{"line":157,"column":25},"end":{"line":157,"column":35}},"41":{"start":{"line":159,"column":6},"end":{"line":161,"column":7}},"42":{"start":{"line":160,"column":8},"end":{"line":160,"column":44}},"43":{"start":{"line":164,"column":24},"end":{"line":169,"column":8}},"44":{"start":{"line":171,"column":6},"end":{"line":173,"column":7}},"45":{"start":{"line":172,"column":8},"end":{"line":172,"column":43}},"46":{"start":{"line":176,"column":25},"end":{"line":176,"column":90}},"47":{"start":{"line":179,"column":23},"end":{"line":179,"column":66}},"48":{"start":{"line":182,"column":24},"end":{"line":182,"column":74}},"49":{"start":{"line":185,"column":26},"end":{"line":185,"column":71}},"50":{"start":{"line":188,"column":27},"end":{"line":188,"column":85}},"51":{"start":{"line":191,"column":6},"end":{"line":196,"column":9}},"52":{"start":{"line":199,"column":6},"end":{"line":205,"column":9}},"53":{"start":{"line":207,"column":6},"end":{"line":207,"column":42}},"54":{"start":{"line":209,"column":6},"end":{"line":220,"column":7}},"55":{"start":{"line":210,"column":8},"end":{"line":213,"column":11}},"56":{"start":{"line":215,"column":8},"end":{"line":219,"column":11}},"57":{"start":{"line":232,"column":4},"end":{"line":248,"column":5}},"58":{"start":{"line":233,"column":23},"end":{"line":233,"column":43}},"59":{"start":{"line":236,"column":6},"end":{"line":243,"column":9}},"60":{"start":{"line":245,"column":6},"end":{"line":245,"column":42}},"61":{"start":{"line":247,"column":6},"end":{"line":247,"column":43}},"62":{"start":{"line":257,"column":4},"end":{"line":323,"column":5}},"63":{"start":{"line":258,"column":35},"end":{"line":258,"column":43}},"64":{"start":{"line":260,"column":6},"end":{"line":262,"column":7}},"65":{"start":{"line":261,"column":8},"end":{"line":261,"column":42}},"66":{"start":{"line":265,"column":29},"end":{"line":272,"column":8}},"67":{"start":{"line":274,"column":6},"end":{"line":276,"column":7}},"68":{"start":{"line":275,"column":8},"end":{"line":275,"column":48}},"69":{"start":{"line":279,"column":24},"end":{"line":279,"column":63}},"70":{"start":{"line":280,"column":24},"end":{"line":280,"column":63}},"71":{"start":{"line":283,"column":25},"end":{"line":283,"column":86}},"72":{"start":{"line":284,"column":6},"end":{"line":286,"column":7}},"73":{"start":{"line":285,"column":8},"end":{"line":285,"column":42}},"74":{"start":{"line":289,"column":20},"end":{"line":289,"column":75}},"75":{"start":{"line":290,"column":20},"end":{"line":290,"column":75}},"76":{"start":{"line":291,"column":26},"end":{"line":291,"column":98}},"77":{"start":{"line":294,"column":29},"end":{"line":301,"column":8}},"78":{"start":{"line":304,"column":6},"end":{"line":307,"column":9}},"79":{"start":{"line":309,"column":6},"end":{"line":309,"column":42}},"80":{"start":{"line":311,"column":6},"end":{"line":322,"column":7}},"81":{"start":{"line":312,"column":8},"end":{"line":315,"column":11}},"82":{"start":{"line":317,"column":8},"end":{"line":321,"column":11}},"83":{"start":{"line":332,"column":4},"end":{"line":364,"column":5}},"84":{"start":{"line":333,"column":27},"end":{"line":333,"column":71}},"85":{"start":{"line":334,"column":20},"end":{"line":334,"column":61}},"86":{"start":{"line":335,"column":21},"end":{"line":335,"column":62}},"87":{"start":{"line":338,"column":21},"end":{"line":341,"column":null}},"88":{"start":{"line":345,"column":6},"end":{"line":348,"column":9}},"89":{"start":{"line":350,"column":6},"end":{"line":350,"column":46}},"90":{"start":{"line":352,"column":6},"end":{"line":363,"column":7}},"91":{"start":{"line":353,"column":8},"end":{"line":356,"column":11}},"92":{"start":{"line":358,"column":8},"end":{"line":362,"column":11}},"93":{"start":{"line":373,"column":4},"end":{"line":416,"column":5}},"94":{"start":{"line":374,"column":25},"end":{"line":374,"column":35}},"95":{"start":{"line":376,"column":6},"end":{"line":378,"column":7}},"96":{"start":{"line":377,"column":8},"end":{"line":377,"column":44}},"97":{"start":{"line":381,"column":24},"end":{"line":381,"column":67}},"98":{"start":{"line":383,"column":6},"end":{"line":385,"column":7}},"99":{"start":{"line":384,"column":8},"end":{"line":384,"column":43}},"100":{"start":{"line":388,"column":23},"end":{"line":388,"column":53}},"101":{"start":{"line":391,"column":6},"end":{"line":400,"column":9}},"102":{"start":{"line":402,"column":6},"end":{"line":402,"column":42}},"103":{"start":{"line":404,"column":6},"end":{"line":415,"column":7}},"104":{"start":{"line":405,"column":8},"end":{"line":408,"column":11}},"105":{"start":{"line":410,"column":8},"end":{"line":414,"column":11}},"106":{"start":{"line":57,"column":0},"end":{"line":57,"column":13}}},"fnMap":{"0":{"name":"(anonymous_1)","decl":{"start":{"line":63,"column":9},"end":{"line":63,"column":14}},"loc":{"start":{"line":63,"column":68},"end":{"line":139,"column":3}}},"1":{"name":"(anonymous_2)","decl":{"start":{"line":146,"column":9},"end":{"line":146,"column":14}},"loc":{"start":{"line":146,"column":63},"end":{"line":148,"column":3}}},"2":{"name":"(anonymous_3)","decl":{"start":{"line":155,"column":9},"end":{"line":155,"column":14}},"loc":{"start":{"line":155,"column":75},"end":{"line":222,"column":3}}},"3":{"name":"(anony
[...]
"column":8}},"loc":{"start":{"line":30,"column":67},"end":{"line":32,"column":3}}},"2":{"name":"(anonymous_2)","decl":{"start":{"line":39,"column":2},"end":{"line":39,"column":8}},"loc":{"start":{"line":39,"column":64},"end":{"line":41,"column":3}}},"3":{"name":"(anonymous_3)","decl":{"start":{"line":48,"column":2},"end":{"line":48,"column":8}},"loc":{"start":{"line":48,"column":70},"end":{"line":50,"column":3}}},"4":{"name":"(anonymous_4)","decl":{"start":{"line":57,"column":2},"end":{"line":57,"column":8}},"loc":{"start":{"line":57,"column":70},"end":{"line":59,"column":3}}},"5":{"name":"(anonymous_5)","decl":{"start":{"line":66,"column":2},"end":{"line":66,"column":8}},"loc":{"start":{"line":66,"column":65},"end":{"line":68,"column":3}}},"6":{"name":"(anonymous_6)","decl":{"start":{"line":75,"column":2},"end":{"line":75,"column":8}},"loc":{"start":{"line":75,"column":67},"end":{"line":77,"column":3}}}},"branchMap":{"0":{"loc":{"start":{"line":18,"column":4},"end":{"line":18,"column":50}},"type":"default-arg","locations":[{"start":{"line":18,"column":24},"end":{"line":18,"column":50}}]},"1":{"loc":{"start":{"line":19,"column":4},"end":{"line":19,"column":28}},"type":"default-arg","locations":[{"start":{"line":19,"column":25},"end":{"line":19,"column":28}}]},"2":{"loc":{"start":{"line":30,"column":25},"end":{"line":30,"column":52}},"type":"default-arg","locations":[{"start":{"line":30,"column":43},"end":{"line":30,"column":52}}]},"3":{"loc":{"start":{"line":39,"column":20},"end":{"line":39,"column":49}},"type":"default-arg","locations":[{"start":{"line":39,"column":38},"end":{"line":39,"column":49}}]},"4":{"loc":{"start":{"line":48,"column":26},"end":{"line":48,"column":55}},"type":"default-arg","locations":[{"start":{"line":48,"column":44},"end":{"line":48,"column":55}}]},"5":{"loc":{"start":{"line":57,"column":24},"end":{"line":57,"column":55}},"type":"default-arg","locations":[{"start":{"line":57,"column":42},"end":{"line":57,"column":55}}]},"6":{"loc":{"start":{"line":66,"column":22},"end":{"line":66,"column":50}},"type":"default-arg","locations":[{"start":{"line":66,"column":40},"end":{"line":66,"column":50}}]},"7":{"loc":{"start":{"line":75,"column":25},"end":{"line":75,"column":52}},"type":"default-arg","locations":[{"start":{"line":75,"column":43},"end":{"line":75,"column":52}}]}},"s":{"0":7,"1":7,"2":17,"3":5,"4":2,"5":2,"6":3,"7":2,"8":2,"9":7},"f":{"0":17,"1":5,"2":2,"3":2,"4":3,"5":2,"6":2},"b":{"0":[1],"1":[1],"2":[1],"3":[1],"4":[1],"5":[1],"6":[1],"7":[1]}}
,"/Users/sunguochao/Documents/Development/cursor/DataScope-Node/webService/src/utils/errors/types/datasource-error.ts": {"path":"/Users/sunguochao/Documents/Development/cursor/DataScope-Node/webService/src/utils/errors/types/datasource-error.ts","statementMap":{"0":{"start":{"line":1,"column":0},"end":{"line":1,"column":40}},"1":{"start":{"line":2,"column":0},"end":{"line":2,"column":45}},"2":{"start":{"line":22,"column":4},"end":{"line":22,"column":70}},"3":{"start":{"line":31,"column":4},"end":{"line":31,"column":85}},"4":{"start":{"line":40,"column":4},"end":{"line":40,"column":89}},"5":{"start":{"line":49,"column":4},"end":{"line":49,"column":77}},"6":{"start":{"line":58,"column":4},"end":{"line":58,"column":93}},"7":{"start":{"line":67,"column":4},"end":{"line":67,"column":95}},"8":{"start":{"line":76,"column":4},"end":{"line":76,"column":75}},"9":{"start":{"line":8,"column":0},"end":{"line":8,"column":13}}},"fnMap":{"0":{"name":"(anonymous_0)","decl":{"start":{"line":16,"column":2},"end":{"line":16,"column":null}},"loc":{"start":{"line":20,"column":17},"end":{"line":23,"column":3}}},"1":{"name":"(anonymous_1)","decl":{"start":{"line":30,"column":2},"end":{"line":30,"column":8}},"loc":{"start":{"line":30,"column":69},"end":{"line":32,"column":3}}},"2":{"name":"(anonymous_2)","decl":{"start":{"line":39,"column":2},"end":{"line":39,"column":8}},"loc":{"start":{"line":39,"column":72},"end":{"line":41,"column":3}}},"3":{"name":"(anonymous_3)","decl":{"start":{"line":48,"column":2},"end":{"line":48,"column":8}},"loc":{"start":{"line":48,"column":59},"end":{"line":50,"column":3}}},"4":{"name":"(anonymous_4)","decl":{"start":{"line":57,"column":2},"end":{"line":57,"column":8}},"loc":{"start":{"line":57,"column":72},"end":{"line":59,"column":3}}},"5":{"name":"(anonymous_5)","decl":{"start":{"line":66,"column":2},"end":{"line":66,"column":8}},"loc":{"start":{"line":66,"column":69},"end":{"line":68,"column":3}}},"6":{"name":"(anonymous_6)","decl":{"start":{"line":75,"column":2},"end":{"line":75,"column":8}},"loc":{"start":{"line":75,"column":59},"end":{"line":77,"column":3}}}},"branchMap":{"0":{"loc":{"start":{"line":18,"column":4},"end":{"line":18,"column":52}},"type":"default-arg","locations":[{"start":{"line":18,"column":24},"end":{"line":18,"column":52}}]},"1":{"loc":{"start":{"line":19,"column":4},"end":{"line":19,"column":28}},"type":"default-arg","locations":[{"start":{"line":19,"column":25},"end":{"line":19,"column":28}}]},"2":{"loc":{"start":{"line":30,"column":26},"end":{"line":30,"column":54}},"type":"default-arg","locations":[{"start":{"line":30,"column":44},"end":{"line":30,"column":54}}]},"3":{"loc":{"start":{"line":39,"column":30},"end":{"line":39,"column":57}},"type":"default-arg","locations":[{"start":{"line":39,"column":48},"end":{"line":39,"column":57}}]},"4":{"loc":{"start":{"line":48,"column":18},"end":{"line":48,"column":44}},"type":"default-arg","locations":[{"start":{"line":48,"column":36},"end":{"line":48,"column":44}}]},"5":{"loc":{"start":{"line":57,"column":30},"end":{"line":57,"column":57}},"type":"default-arg","locations":[{"start":{"line":57,"column":48},"end":{"line":57,"column":57}}]},"6":{"loc":{"start":{"line":66,"column":25},"end":{"line":66,"column":54}},"type":"default-arg","locations":[{"start":{"line":66,"column":43},"end":{"line":66,"column":54}}]},"7":{"loc":{"start":{"line":75,"column":17},"end":{"line":75,"column":44}},"type":"default-arg","locations":[{"start":{"line":75,"column":35},"end":{"line":75,"column":44}}]}},"s":{"0":7,"1":7,"2":7,"3":1,"4":1,"5":1,"6":1,"7":1,"8":1,"9":7},"f":{"0":7,"1":1,"2":1,"3":1,"4":1,"5":1,"6":1},"b":{"0":[1],"1":[1],"2":[1],"3":[1],"4":[1],"5":[1],"6":[1],"7":[1]}}
,"/Users/sunguochao/Documents/Development/cursor/DataScope-Node/webService/src/utils/errors/types/query-error.ts": {"path":"/Users/sunguochao/Documents/Development/cursor/DataScope-Node/webService/src/utils/errors/types/query-error.ts","statementMap":{"0":{"start":{"line":1,"column":0},"end":{"line":1,"column":40}},"1":{"start":{"line":2,"column":0},"end":{"line":2,"column":45}},"2":{"start":{"line":22,"column":4},"end":{"line":22,"column":65}},"3":{"start":{"line":31,"column":4},"end":{"line":31,"column":81}},"4":{"start":{"line":40,"column":4},"end":{"line":40,"column":76}},"5":{"start":{"line":49,"column":4},"end":{"line":49,"column":86}},"6":{"start":{"line":58,"column":4},"end":{"line":58,"column":87}},"7":{"start":{"line":67,"column":4},"end":{"line":67,"column":80}},"8":{"start":{"line":76,"column":4},"end":{"line":76,"column":85}},"9":{"start":{"line":8,"column":0},"end":{"line":8,"column":13}}},"fnMap":{"0":{"name":"(anonymous_0)","decl":{"start":{"line":16,"column":2},"end":{"line":16,"column":null}},"loc":{"start":{"line":20,"column":17},"end":{"line":23,"column":3}}},"1":{"name":"(anonymous_1)","decl":{"start":{"line":30,"column":2},"end":{"line":30,"column":8}},"loc":{"start":{"line":30,"column":63},"end":{"line":32,"column":3}}},"2":{"name":"(anonymous_2)","decl":{"start":{"line":39,"column":2},"end":{"line":39,"column":8}},"loc":{"start":{"line":39,"column":58},"end":{"line":41,"column":3}}},"3":{"name":"(anonymous_3)","decl":{"start":{"line":48,"column":2},"end":{"line":48,"column":8}},"loc":{"start":{"line":48,"column":68},"end":{"line":50,"column":3}}},"4":{"name":"(anonymous_4)","decl":{"start":{"line":57,"column":2},"end":{"line":57,"column":8}},"loc":{"start":{"line":57,"column":69},"end":{"line":59,"column":3}}},"5":{"name":"(anonymous_5)","decl":{"start":{"line":66,"column":2},"end":{"line":66,"column":8}},"loc":{"start":{"line":66,"column":67},"end":{"line":68,"column":3}}},"6":{"name":"(anonymous_6)","decl":{"start":{"line":75,"column":2},"end":{"line":75,"column":8}},"loc":{"start":{"line":75,"column":65},"end":{"line":77,"column":3}}}},"branchMap":{"0":{"loc":{"start":{"line":18,"column":4},"end":{"line":18,"column":57}},"type":"default-arg","locations":[{"start":{"line":18,"column":24},"end":{"line":18,"column":57}}]},"1":{"loc":{"start":{"line":19,"column":4},"end":{"line":19,"column":28}},"type":"default-arg","locations":[{"start":{"line":19,"column":25},"end":{"line":19,"column":28}}]},"2":{"loc":{"start":{"line":30,"column":21},"end":{"line":30,"column":48}},"type":"default-arg","locations":[{"start":{"line":30,"column":39},"end":{"line":30,"column":48}}]},"3":{"loc":{"start":{"line":39,"column":17},"end":{"line":39,"column":43}},"type":"default-arg","locations":[{"start":{"line":39,"column":35},"end":{"line":39,"column":43}}]},"4":{"loc":{"start":{"line":48,"column":26},"end":{"line":48,"column":53}},"type":"default-arg","locations":[{"start":{"line":48,"column":44},"end":{"line":48,"column":53}}]},"5":{"loc":{"start":{"line":57,"column":26},"end":{"line":57,"column":54}},"type":"default-arg","locations":[{"start":{"line":57,"column":44},"end":{"line":57,"column":54}}]},"6":{"loc":{"start":{"line":66,"column":20},"end":{"line":66,"column":52}},"type":"default-arg","locations":[{"start":{"line":66,"column":38},"end":{"line":66,"column":52}}]},"7":{"loc":{"start":{"line":75,"column":24},"end":{"line":75,"column":50}},"type":"default-arg","locations":[{"start":{"line":75,"column":42},"end":{"line":75,"column":50}}]}},"s":{"0":7,"1":7,"2":7,"3":1,"4":1,"5":1,"6":1,"7":1,"8":1,"9":7},"f":{"0":7,"1":1,"2":1,"3":1,"4":1,"5":1,"6":1},"b":{"0":[1],"1":[1],"2":[1],"3":[1],"4":[1],"5":[1],"6":[1],"7":[1]}}
,"/Users/sunguochao/Documents/Development/cursor/DataScope-Node/webService/src/utils/errors/types/query-plan-error.ts": {"path":"/Users/sunguochao/Documents/Development/cursor/DataScope-Node/webService/src/utils/errors/types/query-plan-error.ts","statementMap":{"0":{"start":{"line":1,"column":0},"end":{"line":1,"column":40}},"1":{"start":{"line":2,"column":0},"end":{"line":2,"column":45}},"2":{"start":{"line":22,"column":4},"end":{"line":22,"column":69}},"3":{"start":{"line":31,"column":4},"end":{"line":31,"column":88}},"4":{"start":{"line":40,"column":4},"end":{"line":40,"column":85}},"5":{"start":{"line":49,"column":4},"end":{"line":49,"column":88}},"6":{"start":{"line":58,"column":4},"end":{"line":58,"column":83}},"7":{"start":{"line":67,"column":4},"end":{"line":67,"column":91}},"8":{"start":{"line":76,"column":4},"end":{"line":76,"column":81}},"9":{"start":{"line":85,"column":4},"end":{"line":85,"column":78}},"10":{"start":{"line":8,"column":0},"end":{"line":8,"column":13}}},"fnMap":{"0":{"name":"(anonymous_0)","decl":{"start":{"line":16,"column":2},"end":{"line":16,"column":null}},"loc":{"start":{"line":20,"column":17},"end":{"line":23,"column":3}}},"1":{"name":"(anonymous_1)","decl":{"start":{"line":30,"column":2},"end":{"line":30,"column":8}},"loc":{"start":{"line":30,"column":71},"end":{"line":32,"column":3}}},"2":{"name":"(anonymous_2)","decl":{"start":{"line":39,"column":2},"end":{"line":39,"column":8}},"loc":{"start":{"line":39,"column":65},"end":{"line":41,"column":3}}},"3":{"name":"(anonymous_3)","decl":{"start":{"line":48,"column":2},"end":{"line":48,"column":8}},"loc":{"start":{"line":48,"column":68},"end":{"line":50,"column":3}}},"4":{"name":"(anonymous_4)","decl":{"start":{"line":57,"column":2},"end":{"line":57,"column":8}},"loc":{"start":{"line":57,"column":77},"end":{"line":59,"column":3}}},"5":{"name":"(anonymous_5)","decl":{"start":{"line":66,"column":2},"end":{"line":66,"column":8}},"loc":{"start":{"line":66,"column":69},"end":{"line":68,"column":3}}},"6":{"name":"(anonymous_6)","decl":{"start":{"line":75,"column":2},"end":{"line":75,"column":8}},"loc":{"start":{"line":75,"column":67},"end":{"line":77,"column":3}}},"7":{"name":"(anonymous_7)","decl":{"start":{"line":84,"column":2},"end":{"line":84,"column":8}},"loc":{"start":{"line":84,"column":76},"end":{"line":86,"column":3}}}},"branchMap":{"0":{"loc":{"start":{"line":18,"column":4},"end":{"line":18,"column":57}},"type":"default-arg","locations":[{"start":{"line":18,"column":24},"end":{"line":18,"column":57}}]},"1":{"loc":{"start":{"line":19,"column":4},"end":{"line":19,"column":28}},"type":"default-arg","locations":[{"start":{"line":19,"column":25},"end":{"line":19,"column":28}}]},"2":{"loc":{"start":{"line":30,"column":26},"end":{"line":30,"column":56}},"type":"default-arg","locations":[{"start":{"line":30,"column":44},"end":{"line":30,"column":56}}]},"3":{"loc":{"start":{"line":39,"column":20},"end":{"line":39,"column":50}},"type":"default-arg","locations":[{"start":{"line":39,"column":38},"end":{"line":39,"column":50}}]},"4":{"loc":{"start":{"line":48,"column":23},"end":{"line":48,"column":53}},"type":"default-arg","locations":[{"start":{"line":48,"column":41},"end":{"line":48,"column":53}}]},"5":{"loc":{"start":{"line":57,"column":33},"end":{"line":57,"column":62}},"type":"default-arg","locations":[{"start":{"line":57,"column":51},"end":{"line":57,"column":62}}]},"6":{"loc":{"start":{"line":66,"column":24},"end":{"line":66,"column":54}},"type":"default-arg","locations":[{"start":{"line":66,"column":42},"end":{"line":66,"column":54}}]},"7":{"loc":{"start":{"line":75,"column":22},"end":{"line":75,"column":52}},"type":"default-arg","locations":[{"start":{"line":75,"column":40},"end":{"line":75,"column":52}}]},"8":{"loc":{"start":{"line":84,"column":26},"end":{"line":84,"column":61}},"type":"default-arg","locations":[{"start":{"line":84,"column":44},"end":{"line":84,"column":61}}]}},"s":{"0":7,"1":7,"2":0,"3":0,"4":0,"5":0,"6":0,"7":0,"8":0,"9":0,"10":7},"f":{"0":0,"1":0,"2":0,"3":0,"4":0,"5":0,"6":0,"7":0},"b":{"0":[0],"1":[0],"2":[0],"3":[0],"4":[0],"5":[0],"6":[0],"7":[0],"8":[0]}}
,"/Users/sunguochao/Documents/Development/cursor/DataScope-Node/webService/src/utils/errors/types/validation-error.ts": {"path":"/Users/sunguochao/Documents/Development/cursor/DataScope-Node/webService/src/utils/errors/types/validation-error.ts","statementMap":{"0":{"start":{"line":1,"column":0},"end":{"line":1,"column":40}},"1":{"start":{"line":2,"column":0},"end":{"line":2,"column":45}},"2":{"start":{"line":20,"column":4},"end":{"line":20,"column":63}},"3":{"start":{"line":29,"column":4},"end":{"line":29,"column":83}},"4":{"start":{"line":38,"column":25},"end":{"line":38,"column":54}},"5":{"start":{"line":39,"column":4},"end":{"line":39,"column":92}},"6":{"start":{"line":49,"column":25},"end":{"line":49,"column":66}},"7":{"start":{"line":50,"column":4},"end":{"line":50,"column":98}},"8":{"start":{"line":61,"column":23},"end":{"line":61,"column":52}},"9":{"start":{"line":62,"column":4},"end":{"line":68,"column":5}},"10":{"start":{"line":63,"column":6},"end":{"line":63,"column":70}},"11":{"start":{"line":64,"column":11},"end":{"line":68,"column":5}},"12":{"start":{"line":65,"column":6},"end":{"line":65,"column":60}},"13":{"start":{"line":66,"column":11},"end":{"line":68,"column":5}},"14":{"start":{"line":67,"column":6},"end":{"line":67,"column":60}},"15":{"start":{"line":70,"column":4},"end":{"line":70,"column":100}},"16":{"start":{"line":80,"column":25},"end":{"line":80,"column":64}},"17":{"start":{"line":81,"column":4},"end":{"line":81,"column":98}},"18":{"start":{"line":8,"column":0},"end":{"line":8,"column":13}}},"fnMap":{"0":{"name":"(anonymous_0)","decl":{"start":{"line":15,"column":2},"end":{"line":15,"column":null}},"loc":{"start":{"line":18,"column":17},"end":{"line":21,"column":3}}},"1":{"name":"(anonymous_1)","decl":{"start":{"line":28,"column":2},"end":{"line":28,"column":8}},"loc":{"start":{"line":28,"column":88},"end":{"line":30,"column":3}}},"2":{"name":"(anonymous_2)","decl":{"start":{"line":37,"column":2},"end":{"line":37,"column":8}},"loc":{"start":{"line":37,"column":54},"end":{"line":40,"column":3}}},"3":{"name":"(anonymous_3)","decl":{"start":{"line":48,"column":2},"end":{"line":48,"column":8}},"loc":{"start":{"line":48,"column":70},"end":{"line":51,"column":3}}},"4":{"name":"(anonymous_4)","decl":{"start":{"line":60,"column":2},"end":{"line":60,"column":8}},"loc":{"start":{"line":60,"column":82},"end":{"line":71,"column":3}}},"5":{"name":"(anonymous_5)","decl":{"start":{"line":79,"column":2},"end":{"line":79,"column":8}},"loc":{"start":{"line":79,"column":70},"end":{"line":82,"column":3}}}},"branchMap":{"0":{"loc":{"start":{"line":16,"column":4},"end":{"line":16,"column":30}},"type":"default-arg","locations":[{"start":{"line":16,"column":22},"end":{"line":16,"column":30}}]},"1":{"loc":{"start":{"line":17,"column":4},"end":{"line":17,"column":52}},"type":"default-arg","locations":[{"start":{"line":17,"column":24},"end":{"line":17,"column":52}}]},"2":{"loc":{"start":{"line":28,"column":62},"end":{"line":28,"column":88}},"type":"default-arg","locations":[{"start":{"line":28,"column":80},"end":{"line":28,"column":88}}]},"3":{"loc":{"start":{"line":38,"column":25},"end":{"line":38,"column":54}},"type":"binary-expr","locations":[{"start":{"line":38,"column":25},"end":{"line":38,"column":32}},{"start":{"line":38,"column":36},"end":{"line":38,"column":54}}]},"4":{"loc":{"start":{"line":49,"column":25},"end":{"line":49,"column":66}},"type":"binary-expr","locations":[{"start":{"line":49,"column":25},"end":{"line":49,"column":32}},{"start":{"line":49,"column":36},"end":{"line":49,"column":66}}]},"5":{"loc":{"start":{"line":61,"column":23},"end":{"line":61,"column":52}},"type":"binary-expr","locations":[{"start":{"line":61,"column":23},"end":{"line":61,"column":30}},{"start":{"line":61,"column":34},"end":{"line":61,"column":52}}]},"6":{"loc":{"start":{"line":62,"column":4},"end":{"line":68,"column":5}},"type":"if","locations":[{"start":{"line":62,"column":4},"end":{"line":68,"column":5}},{"start":{"line":64,"column":11},"end":{"line":68,"column":5}}]},"7":{"loc":{"start":{"line":62,"column":8},"end":{"line":62,"column":46}},"type":"binary-expr","locations":[{"start":{"line":62,"column":8},"end":{"line":62,"column":25}},{"start":{"line":62,"column":29},"end":{"line":62,"column":46}}]},"8":{"loc":{"start":{"line":63,"column":21},"end":{"line":63,"column":69}},"type":"binary-expr","locations":[{"start":{"line":63,"column":21},"end":{"line":63,"column":28}},{"start":{"line":63,"column":32},"end":{"line":63,"column":69}}]},"9":{"loc":{"start":{"line":64,"column":11},"end":{"line":68,"column":5}},"type":"if","locations":[{"start":{"line":64,"column":11},"end":{"line":68,"column":5}},{"start":{"line":66,"column":11},"end":{"line":68,"column":5}}]},"10":{"loc":{"start":{"line":65,"column":21},"end":{"line":65,"column":59}},"type":"binary-expr","locations":[{"start":{"line":65,"column":21},"end":{"line":65,"column":28}},{"start":{"line":65,"column":32},"end":{"line":65,"column":59}}]},"11":{"loc":{"start":{"line":66,"column":11},"end":{"line":68,"column":5}},"type":"if","locations":[{"start":{"line":66,"column":11},"end":{"line":68,"column":5}}]},"12":{"loc":{"start":{"line":67,"column":21},"end":{"line":67,"column":59}},"type":"binary-expr","locations":[{"start":{"line":67,"column":21},"end":{"line":67,"column":28}},{"start":{"line":67,"column":32},"end":{"line":67,"column":59}}]},"13":{"loc":{"start":{"line":80,"column":25},"end":{"line":80,"column":64}},"type":"binary-expr","locations":[{"start":{"line":80,"column":25},"end":{"line":80,"column":32}},{"start":{"line":80,"column":36},"end":{"line":80,"column":64}}]}},"s":{"0":7,"1":7,"2":15,"3":2,"4":2,"5":2,"6":2,"7":2,"8":3,"9":3,"10":2,"11":1,"12":1,"13":0,"14":0,"15":3,"16":2,"17":2,"18":7},"f":{"0":15,"1":2,"2":2,"3":2,"4":3,"5":2},"b":{"0":[0],"1":[4],"2":[1],"3":[2,1],"4":[2,1],"5":[3,1],"6":[2,1],"7":[3,3],"8":[2,1],"9":[1,0],"10":[1,0],"11":[0],"12":[0,0],"13":[2,1]}}
}
