TN:
SF:src/app.ts
FN:42,(anonymous_1)
FN:53,(anonymous_2)
FN:59,(anonymous_3)
FN:90,(anonymous_4)
FN:100,(anonymous_5)
FN:111,(anonymous_6)
FN:120,(anonymous_7)
FN:126,(anonymous_8)
FNF:8
FNH:0
FNDA:0,(anonymous_1)
FNDA:0,(anonymous_2)
FNDA:0,(anonymous_3)
FNDA:0,(anonymous_4)
FNDA:0,(anonymous_5)
FNDA:0,(anonymous_6)
FNDA:0,(anonymous_7)
FNDA:0,(anonymous_8)
DA:1,0
DA:2,0
DA:3,0
DA:4,0
DA:5,0
DA:6,0
DA:7,0
DA:8,0
DA:9,0
DA:10,0
DA:11,0
DA:12,0
DA:13,0
DA:16,0
DA:19,0
DA:22,0
DA:25,0
DA:28,0
DA:31,0
DA:34,0
DA:35,0
DA:36,0
DA:39,0
DA:42,0
DA:43,0
DA:53,0
DA:54,0
DA:58,0
DA:59,0
DA:61,0
DA:85,0
DA:90,0
DA:91,0
DA:95,0
DA:98,0
DA:99,0
DA:100,0
DA:101,0
DA:102,0
DA:105,0
DA:106,0
DA:107,0
DA:110,0
DA:111,0
DA:112,0
DA:113,0
DA:120,0
DA:121,0
DA:122,0
DA:123,0
DA:126,0
DA:127,0
DA:128,0
DA:129,0
DA:132,0
LF:55
LH:0
BRDA:34,0,0,0
BRDA:34,0,1,0
BRDA:47,1,0,0
BRDA:47,1,1,0
BRDA:48,2,0,0
BRDA:48,2,1,0
BRDA:58,3,0,0
BRDA:98,4,0,0
BRDA:105,5,0,0
BRDA:105,5,1,0
BRDA:112,6,0,0
BRDA:112,7,0,0
BRDA:112,7,1,0
BRF:13
BRH:0
end_of_record
TN:
SF:src/api/controllers/datasource.controller.ts
FN:12,(anonymous_1)
FN:27,(anonymous_2)
FN:43,(anonymous_3)
FN:77,(anonymous_4)
FN:111,(anonymous_5)
FN:128,(anonymous_6)
FN:158,(anonymous_7)
FN:173,(anonymous_8)
FN:183,(anonymous_9)
FNF:9
FNH:6
FNDA:2,(anonymous_1)
FNDA:3,(anonymous_2)
FNDA:3,(anonymous_3)
FNDA:3,(anonymous_4)
FNDA:3,(anonymous_5)
FNDA:3,(anonymous_6)
FNDA:0,(anonymous_7)
FNDA:0,(anonymous_8)
FNDA:0,(anonymous_9)
DA:2,1
DA:3,1
DA:4,1
DA:5,1
DA:8,1
DA:13,2
DA:14,2
DA:15,1
DA:20,1
DA:28,3
DA:29,3
DA:30,3
DA:31,1
DA:36,2
DA:44,3
DA:45,3
DA:46,3
DA:47,1
DA:50,2
DA:63,2
DA:65,1
DA:70,2
DA:78,3
DA:79,3
DA:80,3
DA:81,1
DA:84,2
DA:86,2
DA:87,2
DA:88,2
DA:89,2
DA:90,2
DA:91,2
DA:92,2
DA:93,2
DA:94,2
DA:95,2
DA:97,2
DA:99,1
DA:104,2
DA:112,3
DA:113,3
DA:114,3
DA:116,1
DA:121,2
DA:129,3
DA:130,3
DA:131,3
DA:132,1
DA:135,2
DA:144,2
DA:146,1
DA:151,2
DA:159,0
DA:174,0
DA:184,0
DA:195,1
LF:57
LH:54
BRDA:46,0,0,1
BRDA:59,1,0,0
BRDA:59,1,1,2
BRDA:80,2,0,1
BRDA:87,3,0,2
BRDA:88,4,0,0
BRDA:89,5,0,0
BRDA:90,6,0,0
BRDA:91,7,0,0
BRDA:92,8,0,0
BRDA:93,9,0,1
BRDA:94,10,0,0
BRDA:95,11,0,0
BRDA:131,12,0,1
BRDA:148,13,0,1
BRDA:148,13,1,0
BRF:16
BRH:7
end_of_record
TN:
SF:src/api/controllers/metadata.controller.ts
FN:21,(anonymous_1)
FN:97,(anonymous_2)
FN:25,(anonymous_3)
FN:53,(anonymous_4)
FN:70,(anonymous_5)
FN:127,(anonymous_6)
FN:139,(anonymous_7)
FN:151,(anonymous_8)
FN:184,(anonymous_9)
FN:198,(anonymous_10)
FN:239,(anonymous_11)
FN:257,(anonymous_12)
FN:297,(anonymous_13)
FN:312,(anonymous_14)
FN:325,(anonymous_15)
FN:361,(anonymous_16)
FN:362,(anonymous_17)
FNF:17
FNH:0
FNDA:0,(anonymous_1)
FNDA:0,(anonymous_2)
FNDA:0,(anonymous_3)
FNDA:0,(anonymous_4)
FNDA:0,(anonymous_5)
FNDA:0,(anonymous_6)
FNDA:0,(anonymous_7)
FNDA:0,(anonymous_8)
FNDA:0,(anonymous_9)
FNDA:0,(anonymous_10)
FNDA:0,(anonymous_11)
FNDA:0,(anonymous_12)
FNDA:0,(anonymous_13)
FNDA:0,(anonymous_14)
FNDA:0,(anonymous_15)
FNDA:0,(anonymous_16)
FNDA:0,(anonymous_17)
DA:2,0
DA:3,0
DA:4,0
DA:5,0
DA:6,0
DA:7,0
DA:10,0
DA:21,0
DA:26,0
DA:27,0
DA:28,0
DA:29,0
DA:32,0
DA:33,0
DA:35,0
DA:41,0
DA:46,0
DA:54,0
DA:55,0
DA:56,0
DA:58,0
DA:63,0
DA:71,0
DA:72,0
DA:73,0
DA:75,0
DA:81,0
DA:86,0
DA:93,0
DA:98,0
DA:100,0
DA:101,0
DA:102,0
DA:105,0
DA:106,0
DA:109,0
DA:112,0
DA:114,0
DA:119,0
DA:128,0
DA:140,0
DA:152,0
DA:153,0
DA:154,0
DA:155,0
DA:158,0
DA:159,0
DA:161,0
DA:162,0
DA:165,0
DA:172,0
DA:177,0
DA:185,0
DA:199,0
DA:200,0
DA:202,0
DA:203,0
DA:207,0
DA:208,0
DA:209,0
DA:213,0
DA:216,0
DA:220,0
DA:222,0
DA:225,0
DA:226,0
DA:227,0
DA:233,0
DA:235,0
DA:237,0
DA:239,0
DA:246,0
DA:249,0
DA:252,0
DA:254,0
DA:257,0
DA:264,0
DA:267,0
DA:268,0
DA:272,0
DA:277,0
DA:279,0
DA:280,0
DA:285,0
DA:298,0
DA:299,0
DA:300,0
DA:303,0
DA:304,0
DA:305,0
DA:309,0
DA:310,0
DA:312,0
DA:315,0
DA:316,0
DA:326,0
DA:327,0
DA:328,0
DA:330,0
DA:331,0
DA:335,0
DA:336,0
DA:337,0
DA:341,0
DA:344,0
DA:345,0
DA:346,0
DA:349,0
DA:350,0
DA:351,0
DA:355,0
DA:356,0
DA:357,0
DA:360,0
DA:361,0
DA:362,0
DA:366,0
DA:369,0
DA:383,0
DA:385,0
DA:386,0
DA:391,0
DA:401,0
LF:123
LH:0
BRDA:101,0,0,0
BRDA:106,1,0,0
BRDA:106,1,1,0
BRDA:28,2,0,0
BRDA:77,3,0,0
BRDA:77,3,1,0
BRDA:78,4,0,0
BRDA:78,4,1,0
BRDA:154,5,0,0
BRDA:161,6,0,0
BRDA:161,7,0,0
BRDA:161,7,1,0
BRDA:161,7,2,0
BRDA:202,8,0,0
BRDA:208,9,0,0
BRDA:225,10,0,0
BRDA:225,10,1,0
BRDA:225,11,0,0
BRDA:225,11,1,0
BRDA:226,12,0,0
BRDA:226,12,1,0
BRDA:240,13,0,0
BRDA:240,13,1,0
BRDA:255,14,0,0
BRDA:255,14,1,0
BRDA:258,15,0,0
BRDA:258,15,1,0
BRDA:279,16,0,0
BRDA:279,16,1,0
BRDA:297,17,0,0
BRDA:299,18,0,0
BRDA:304,19,0,0
BRDA:304,20,0,0
BRDA:304,20,1,0
BRDA:304,20,2,0
BRDA:312,21,0,0
BRDA:312,21,1,0
BRDA:330,22,0,0
BRDA:330,23,0,0
BRDA:330,23,1,0
BRDA:330,23,2,0
BRDA:336,24,0,0
BRDA:344,25,0,0
BRDA:344,25,1,0
BRDA:350,26,0,0
BRDA:356,27,0,0
BRDA:356,27,1,0
BRDA:373,28,0,0
BRDA:373,28,1,0
BRDA:385,29,0,0
BRDA:385,29,1,0
BRF:51
BRH:0
end_of_record
TN:
SF:src/api/controllers/plan-visualization.controller.ts
FN:90,(anonymous_1)
FN:127,(anonymous_2)
FN:168,(anonymous_3)
FN:220,(anonymous_4)
FN:261,(anonymous_5)
FN:277,(anonymous_6)
FN:321,(anonymous_7)
FN:348,(anonymous_8)
FN:378,(anonymous_9)
FN:454,(anonymous_10)
FN:474,(anonymous_11)
FN:498,(anonymous_12)
FN:508,(anonymous_13)
FN:513,(anonymous_14)
FN:519,(anonymous_15)
FN:530,(anonymous_16)
FNF:16
FNH:0
FNDA:0,(anonymous_1)
FNDA:0,(anonymous_2)
FNDA:0,(anonymous_3)
FNDA:0,(anonymous_4)
FNDA:0,(anonymous_5)
FNDA:0,(anonymous_6)
FNDA:0,(anonymous_7)
FNDA:0,(anonymous_8)
FNDA:0,(anonymous_9)
FNDA:0,(anonymous_10)
FNDA:0,(anonymous_11)
FNDA:0,(anonymous_12)
FNDA:0,(anonymous_13)
FNDA:0,(anonymous_14)
FNDA:0,(anonymous_15)
FNDA:0,(anonymous_16)
DA:2,0
DA:3,0
DA:4,0
DA:5,0
DA:7,0
DA:10,0
DA:83,0
DA:91,0
DA:92,0
DA:93,0
DA:94,0
DA:97,0
DA:100,0
DA:102,0
DA:103,0
DA:107,0
DA:110,0
DA:112,0
DA:117,0
DA:128,0
DA:129,0
DA:130,0
DA:131,0
DA:134,0
DA:137,0
DA:142,0
DA:143,0
DA:147,0
DA:148,0
DA:151,0
DA:153,0
DA:158,0
DA:169,0
DA:170,0
DA:171,0
DA:172,0
DA:175,0
DA:176,0
DA:179,0
DA:181,0
DA:182,0
DA:205,0
DA:210,0
DA:221,0
DA:222,0
DA:223,0
DA:224,0
DA:227,0
DA:230,0
DA:232,0
DA:233,0
DA:237,0
DA:241,0
DA:243,0
DA:252,0
DA:262,0
DA:275,0
DA:277,0
DA:278,0
DA:279,0
DA:280,0
DA:283,0
DA:298,0
DA:299,0
DA:300,0
DA:302,0
DA:303,0
DA:312,0
DA:322,0
DA:323,0
DA:326,0
DA:327,0
DA:332,0
DA:333,0
DA:334,0
DA:335,0
DA:336,0
DA:337,0
DA:340,0
DA:349,0
DA:352,0
DA:353,0
DA:357,0
DA:361,0
DA:365,0
DA:366,0
DA:369,0
DA:379,0
DA:392,0
DA:396,0
DA:398,0
DA:399,0
DA:400,0
DA:403,0
DA:405,0
DA:406,0
DA:415,0
DA:416,0
DA:424,0
DA:446,0
DA:455,0
DA:457,0
DA:458,0
DA:459,0
DA:460,0
DA:465,0
DA:475,0
DA:478,0
DA:482,0
DA:483,0
DA:486,0
DA:489,0
DA:499,0
DA:504,0
DA:507,0
DA:508,0
DA:511,0
DA:513,0
DA:514,0
DA:518,0
DA:520,0
DA:524,0
DA:525,0
DA:529,0
DA:531,0
DA:535,0
DA:536,0
DA:539,0
DA:544,0
LF:129
LH:0
BRDA:93,0,0,0
BRDA:102,1,0,0
BRDA:130,2,0,0
BRDA:142,3,0,0
BRDA:142,4,0,0
BRDA:142,4,1,0
BRDA:171,5,0,0
BRDA:181,6,0,0
BRDA:223,7,0,0
BRDA:232,8,0,0
BRDA:248,9,0,0
BRDA:248,9,1,0
BRDA:266,10,0,0
BRDA:266,10,1,0
BRDA:267,11,0,0
BRDA:267,11,1,0
BRDA:269,12,0,0
BRDA:269,12,1,0
BRDA:270,13,0,0
BRDA:270,13,1,0
BRDA:275,14,0,0
BRDA:275,15,0,0
BRDA:275,15,1,0
BRDA:279,16,0,0
BRDA:284,17,0,0
BRDA:284,17,1,0
BRDA:285,18,0,0
BRDA:285,18,1,0
BRDA:285,19,0,0
BRDA:285,19,1,0
BRDA:286,20,0,0
BRDA:286,20,1,0
BRDA:287,21,0,0
BRDA:287,21,1,0
BRDA:288,22,0,0
BRDA:288,22,1,0
BRDA:289,23,0,0
BRDA:289,23,1,0
BRDA:290,24,0,0
BRDA:290,24,1,0
BRDA:291,25,0,0
BRDA:291,25,1,0
BRDA:292,26,0,0
BRDA:292,26,1,0
BRDA:302,27,0,0
BRDA:302,28,0,0
BRDA:302,28,1,0
BRDA:304,29,0,0
BRDA:304,29,1,0
BRDA:305,30,0,0
BRDA:305,30,1,0
BRDA:306,31,0,0
BRDA:306,31,1,0
BRDA:322,32,0,0
BRDA:322,33,0,0
BRDA:322,33,1,0
BRDA:323,34,0,0
BRDA:323,34,1,0
BRDA:326,35,0,0
BRDA:332,36,0,0
BRDA:332,36,1,0
BRDA:334,37,0,0
BRDA:334,37,1,0
BRDA:334,38,0,0
BRDA:334,38,1,0
BRDA:336,39,0,0
BRDA:336,40,0,0
BRDA:336,40,1,0
BRDA:349,41,0,0
BRDA:349,42,0,0
BRDA:349,42,1,0
BRDA:352,43,0,0
BRDA:352,44,0,0
BRDA:352,44,1,0
BRDA:352,45,0,0
BRDA:352,45,1,0
BRDA:357,46,0,0
BRDA:357,47,0,0
BRDA:357,47,1,0
BRDA:357,47,2,0
BRDA:365,48,0,0
BRDA:365,49,0,0
BRDA:365,49,1,0
BRDA:365,49,2,0
BRDA:365,50,0,0
BRDA:365,50,1,0
BRDA:381,51,0,0
BRDA:381,51,1,0
BRDA:381,52,0,0
BRDA:381,52,1,0
BRDA:382,53,0,0
BRDA:382,53,1,0
BRDA:382,54,0,0
BRDA:382,54,1,0
BRDA:392,55,0,0
BRDA:392,56,0,0
BRDA:392,56,1,0
BRDA:392,56,2,0
BRDA:392,56,3,0
BRDA:403,57,0,0
BRDA:403,58,0,0
BRDA:403,58,1,0
BRDA:403,58,2,0
BRDA:403,58,3,0
BRDA:403,58,4,0
BRDA:405,59,0,0
BRDA:415,60,0,0
BRDA:418,61,0,0
BRDA:418,61,1,0
BRDA:419,62,0,0
BRDA:419,62,1,0
BRDA:427,63,0,0
BRDA:427,63,1,0
BRDA:428,64,0,0
BRDA:428,64,1,0
BRDA:429,65,0,0
BRDA:429,65,1,0
BRDA:429,66,0,0
BRDA:429,66,1,0
BRDA:432,67,0,0
BRDA:432,67,1,0
BRDA:433,68,0,0
BRDA:433,68,1,0
BRDA:434,69,0,0
BRDA:434,69,1,0
BRDA:434,70,0,0
BRDA:434,70,1,0
BRDA:457,71,0,0
BRDA:459,72,0,0
BRDA:459,73,0,0
BRDA:459,73,1,0
BRDA:475,74,0,0
BRDA:475,75,0,0
BRDA:475,75,1,0
BRDA:486,76,0,0
BRDA:486,77,0,0
BRDA:486,77,1,0
BRDA:499,78,0,0
BRDA:499,79,0,0
BRDA:499,79,1,0
BRDA:499,80,0,0
BRDA:499,80,1,0
BRDA:507,81,0,0
BRDA:507,81,1,0
BRDA:508,82,0,0
BRDA:508,82,1,0
BRDA:511,83,0,0
BRDA:513,84,0,0
BRDA:513,84,1,0
BRDA:518,85,0,0
BRDA:518,85,1,0
BRDA:520,86,0,0
BRDA:520,86,1,0
BRDA:520,86,2,0
BRDA:524,87,0,0
BRDA:529,88,0,0
BRDA:529,88,1,0
BRDA:531,89,0,0
BRDA:531,89,1,0
BRDA:531,89,2,0
BRDA:535,90,0,0
BRF:161
BRH:0
end_of_record
TN:
SF:src/api/controllers/query-plan.controller.ts
FN:64,(anonymous_1)
FN:147,(anonymous_2)
FN:156,(anonymous_3)
FN:232,(anonymous_4)
FN:257,(anonymous_5)
FN:332,(anonymous_6)
FN:373,(anonymous_7)
FNF:7
FNH:6
FNDA:4,(anonymous_1)
FNDA:0,(anonymous_2)
FNDA:2,(anonymous_3)
FNDA:1,(anonymous_4)
FNDA:1,(anonymous_5)
FNDA:1,(anonymous_6)
FNDA:2,(anonymous_7)
DA:3,1
DA:4,1
DA:6,1
DA:7,1
DA:8,1
DA:10,1
DA:12,1
DA:20,1
DA:21,1
DA:22,1
DA:23,1
DA:58,1
DA:65,4
DA:66,4
DA:68,4
DA:69,1
DA:73,3
DA:74,2
DA:75,0
DA:80,2
DA:85,1
DA:87,1
DA:88,0
DA:90,0
DA:92,0
DA:96,1
DA:99,1
DA:100,1
DA:101,1
DA:103,0
DA:106,0
DA:110,1
DA:111,1
DA:114,1
DA:117,1
DA:125,3
DA:127,3
DA:128,0
DA:133,3
DA:148,0
DA:157,2
DA:158,2
DA:160,2
DA:161,1
DA:165,1
DA:172,1
DA:173,0
DA:177,1
DA:180,1
DA:183,1
DA:186,1
DA:189,1
DA:192,1
DA:200,1
DA:208,1
DA:210,1
DA:211,0
DA:216,1
DA:233,1
DA:234,1
DA:237,1
DA:246,0
DA:248,0
DA:258,1
DA:259,1
DA:261,1
DA:262,0
DA:266,1
DA:275,1
DA:276,0
DA:280,1
DA:281,1
DA:284,1
DA:285,1
DA:286,0
DA:290,1
DA:291,1
DA:292,1
DA:295,1
DA:305,1
DA:310,0
DA:312,0
DA:313,0
DA:318,0
DA:333,1
DA:334,1
DA:335,1
DA:336,1
DA:339,1
DA:346,1
DA:351,0
DA:353,0
DA:354,0
DA:359,0
DA:374,2
DA:375,2
DA:377,2
DA:378,0
DA:382,2
DA:384,2
DA:385,1
DA:389,1
DA:392,1
DA:403,1
DA:405,1
DA:406,0
DA:411,1
LF:107
LH:82
BRDA:68,0,0,1
BRDA:68,1,0,4
BRDA:68,1,1,3
BRDA:74,2,0,0
BRDA:85,3,0,1
BRDA:85,3,1,0
BRDA:88,4,0,0
BRDA:88,4,1,0
BRDA:99,5,0,1
BRDA:99,5,1,0
BRDA:100,6,0,1
BRDA:100,6,1,0
BRDA:127,7,0,0
BRDA:127,7,1,3
BRDA:160,8,0,1
BRDA:172,9,0,0
BRDA:210,10,0,0
BRDA:210,10,1,1
BRDA:240,11,0,1
BRDA:240,11,1,0
BRDA:242,12,0,1
BRDA:242,12,1,1
BRDA:261,13,0,0
BRDA:261,14,0,1
BRDA:261,14,1,1
BRDA:275,15,0,0
BRDA:275,16,0,1
BRDA:275,16,1,1
BRDA:285,17,0,0
BRDA:290,18,0,1
BRDA:290,18,1,1
BRDA:290,18,2,1
BRDA:291,19,0,1
BRDA:291,19,1,1
BRDA:291,19,2,1
BRDA:292,20,0,0
BRDA:292,20,1,1
BRDA:296,21,0,1
BRDA:296,21,1,1
BRDA:296,22,0,1
BRDA:296,22,1,1
BRDA:298,23,0,1
BRDA:298,23,1,1
BRDA:299,24,0,1
BRDA:299,24,1,1
BRDA:300,25,0,1
BRDA:300,25,1,1
BRDA:301,26,0,1
BRDA:301,26,1,1
BRDA:312,27,0,0
BRDA:312,27,1,0
BRDA:335,28,0,1
BRDA:335,28,1,0
BRDA:336,29,0,1
BRDA:336,29,1,1
BRDA:353,30,0,0
BRDA:353,30,1,0
BRDA:377,31,0,0
BRDA:384,32,0,1
BRDA:405,33,0,0
BRDA:405,33,1,1
BRF:61
BRH:40
end_of_record
TN:
SF:src/api/controllers/query.controller.ts
FN:12,(anonymous_1)
FN:41,(anonymous_2)
FN:71,(anonymous_3)
FN:93,(anonymous_4)
FN:117,(anonymous_5)
FN:141,(anonymous_6)
FN:178,(anonymous_7)
FN:201,(anonymous_8)
FN:218,(anonymous_9)
FN:242,(anonymous_10)
FN:259,(anonymous_11)
FN:281,(anonymous_12)
FN:291,(anonymous_13)
FN:302,(anonymous_14)
FNF:14
FNH:10
FNDA:2,(anonymous_1)
FNDA:2,(anonymous_2)
FNDA:1,(anonymous_3)
FNDA:2,(anonymous_4)
FNDA:2,(anonymous_5)
FNDA:2,(anonymous_6)
FNDA:1,(anonymous_7)
FNDA:2,(anonymous_8)
FNDA:1,(anonymous_9)
FNDA:1,(anonymous_10)
FNDA:0,(anonymous_11)
FNDA:0,(anonymous_12)
FNDA:0,(anonymous_13)
FNDA:0,(anonymous_14)
DA:2,1
DA:3,1
DA:4,1
DA:5,1
DA:8,1
DA:13,2
DA:14,2
DA:15,2
DA:16,1
DA:19,1
DA:20,1
DA:23,1
DA:25,0
DA:26,0
DA:29,1
DA:34,1
DA:42,2
DA:43,2
DA:46,2
DA:48,2
DA:49,1
DA:53,1
DA:55,1
DA:64,1
DA:72,1
DA:73,1
DA:75,1
DA:81,1
DA:86,0
DA:94,2
DA:95,2
DA:96,2
DA:98,2
DA:99,1
DA:104,1
DA:110,0
DA:118,2
DA:119,2
DA:120,2
DA:121,1
DA:124,1
DA:125,1
DA:129,1
DA:134,1
DA:142,2
DA:143,2
DA:144,2
DA:145,1
DA:155,1
DA:157,1
DA:166,1
DA:171,1
DA:179,1
DA:180,1
DA:182,1
DA:189,1
DA:194,0
DA:202,2
DA:203,2
DA:204,2
DA:206,1
DA:211,1
DA:219,1
DA:220,1
DA:221,1
DA:222,0
DA:225,1
DA:226,1
DA:228,1
DA:230,1
DA:235,0
DA:243,1
DA:244,1
DA:245,1
DA:247,1
DA:252,0
DA:260,0
DA:261,0
DA:263,0
DA:269,0
DA:274,0
DA:282,0
DA:292,0
DA:303,0
DA:309,1
LF:85
LH:69
BRDA:15,0,0,1
BRDA:19,1,0,1
BRDA:23,2,0,0
BRDA:23,3,0,1
BRDA:23,3,1,0
BRDA:48,4,0,1
BRDA:59,5,0,1
BRDA:59,5,1,0
BRDA:60,6,0,1
BRDA:60,6,1,0
BRDA:77,7,0,1
BRDA:77,7,1,0
BRDA:78,8,0,1
BRDA:78,8,1,0
BRDA:98,9,0,1
BRDA:98,9,1,1
BRDA:120,10,0,1
BRDA:144,11,0,1
BRDA:221,12,0,0
BRDA:265,13,0,0
BRDA:265,13,1,0
BRDA:266,14,0,0
BRDA:266,14,1,0
BRF:23
BRH:12
end_of_record
TN:
SF:src/api/controllers/examples/error-examples.controller.ts
FN:16,(anonymous_1)
FN:35,(anonymous_2)
FN:54,(anonymous_3)
FN:69,(anonymous_4)
FN:118,(anonymous_5)
FN:144,(anonymous_6)
FN:162,(anonymous_7)
FNF:7
FNH:0
FNDA:0,(anonymous_1)
FNDA:0,(anonymous_2)
FNDA:0,(anonymous_3)
FNDA:0,(anonymous_4)
FNDA:0,(anonymous_5)
FNDA:0,(anonymous_6)
FNDA:0,(anonymous_7)
DA:6,0
DA:7,0
DA:8,0
DA:9,0
DA:16,0
DA:18,0
DA:27,0
DA:35,0
DA:37,0
DA:46,0
DA:54,0
DA:56,0
DA:61,0
DA:69,0
DA:70,0
DA:72,0
DA:74,0
DA:81,0
DA:82,0
DA:84,0
DA:91,0
DA:92,0
DA:94,0
DA:95,0
DA:102,0
DA:105,0
DA:109,0
DA:118,0
DA:120,0
DA:132,0
DA:133,0
DA:136,0
DA:144,0
DA:145,0
DA:147,0
DA:162,0
DA:163,0
DA:165,0
DA:166,0
DA:179,0
DA:182,0
DA:184,0
DA:186,0
DA:188,0
DA:190,0
DA:192,0
DA:194,0
DA:196,0
DA:198,0
LF:49
LH:0
BRDA:72,0,0,0
BRDA:72,0,1,0
BRDA:82,1,0,0
BRDA:82,1,1,0
BRDA:92,2,0,0
BRDA:92,2,1,0
BRDA:99,3,0,0
BRDA:99,3,1,0
BRDA:165,4,0,0
BRDA:182,5,0,0
BRDA:182,5,1,0
BRDA:182,5,2,0
BRDA:182,5,3,0
BRDA:182,5,4,0
BRDA:182,5,5,0
BRDA:182,5,6,0
BRDA:182,5,7,0
BRF:17
BRH:0
end_of_record
TN:
SF:src/api/middlewares/error.ts
FN:19,(anonymous_1)
FN:65,(anonymous_2)
FN:99,(anonymous_3)
FNF:3
FNH:0
FNDA:0,(anonymous_1)
FNDA:0,(anonymous_2)
FNDA:0,(anonymous_3)
DA:2,0
DA:3,0
DA:19,0
DA:26,0
DA:38,0
DA:39,0
DA:42,0
DA:51,0
DA:52,0
DA:55,0
DA:56,0
DA:59,0
DA:60,0
DA:65,0
DA:71,0
DA:79,0
DA:82,0
DA:84,0
DA:91,0
DA:99,0
DA:104,0
DA:105,0
LF:22
LH:0
BRDA:38,0,0,0
BRDA:38,0,1,0
BRDA:38,1,0,0
BRDA:38,1,1,0
BRDA:51,2,0,0
BRDA:51,3,0,0
BRDA:51,3,1,0
BRDA:59,4,0,0
BRDA:59,4,1,0
BRDA:59,5,0,0
BRDA:59,5,1,0
BRDA:59,5,2,0
BRDA:59,5,3,0
BRF:13
BRH:0
end_of_record
TN:
SF:src/api/middlewares/logger.ts
FN:8,(anonymous_1)
FN:12,(anonymous_2)
FN:17,(anonymous_3)
FNF:3
FNH:0
FNDA:0,(anonymous_1)
FNDA:0,(anonymous_2)
FNDA:0,(anonymous_3)
DA:1,0
DA:3,0
DA:6,0
DA:8,0
DA:12,0
DA:13,0
DA:17,0
DA:18,0
DA:20,0
DA:33,0
DA:38,0
LF:11
LH:0
BRDA:13,0,0,0
BRDA:13,0,1,0
BRDA:23,1,0,0
BRDA:23,1,1,0
BRDA:24,2,0,0
BRDA:24,2,1,0
BRDA:25,3,0,0
BRDA:25,3,1,0
BRF:8
BRH:0
end_of_record
TN:
SF:src/api/routes/datasource.routes.ts
FNF:0
FNH:0
DA:1,0
DA:2,0
DA:3,0
DA:5,0
DA:25,0
DA:83,0
DA:144,0
DA:170,0
DA:196,0
DA:268,0
DA:281,0
LF:11
LH:0
BRF:0
BRH:0
end_of_record
TN:
SF:src/api/routes/examples.routes.ts
FNF:0
FNH:0
DA:4,0
DA:5,0
DA:15,0
DA:55,0
DA:68,0
DA:87,0
DA:100,0
DA:113,0
DA:126,0
DA:139,0
DA:141,0
LF:11
LH:0
BRF:0
BRH:0
end_of_record
TN:
SF:src/api/routes/index.ts
FN:20,(anonymous_1)
FNF:1
FNH:0
FNDA:0,(anonymous_1)
DA:1,0
DA:2,0
DA:3,0
DA:4,0
DA:5,0
DA:6,0
DA:7,0
DA:9,0
DA:12,0
DA:13,0
DA:14,0
DA:15,0
DA:16,0
DA:17,0
DA:20,0
DA:21,0
DA:24,0
LF:17
LH:0
BRF:0
BRH:0
end_of_record
TN:
SF:src/api/routes/metadata.routes.ts
FNF:0
FNH:0
DA:1,0
DA:2,0
DA:4,0
DA:106,0
DA:283,0
DA:389,0
DA:515,0
DA:648,0
DA:654,0
LF:9
LH:0
BRF:0
BRH:0
end_of_record
TN:
SF:src/api/routes/plan-visualization.routes.ts
FNF:0
FNH:0
DA:1,0
DA:2,0
DA:3,0
DA:6,0
DA:116,0
DA:253,0
DA:327,0
DA:407,0
DA:415,0
LF:9
LH:0
BRF:0
BRH:0
end_of_record
TN:
SF:src/api/routes/query-plan.routes.ts
FNF:0
FNH:0
DA:4,0
DA:5,0
DA:6,0
DA:7,0
DA:9,0
DA:10,0
DA:89,0
DA:143,0
DA:206,0
DA:281,0
DA:332,0
DA:340,0
LF:12
LH:0
BRF:0
BRH:0
end_of_record
TN:
SF:src/api/routes/query.routes.ts
FN:494,(anonymous_1)
FN:530,(anonymous_2)
FN:542,(anonymous_3)
FN:554,(anonymous_4)
FNF:4
FNH:0
FNDA:0,(anonymous_1)
FNDA:0,(anonymous_2)
FNDA:0,(anonymous_3)
FNDA:0,(anonymous_4)
DA:1,0
DA:2,0
DA:3,0
DA:5,0
DA:6,0
DA:8,0
DA:10,0
DA:11,0
DA:41,0
DA:191,0
DA:218,0
DA:259,0
DA:279,0
DA:314,0
DA:342,0
DA:375,0
DA:403,0
DA:435,0
DA:461,0
DA:489,0
DA:495,0
DA:497,0
DA:498,0
DA:500,0
DA:525,0
DA:531,0
DA:533,0
DA:534,0
DA:536,0
DA:542,0
DA:543,0
DA:544,0
DA:546,0
DA:554,0
DA:555,0
DA:557,0
DA:558,0
DA:560,0
DA:567,0
LF:39
LH:0
BRDA:562,0,0,0
BRDA:562,0,1,0
BRF:2
BRH:0
end_of_record
TN:
SF:src/api/validators/datasource.validator.ts
FNF:0
FNH:0
DA:1,0
DA:4,0
DA:5,0
DA:6,0
DA:9,0
DA:53,0
DA:97,0
DA:124,0
DA:149,0
DA:156,0
DA:163,0
LF:11
LH:0
BRF:0
BRH:0
end_of_record
TN:
SF:src/database-core/index.ts
FN:61,getQueryPlanConverter
FN:89,getQueryPlanAnalyzer
FN:117,getQueryOptimizer
FNF:3
FNH:0
FNDA:0,getQueryPlanConverter
FNDA:0,getQueryPlanAnalyzer
FNDA:0,getQueryOptimizer
DA:7,0
DA:8,0
DA:9,0
DA:61,0
DA:62,0
DA:64,0
DA:66,0
DA:69,0
DA:70,0
DA:73,0
DA:74,0
DA:77,0
DA:78,0
DA:80,0
DA:89,0
DA:90,0
DA:92,0
DA:94,0
DA:97,0
DA:98,0
DA:101,0
DA:102,0
DA:105,0
DA:106,0
DA:108,0
DA:117,0
DA:118,0
DA:120,0
DA:122,0
DA:125,0
DA:126,0
DA:129,0
DA:130,0
DA:133,0
DA:134,0
DA:136,0
LF:36
LH:0
BRDA:64,0,0,0
BRDA:64,0,1,0
BRDA:64,0,2,0
BRDA:64,0,3,0
BRDA:64,0,4,0
BRDA:92,1,0,0
BRDA:92,1,1,0
BRDA:92,1,2,0
BRDA:92,1,3,0
BRDA:92,1,4,0
BRDA:120,2,0,0
BRDA:120,2,1,0
BRDA:120,2,2,0
BRDA:120,2,3,0
BRDA:120,2,4,0
BRF:15
BRH:0
end_of_record
TN:
SF:src/database-core/query-optimizer/mysql-query-optimizer.ts
FN:32,(anonymous_1)
FN:57,(anonymous_2)
FN:65,(anonymous_3)
FN:141,(anonymous_4)
FN:224,(anonymous_5)
FN:255,(anonymous_6)
FN:276,(anonymous_7)
FNF:7
FNH:0
FNDA:0,(anonymous_1)
FNDA:0,(anonymous_2)
FNDA:0,(anonymous_3)
FNDA:0,(anonymous_4)
FNDA:0,(anonymous_5)
FNDA:0,(anonymous_6)
FNDA:0,(anonymous_7)
DA:7,0
DA:25,0
DA:33,0
DA:35,0
DA:38,0
DA:40,0
DA:41,0
DA:42,0
DA:43,0
DA:49,0
DA:52,0
DA:53,0
DA:57,0
DA:67,0
DA:68,0
DA:71,0
DA:72,0
DA:82,0
DA:83,0
DA:93,0
DA:94,0
DA:104,0
DA:105,0
DA:115,0
DA:116,0
DA:127,0
DA:142,0
DA:145,0
DA:146,0
DA:157,0
DA:159,0
DA:170,0
DA:171,0
DA:172,0
DA:183,0
DA:184,0
DA:195,0
DA:196,0
DA:207,0
DA:208,0
DA:225,0
DA:228,0
DA:233,0
DA:234,0
DA:235,0
DA:236,0
DA:237,0
DA:238,0
DA:251,0
DA:252,0
DA:255,0
DA:257,0
DA:258,0
DA:280,0
DA:282,0
DA:283,0
DA:286,0
DA:288,0
DA:292,0
DA:296,0
DA:298,0
DA:299,0
DA:300,0
DA:303,0
DA:304,0
DA:306,0
DA:307,0
DA:310,0
DA:318,0
DA:320,0
DA:324,0
DA:325,0
DA:329,0
DA:331,0
DA:332,0
LF:75
LH:0
BRDA:38,0,0,0
BRDA:38,1,0,0
BRDA:38,1,1,0
BRDA:42,2,0,0
BRDA:52,3,0,0
BRDA:68,4,0,0
BRDA:68,4,1,0
BRDA:71,5,0,0
BRDA:82,6,0,0
BRDA:82,7,0,0
BRDA:82,7,1,0
BRDA:93,8,0,0
BRDA:104,9,0,0
BRDA:115,10,0,0
BRDA:115,11,0,0
BRDA:115,11,1,0
BRDA:145,12,0,0
BRDA:157,13,0,0
BRDA:157,14,0,0
BRDA:157,14,1,0
BRDA:170,15,0,0
BRDA:170,15,1,0
BRDA:171,16,0,0
BRDA:183,17,0,0
BRDA:183,18,0,0
BRDA:183,18,1,0
BRDA:195,19,0,0
BRDA:207,20,0,0
BRDA:207,21,0,0
BRDA:207,21,1,0
BRDA:225,22,0,0
BRDA:228,23,0,0
BRDA:228,24,0,0
BRDA:228,24,1,0
BRDA:233,25,0,0
BRDA:235,26,0,0
BRDA:235,27,0,0
BRDA:235,27,1,0
BRDA:237,28,0,0
BRDA:251,29,0,0
BRDA:251,30,0,0
BRDA:251,30,1,0
BRDA:257,31,0,0
BRDA:288,32,0,0
BRDA:288,33,0,0
BRDA:288,33,1,0
BRDA:288,33,2,0
BRDA:296,34,0,0
BRDA:296,35,0,0
BRDA:296,35,1,0
BRDA:299,36,0,0
BRDA:299,37,0,0
BRDA:299,37,1,0
BRDA:304,38,0,0
BRDA:318,39,0,0
BRDA:318,40,0,0
BRDA:318,40,1,0
BRDA:318,40,2,0
BRDA:324,41,0,0
BRDA:324,42,0,0
BRDA:324,42,1,0
BRF:61
BRH:0
end_of_record
TN:
SF:src/database-core/query-plan/mysql-plan-analyzer.ts
FN:20,(anonymous_1)
FN:69,(anonymous_2)
FN:85,(anonymous_3)
FN:115,(anonymous_4)
FN:135,(anonymous_5)
FN:164,(anonymous_6)
FN:205,(anonymous_7)
FN:241,(anonymous_8)
FN:276,(anonymous_9)
FN:278,(anonymous_10)
FN:287,(anonymous_11)
FN:293,(anonymous_12)
FN:302,(anonymous_13)
FN:321,(anonymous_14)
FN:327,(anonymous_15)
FN:328,(anonymous_16)
FN:329,(anonymous_17)
FN:330,(anonymous_18)
FN:354,(anonymous_19)
FN:359,(anonymous_20)
FN:376,(anonymous_21)
FN:380,(anonymous_22)
FNF:22
FNH:0
FNDA:0,(anonymous_1)
FNDA:0,(anonymous_2)
FNDA:0,(anonymous_3)
FNDA:0,(anonymous_4)
FNDA:0,(anonymous_5)
FNDA:0,(anonymous_6)
FNDA:0,(anonymous_7)
FNDA:0,(anonymous_8)
FNDA:0,(anonymous_9)
FNDA:0,(anonymous_10)
FNDA:0,(anonymous_11)
FNDA:0,(anonymous_12)
FNDA:0,(anonymous_13)
FNDA:0,(anonymous_14)
FNDA:0,(anonymous_15)
FNDA:0,(anonymous_16)
FNDA:0,(anonymous_17)
FNDA:0,(anonymous_18)
FNDA:0,(anonymous_19)
FNDA:0,(anonymous_20)
FNDA:0,(anonymous_21)
FNDA:0,(anonymous_22)
DA:2,0
DA:14,0
DA:21,0
DA:23,0
DA:25,0
DA:26,0
DA:27,0
DA:28,0
DA:32,0
DA:33,0
DA:36,0
DA:39,0
DA:42,0
DA:44,0
DA:49,0
DA:51,0
DA:54,0
DA:55,0
DA:57,0
DA:58,0
DA:60,0
DA:71,0
DA:72,0
DA:76,0
DA:77,0
DA:86,0
DA:96,0
DA:99,0
DA:102,0
DA:105,0
DA:107,0
DA:116,0
DA:118,0
DA:119,0
DA:120,0
DA:136,0
DA:138,0
DA:139,0
DA:140,0
DA:148,0
DA:149,0
DA:165,0
DA:167,0
DA:169,0
DA:170,0
DA:179,0
DA:180,0
DA:189,0
DA:190,0
DA:207,0
DA:210,0
DA:211,0
DA:214,0
DA:215,0
DA:224,0
DA:225,0
DA:226,0
DA:242,0
DA:245,0
DA:246,0
DA:250,0
DA:251,0
DA:254,0
DA:255,0
DA:259,0
DA:260,0
DA:264,0
DA:267,0
DA:278,0
DA:286,0
DA:287,0
DA:293,0
DA:302,0
DA:309,0
DA:322,0
DA:323,0
DA:326,0
DA:327,0
DA:328,0
DA:329,0
DA:330,0
DA:334,0
DA:337,0
DA:340,0
DA:341,0
DA:345,0
DA:346,0
DA:355,0
DA:358,0
DA:359,0
DA:363,0
DA:365,0
DA:368,0
DA:369,0
DA:371,0
DA:375,0
DA:376,0
DA:379,0
DA:380,0
DA:384,0
DA:387,0
DA:389,0
LF:102
LH:0
BRDA:25,0,0,0
BRDA:25,1,0,0
BRDA:25,1,1,0
BRDA:32,2,0,0
BRDA:33,3,0,0
BRDA:45,4,0,0
BRDA:45,4,1,0
BRDA:46,5,0,0
BRDA:46,5,1,0
BRDA:54,6,0,0
BRDA:55,7,0,0
BRDA:71,8,0,0
BRDA:71,9,0,0
BRDA:71,9,1,0
BRDA:77,10,0,0
BRDA:77,10,1,0
BRDA:116,11,0,0
BRDA:119,12,0,0
BRDA:119,13,0,0
BRDA:119,13,1,0
BRDA:121,14,0,0
BRDA:121,14,1,0
BRDA:136,15,0,0
BRDA:139,16,0,0
BRDA:139,17,0,0
BRDA:139,17,1,0
BRDA:141,18,0,0
BRDA:141,18,1,0
BRDA:148,19,0,0
BRDA:148,20,0,0
BRDA:148,20,1,0
BRDA:150,21,0,0
BRDA:150,21,1,0
BRDA:165,22,0,0
BRDA:169,23,0,0
BRDA:169,24,0,0
BRDA:169,24,1,0
BRDA:179,25,0,0
BRDA:179,26,0,0
BRDA:179,26,1,0
BRDA:179,26,2,0
BRDA:179,26,3,0
BRDA:189,27,0,0
BRDA:189,28,0,0
BRDA:189,28,1,0
BRDA:189,28,2,0
BRDA:207,29,0,0
BRDA:207,30,0,0
BRDA:207,30,1,0
BRDA:214,31,0,0
BRDA:225,32,0,0
BRDA:242,33,0,0
BRDA:267,34,0,0
BRDA:267,34,1,0
BRDA:322,35,0,0
BRDA:323,36,0,0
BRDA:340,37,0,0
BRDA:345,38,0,0
BRDA:345,39,0,0
BRDA:345,39,1,0
BRDA:355,40,0,0
BRDA:358,41,0,0
BRDA:363,42,0,0
BRDA:365,43,0,0
BRDA:365,43,1,0
BRDA:368,44,0,0
BRDA:368,44,1,0
BRDA:369,45,0,0
BRDA:376,46,0,0
BRDA:376,46,1,0
BRDA:380,47,0,0
BRDA:380,47,1,0
BRF:72
BRH:0
end_of_record
TN:
SF:src/database-core/query-plan/mysql-plan-converter.ts
FN:16,(anonymous_1)
FN:57,(anonymous_2)
FN:84,(anonymous_3)
FN:124,(anonymous_4)
FN:148,(anonymous_5)
FN:153,(anonymous_6)
FN:159,(anonymous_7)
FN:171,(anonymous_8)
FN:175,(anonymous_9)
FN:177,(anonymous_10)
FN:181,(anonymous_11)
FN:183,(anonymous_12)
FN:187,(anonymous_13)
FN:188,(anonymous_14)
FN:199,(anonymous_15)
FNF:15
FNH:0
FNDA:0,(anonymous_1)
FNDA:0,(anonymous_2)
FNDA:0,(anonymous_3)
FNDA:0,(anonymous_4)
FNDA:0,(anonymous_5)
FNDA:0,(anonymous_6)
FNDA:0,(anonymous_7)
FNDA:0,(anonymous_8)
FNDA:0,(anonymous_9)
FNDA:0,(anonymous_10)
FNDA:0,(anonymous_11)
FNDA:0,(anonymous_12)
FNDA:0,(anonymous_13)
FNDA:0,(anonymous_14)
FNDA:0,(anonymous_15)
DA:2,0
DA:8,0
DA:17,0
DA:20,0
DA:21,0
DA:35,0
DA:39,0
DA:41,0
DA:43,0
DA:44,0
DA:45,0
DA:47,0
DA:48,0
DA:52,0
DA:56,0
DA:57,0
DA:61,0
DA:85,0
DA:86,0
DA:93,0
DA:94,0
DA:97,0
DA:100,0
DA:101,0
DA:110,0
DA:112,0
DA:114,0
DA:115,0
DA:126,0
DA:128,0
DA:129,0
DA:133,0
DA:134,0
DA:141,0
DA:142,0
DA:147,0
DA:148,0
DA:152,0
DA:153,0
DA:157,0
DA:158,0
DA:159,0
DA:160,0
DA:172,0
DA:175,0
DA:176,0
DA:177,0
DA:181,0
DA:182,0
DA:183,0
DA:187,0
DA:188,0
DA:190,0
DA:191,0
DA:194,0
DA:195,0
DA:199,0
DA:200,0
DA:201,0
DA:205,0
DA:207,0
DA:208,0
DA:210,0
DA:211,0
DA:212,0
DA:213,0
DA:215,0
DA:218,0
DA:219,0
DA:223,0
LF:70
LH:0
BRDA:22,0,0,0
BRDA:22,0,1,0
BRDA:23,1,0,0
BRDA:23,1,1,0
BRDA:24,2,0,0
BRDA:24,2,1,0
BRDA:25,3,0,0
BRDA:25,3,1,0
BRDA:30,4,0,0
BRDA:30,4,1,0
BRDA:31,5,0,0
BRDA:31,5,1,0
BRDA:43,6,0,0
BRDA:43,7,0,0
BRDA:43,7,1,0
BRDA:45,8,0,0
BRDA:45,8,1,0
BRDA:47,9,0,0
BRDA:47,10,0,0
BRDA:47,10,1,0
BRDA:56,11,0,0
BRDA:56,12,0,0
BRDA:56,12,1,0
BRDA:93,13,0,0
BRDA:93,14,0,0
BRDA:93,14,1,0
BRDA:100,15,0,0
BRDA:126,16,0,0
BRDA:128,17,0,0
BRDA:128,18,0,0
BRDA:128,18,1,0
BRDA:133,19,0,0
BRDA:141,20,0,0
BRDA:141,21,0,0
BRDA:141,21,1,0
BRDA:147,22,0,0
BRDA:152,23,0,0
BRDA:157,24,0,0
BRDA:158,25,0,0
BRDA:176,26,0,0
BRDA:181,27,0,0
BRDA:181,27,1,0
BRDA:182,28,0,0
BRDA:187,29,0,0
BRDA:187,29,1,0
BRDA:188,30,0,0
BRDA:188,30,1,0
BRDA:190,31,0,0
BRDA:194,32,0,0
BRDA:199,33,0,0
BRDA:199,33,1,0
BRDA:200,34,0,0
BRDA:205,35,0,0
BRDA:211,36,0,0
BRDA:211,37,0,0
BRDA:211,37,1,0
BRDA:218,38,0,0
BRF:57
BRH:0
end_of_record
TN:
SF:src/database-core/query-plan/mysql-query-plan-converter.ts
FN:16,(anonymous_1)
FN:21,(anonymous_2)
FN:42,(anonymous_3)
FN:59,(anonymous_4)
FN:78,(anonymous_5)
FN:100,(anonymous_6)
FN:123,(anonymous_7)
FN:151,(anonymous_8)
FN:163,(anonymous_9)
FN:196,(anonymous_10)
FN:200,(anonymous_11)
FN:208,(anonymous_12)
FN:227,(anonymous_13)
FN:268,(anonymous_14)
FNF:14
FNH:0
FNDA:0,(anonymous_1)
FNDA:0,(anonymous_2)
FNDA:0,(anonymous_3)
FNDA:0,(anonymous_4)
FNDA:0,(anonymous_5)
FNDA:0,(anonymous_6)
FNDA:0,(anonymous_7)
FNDA:0,(anonymous_8)
FNDA:0,(anonymous_9)
FNDA:0,(anonymous_10)
FNDA:0,(anonymous_11)
FNDA:0,(anonymous_12)
FNDA:0,(anonymous_13)
FNDA:0,(anonymous_14)
DA:2,0
DA:9,0
DA:17,0
DA:19,0
DA:21,0
DA:22,0
DA:39,0
DA:42,0
DA:47,0
DA:48,0
DA:60,0
DA:62,0
DA:64,0
DA:69,0
DA:70,0
DA:71,0
DA:75,0
DA:78,0
DA:81,0
DA:90,0
DA:91,0
DA:102,0
DA:103,0
DA:107,0
DA:108,0
DA:109,0
DA:110,0
DA:115,0
DA:124,0
DA:127,0
DA:128,0
DA:132,0
DA:133,0
DA:134,0
DA:135,0
DA:141,0
DA:146,0
DA:151,0
DA:152,0
DA:155,0
DA:164,0
DA:179,0
DA:182,0
DA:183,0
DA:184,0
DA:185,0
DA:186,0
DA:197,0
DA:198,0
DA:200,0
DA:209,0
DA:211,0
DA:212,0
DA:215,0
DA:216,0
DA:219,0
DA:228,0
DA:231,0
DA:232,0
DA:236,0
DA:237,0
DA:241,0
DA:242,0
DA:246,0
DA:247,0
DA:251,0
DA:252,0
DA:256,0
DA:257,0
DA:260,0
DA:270,0
DA:271,0
DA:275,0
DA:276,0
DA:281,0
DA:282,0
DA:283,0
DA:284,0
DA:285,0
DA:289,0
DA:292,0
LF:81
LH:0
BRDA:24,0,0,0
BRDA:24,0,1,0
BRDA:25,1,0,0
BRDA:25,1,1,0
BRDA:26,2,0,0
BRDA:26,2,1,0
BRDA:27,3,0,0
BRDA:27,3,1,0
BRDA:28,4,0,0
BRDA:28,4,1,0
BRDA:29,5,0,0
BRDA:29,5,1,0
BRDA:30,6,0,0
BRDA:30,6,1,0
BRDA:31,7,0,0
BRDA:31,7,1,0
BRDA:32,8,0,0
BRDA:32,8,1,0
BRDA:33,9,0,0
BRDA:33,9,1,0
BRDA:34,10,0,0
BRDA:34,10,1,0
BRDA:64,11,0,0
BRDA:64,11,1,0
BRDA:70,12,0,0
BRDA:102,13,0,0
BRDA:107,14,0,0
BRDA:109,15,0,0
BRDA:127,16,0,0
BRDA:132,17,0,0
BRDA:134,18,0,0
BRDA:141,19,0,0
BRDA:141,20,0,0
BRDA:141,20,1,0
BRDA:146,21,0,0
BRDA:166,22,0,0
BRDA:166,22,1,0
BRDA:166,22,2,0
BRDA:167,23,0,0
BRDA:167,23,1,0
BRDA:169,24,0,0
BRDA:169,24,1,0
BRDA:171,25,0,0
BRDA:171,25,1,0
BRDA:172,26,0,0
BRDA:172,26,1,0
BRDA:174,27,0,0
BRDA:174,27,1,0
BRDA:175,28,0,0
BRDA:175,28,1,0
BRDA:182,29,0,0
BRDA:184,30,0,0
BRDA:197,31,0,0
BRDA:197,32,0,0
BRDA:197,32,1,0
BRDA:198,33,0,0
BRDA:200,34,0,0
BRDA:200,34,1,0
BRDA:209,35,0,0
BRDA:211,36,0,0
BRDA:215,37,0,0
BRDA:231,38,0,0
BRDA:236,39,0,0
BRDA:241,40,0,0
BRDA:246,41,0,0
BRDA:251,42,0,0
BRDA:256,43,0,0
BRDA:260,44,0,0
BRDA:260,44,1,0
BRDA:270,45,0,0
BRDA:270,46,0,0
BRDA:270,46,1,0
BRDA:275,47,0,0
BRDA:275,48,0,0
BRDA:275,48,1,0
BRDA:276,49,0,0
BRDA:276,49,1,0
BRDA:277,50,0,0
BRDA:277,50,1,0
BRDA:281,51,0,0
BRDA:284,52,0,0
BRDA:284,53,0,0
BRDA:284,53,1,0
BRDA:285,54,0,0
BRDA:285,54,1,0
BRDA:286,55,0,0
BRDA:286,55,1,0
BRDA:289,56,0,0
BRDA:289,56,1,0
BRF:89
BRH:0
end_of_record
TN:
SF:src/database-core/query-plan/query-plan-service.ts
FN:14,(anonymous_1)
FN:30,(anonymous_2)
FN:51,(anonymous_3)
FN:73,(anonymous_4)
FN:86,(anonymous_5)
FN:108,(anonymous_6)
FN:115,(anonymous_7)
FNF:7
FNH:0
FNDA:0,(anonymous_1)
FNDA:0,(anonymous_2)
FNDA:0,(anonymous_3)
FNDA:0,(anonymous_4)
FNDA:0,(anonymous_5)
FNDA:0,(anonymous_6)
FNDA:0,(anonymous_7)
DA:3,0
DA:4,0
DA:5,0
DA:11,0
DA:16,0
DA:17,0
DA:32,0
DA:34,0
DA:36,0
DA:39,0
DA:42,0
DA:53,0
DA:54,0
DA:55,0
DA:59,0
DA:74,0
DA:75,0
DA:76,0
DA:78,0
DA:87,0
DA:88,0
DA:91,0
DA:92,0
DA:96,0
DA:97,0
DA:101,0
DA:109,0
DA:116,0
DA:118,0
DA:119,0
DA:120,0
DA:124,0
LF:32
LH:0
BRDA:30,0,0,0
BRDA:51,1,0,0
BRDA:54,2,0,0
BRDA:63,3,0,0
BRDA:63,3,1,0
BRDA:73,4,0,0
BRDA:75,5,0,0
BRDA:78,6,0,0
BRDA:78,6,1,0
BRDA:88,7,0,0
BRDA:91,8,0,0
BRDA:96,9,0,0
BRDA:119,10,0,0
BRF:13
BRH:0
end_of_record
TN:
SF:src/database-core/query-plan/adapters/mysql-query-plan-adapter.ts
FN:15,(anonymous_0)
FN:52,(anonymous_1)
FN:71,(anonymous_2)
FN:75,(anonymous_3)
FN:77,(anonymous_4)
FN:81,(anonymous_5)
FN:83,(anonymous_6)
FN:87,(anonymous_7)
FN:88,(anonymous_8)
FNF:9
FNH:0
FNDA:0,(anonymous_0)
FNDA:0,(anonymous_1)
FNDA:0,(anonymous_2)
FNDA:0,(anonymous_3)
FNDA:0,(anonymous_4)
FNDA:0,(anonymous_5)
FNDA:0,(anonymous_6)
FNDA:0,(anonymous_7)
FNDA:0,(anonymous_8)
DA:7,0
DA:16,0
DA:19,0
DA:20,0
DA:34,0
DA:38,0
DA:39,0
DA:41,0
DA:42,0
DA:43,0
DA:45,0
DA:46,0
DA:51,0
DA:52,0
DA:56,0
DA:72,0
DA:75,0
DA:76,0
DA:77,0
DA:81,0
DA:82,0
DA:83,0
DA:87,0
DA:88,0
DA:90,0
DA:91,0
DA:94,0
DA:95,0
DA:98,0
LF:29
LH:0
BRDA:21,0,0,0
BRDA:21,0,1,0
BRDA:22,1,0,0
BRDA:22,1,1,0
BRDA:23,2,0,0
BRDA:23,2,1,0
BRDA:24,3,0,0
BRDA:24,3,1,0
BRDA:29,4,0,0
BRDA:29,4,1,0
BRDA:30,5,0,0
BRDA:30,5,1,0
BRDA:41,6,0,0
BRDA:41,7,0,0
BRDA:41,7,1,0
BRDA:43,8,0,0
BRDA:43,8,1,0
BRDA:45,9,0,0
BRDA:45,10,0,0
BRDA:45,10,1,0
BRDA:51,11,0,0
BRDA:51,12,0,0
BRDA:51,12,1,0
BRDA:76,13,0,0
BRDA:81,14,0,0
BRDA:81,14,1,0
BRDA:82,15,0,0
BRDA:87,16,0,0
BRDA:87,16,1,0
BRDA:88,17,0,0
BRDA:88,17,1,0
BRDA:90,18,0,0
BRDA:94,19,0,0
BRF:33
BRH:0
end_of_record
TN:
SF:src/middleware/auth.ts
FN:25,authenticate
FN:76,requireAdmin
FNF:2
FNH:0
FNDA:0,authenticate
FNDA:0,requireAdmin
DA:5,0
DA:6,0
DA:7,0
DA:25,0
DA:26,0
DA:28,0
DA:31,0
DA:32,0
DA:36,0
DA:37,0
DA:38,0
DA:41,0
DA:44,0
DA:46,0
DA:47,0
DA:52,0
DA:56,0
DA:59,0
DA:61,0
DA:63,0
DA:66,0
DA:76,0
DA:77,0
DA:79,0
DA:80,0
DA:84,0
DA:85,0
DA:88,0
DA:90,0
LF:29
LH:0
BRDA:31,0,0,0
BRDA:37,1,0,0
BRDA:37,2,0,0
BRDA:37,2,1,0
BRDA:46,3,0,0
BRDA:46,4,0,0
BRDA:46,4,1,0
BRDA:79,5,0,0
BRDA:84,6,0,0
BRF:9
BRH:0
end_of_record
TN:
SF:src/middlewares/error-handler.middleware.ts
FN:12,errorHandler
FNF:1
FNH:0
FNDA:0,errorHandler
DA:5,0
DA:6,0
DA:12,0
DA:14,0
DA:17,0
DA:26,0
DA:28,0
DA:31,0
DA:45,0
DA:50,0
DA:53,0
LF:11
LH:0
BRDA:14,0,0,0
BRDA:14,0,1,0
BRDA:26,1,0,0
BRDA:39,2,0,0
BRDA:39,2,1,0
BRDA:61,3,0,0
BRDA:61,3,1,0
BRF:7
BRH:0
end_of_record
TN:
SF:src/middlewares/request-logger.middleware.ts
FN:12,requestLogger
FN:31,(anonymous_2)
FNF:2
FNH:0
FNDA:0,requestLogger
FNDA:0,(anonymous_2)
DA:5,0
DA:6,0
DA:12,0
DA:14,0
DA:15,0
DA:18,0
DA:21,0
DA:31,0
DA:33,0
DA:36,0
DA:39,0
DA:42,0
DA:51,0
LF:13
LH:0
BRDA:39,0,0,0
BRDA:39,0,1,0
BRF:2
BRH:0
end_of_record
TN:
SF:src/services/datasource.service.ts
FN:25,(anonymous_1)
FN:34,(anonymous_2)
FN:47,(anonymous_3)
FN:80,(anonymous_4)
FN:90,(anonymous_5)
FN:103,(anonymous_6)
FN:131,(anonymous_7)
FN:180,(anonymous_8)
FN:220,(anonymous_9)
FN:246,(anonymous_10)
FN:270,(anonymous_11)
FNF:11
FNH:0
FNDA:0,(anonymous_1)
FNDA:0,(anonymous_2)
FNDA:0,(anonymous_3)
FNDA:0,(anonymous_4)
FNDA:0,(anonymous_5)
FNDA:0,(anonymous_6)
FNDA:0,(anonymous_7)
FNDA:0,(anonymous_8)
FNDA:0,(anonymous_9)
FNDA:0,(anonymous_10)
FNDA:0,(anonymous_11)
DA:1,0
DA:4,0
DA:5,0
DA:7,0
DA:10,0
DA:11,0
DA:18,0
DA:23,0
DA:25,0
DA:26,0
DA:35,0
DA:37,0
DA:39,0
DA:40,0
DA:48,0
DA:49,0
DA:52,0
DA:54,0
DA:72,0
DA:73,0
DA:81,0
DA:83,0
DA:90,0
DA:91,0
DA:92,0
DA:95,0
DA:96,0
DA:104,0
DA:106,0
DA:110,0
DA:111,0
DA:115,0
DA:116,0
DA:118,0
DA:120,0
DA:121,0
DA:124,0
DA:132,0
DA:134,0
DA:138,0
DA:139,0
DA:142,0
DA:145,0
DA:146,0
DA:147,0
DA:148,0
DA:149,0
DA:153,0
DA:154,0
DA:155,0
DA:158,0
DA:167,0
DA:169,0
DA:170,0
DA:173,0
DA:181,0
DA:184,0
DA:188,0
DA:189,0
DA:193,0
DA:203,0
DA:204,0
DA:207,0
DA:209,0
DA:210,0
DA:213,0
DA:221,0
DA:223,0
DA:227,0
DA:228,0
DA:231,0
DA:233,0
DA:235,0
DA:236,0
DA:239,0
DA:247,0
DA:250,0
DA:262,0
DA:273,0
DA:274,0
DA:276,0
DA:280,0
DA:283,0
DA:284,0
DA:285,0
DA:290,0
DA:304,0
LF:87
LH:0
BRDA:110,0,0,0
BRDA:120,1,0,0
BRDA:138,2,0,0
BRDA:145,3,0,0
BRDA:153,4,0,0
BRDA:169,5,0,0
BRDA:188,6,0,0
BRDA:203,7,0,0
BRDA:209,8,0,0
BRDA:227,9,0,0
BRDA:235,10,0,0
BRDA:273,11,0,0
BRDA:273,11,1,0
BRDA:283,12,0,0
BRF:14
BRH:0
end_of_record
TN:
SF:src/services/metadata.service.ts
FN:23,(anonymous_1)
FN:159,(anonymous_2)
FN:170,(anonymous_3)
FN:368,(anonymous_4)
FN:417,(anonymous_5)
FN:461,(anonymous_6)
FNF:6
FNH:0
FNDA:0,(anonymous_1)
FNDA:0,(anonymous_2)
FNDA:0,(anonymous_3)
FNDA:0,(anonymous_4)
FNDA:0,(anonymous_5)
FNDA:0,(anonymous_6)
DA:6,0
DA:7,0
DA:8,0
DA:9,0
DA:10,0
DA:13,0
DA:15,0
DA:35,0
DA:36,0
DA:37,0
DA:38,0
DA:40,0
DA:42,0
DA:51,0
DA:52,0
DA:55,0
DA:58,0
DA:59,0
DA:61,0
DA:63,0
DA:64,0
DA:65,0
DA:69,0
DA:76,0
DA:77,0
DA:84,0
DA:86,0
DA:93,0
DA:97,0
DA:98,0
DA:100,0
DA:102,0
DA:103,0
DA:104,0
DA:108,0
DA:109,0
DA:110,0
DA:111,0
DA:115,0
DA:122,0
DA:123,0
DA:131,0
DA:133,0
DA:142,0
DA:146,0
DA:147,0
DA:150,0
DA:154,0
DA:155,0
DA:158,0
DA:159,0
DA:162,0
DA:165,0
DA:167,0
DA:170,0
DA:171,0
DA:175,0
DA:182,0
DA:183,0
DA:198,0
DA:199,0
DA:200,0
DA:216,0
DA:221,0
DA:223,0
DA:231,0
DA:237,0
DA:241,0
DA:243,0
DA:246,0
DA:253,0
DA:254,0
DA:255,0
DA:259,0
DA:266,0
DA:267,0
DA:268,0
DA:272,0
DA:279,0
DA:286,0
DA:287,0
DA:288,0
DA:292,0
DA:303,0
DA:311,0
DA:317,0
DA:318,0
DA:319,0
DA:322,0
DA:332,0
DA:334,0
DA:340,0
DA:343,0
DA:344,0
DA:354,0
DA:369,0
DA:371,0
DA:395,0
DA:396,0
DA:399,0
DA:401,0
DA:402,0
DA:403,0
DA:405,0
DA:427,0
DA:428,0
DA:440,0
DA:447,0
DA:448,0
DA:467,0
DA:469,0
DA:472,0
DA:474,0
DA:475,0
DA:476,0
DA:478,0
DA:483,0
LF:117
LH:0
BRDA:25,0,0,0
BRDA:35,1,0,0
BRDA:35,1,1,0
BRDA:63,2,0,0
BRDA:63,3,0,0
BRDA:63,3,1,0
BRDA:76,4,0,0
BRDA:76,4,1,0
BRDA:102,5,0,0
BRDA:102,6,0,0
BRDA:102,6,1,0
BRDA:108,7,0,0
BRDA:108,7,1,0
BRDA:110,8,0,0
BRDA:122,9,0,0
BRDA:122,9,1,0
BRDA:127,10,0,0
BRDA:127,10,1,0
BRDA:128,11,0,0
BRDA:128,11,1,0
BRDA:136,12,0,0
BRDA:136,12,1,0
BRDA:137,13,0,0
BRDA:137,13,1,0
BRDA:146,14,0,0
BRDA:182,15,0,0
BRDA:182,15,1,0
BRDA:195,16,0,0
BRDA:195,16,1,0
BRDA:199,17,0,0
BRDA:211,18,0,0
BRDA:211,18,1,0
BRDA:221,19,0,0
BRDA:243,20,0,0
BRDA:243,20,1,0
BRDA:253,21,0,0
BRDA:266,22,0,0
BRDA:286,23,0,0
BRDA:286,24,0,0
BRDA:286,24,1,0
BRDA:343,25,0,0
BRDA:395,26,0,0
BRDA:402,27,0,0
BRDA:405,28,0,0
BRDA:405,28,1,0
BRDA:419,29,0,0
BRDA:420,30,0,0
BRDA:448,31,0,0
BRDA:448,31,1,0
BRDA:465,32,0,0
BRDA:475,33,0,0
BRDA:478,34,0,0
BRDA:478,34,1,0
BRF:53
BRH:0
end_of_record
TN:
SF:src/services/query-plan.service.ts
FN:59,(anonymous_1)
FN:82,(anonymous_2)
FN:158,(anonymous_3)
FN:165,(anonymous_4)
FN:199,(anonymous_5)
FN:221,(anonymous_6)
FN:246,(anonymous_7)
FN:250,(anonymous_8)
FNF:8
FNH:0
FNDA:0,(anonymous_1)
FNDA:0,(anonymous_2)
FNDA:0,(anonymous_3)
FNDA:0,(anonymous_4)
FNDA:0,(anonymous_5)
FNDA:0,(anonymous_6)
FNDA:0,(anonymous_7)
FNDA:0,(anonymous_8)
DA:8,0
DA:52,0
DA:60,0
DA:62,0
DA:64,0
DA:67,0
DA:69,0
DA:71,0
DA:72,0
DA:83,0
DA:85,0
DA:99,0
DA:102,0
DA:104,0
DA:105,0
DA:106,0
DA:108,0
DA:110,0
DA:111,0
DA:120,0
DA:121,0
DA:129,0
DA:151,0
DA:160,0
DA:161,0
DA:164,0
DA:165,0
DA:167,0
DA:168,0
DA:169,0
DA:173,0
DA:174,0
DA:177,0
DA:178,0
DA:183,0
DA:184,0
DA:185,0
DA:189,0
DA:190,0
DA:191,0
DA:197,0
DA:199,0
DA:200,0
DA:205,0
DA:206,0
DA:210,0
DA:211,0
DA:223,0
DA:234,0
DA:235,0
DA:238,0
DA:247,0
DA:249,0
DA:250,0
DA:252,0
DA:253,0
DA:257,0
DA:258,0
DA:262,0
DA:263,0
DA:268,0
LF:61
LH:0
BRDA:87,0,0,0
BRDA:87,0,1,0
BRDA:87,1,0,0
BRDA:87,1,1,0
BRDA:88,2,0,0
BRDA:88,2,1,0
BRDA:88,3,0,0
BRDA:88,3,1,0
BRDA:91,4,0,0
BRDA:91,4,1,0
BRDA:91,5,0,0
BRDA:91,5,1,0
BRDA:99,6,0,0
BRDA:99,7,0,0
BRDA:99,7,1,0
BRDA:108,8,0,0
BRDA:110,9,0,0
BRDA:120,10,0,0
BRDA:123,11,0,0
BRDA:123,11,1,0
BRDA:124,12,0,0
BRDA:124,12,1,0
BRDA:137,13,0,0
BRDA:137,13,1,0
BRDA:138,14,0,0
BRDA:138,14,1,0
BRDA:139,15,0,0
BRDA:139,15,1,0
BRDA:139,16,0,0
BRDA:139,16,1,0
BRDA:164,17,0,0
BRDA:167,18,0,0
BRDA:167,19,0,0
BRDA:167,19,1,0
BRDA:173,20,0,0
BRDA:173,21,0,0
BRDA:173,21,1,0
BRDA:177,22,0,0
BRDA:183,23,0,0
BRDA:183,24,0,0
BRDA:183,24,1,0
BRDA:189,25,0,0
BRDA:189,26,0,0
BRDA:189,26,1,0
BRDA:189,26,2,0
BRDA:189,26,3,0
BRDA:197,27,0,0
BRDA:197,28,0,0
BRDA:197,28,1,0
BRDA:197,28,2,0
BRDA:200,29,0,0
BRDA:200,29,1,0
BRDA:205,30,0,0
BRDA:205,31,0,0
BRDA:205,31,1,0
BRDA:210,32,0,0
BRDA:210,33,0,0
BRDA:210,33,1,0
BRDA:210,33,2,0
BRDA:234,34,0,0
BRDA:234,34,1,0
BRDA:235,35,0,0
BRDA:235,35,1,0
BRDA:249,36,0,0
BRDA:252,37,0,0
BRDA:252,38,0,0
BRDA:252,38,1,0
BRDA:257,39,0,0
BRDA:257,40,0,0
BRDA:257,40,1,0
BRDA:257,40,2,0
BRDA:262,41,0,0
BRDA:262,42,0,0
BRDA:262,42,1,0
BRDA:262,42,2,0
BRF:75
BRH:0
end_of_record
TN:
SF:src/services/query.service.ts
FN:14,(anonymous_1)
FN:95,(anonymous_2)
FN:135,(anonymous_3)
FN:162,(anonymous_4)
FN:180,(anonymous_5)
FN:218,(anonymous_6)
FN:272,(anonymous_7)
FN:304,(anonymous_8)
FN:354,(anonymous_9)
FN:377,(anonymous_10)
FN:424,(anonymous_11)
FN:455,(anonymous_12)
FNF:12
FNH:0
FNDA:0,(anonymous_1)
FNDA:0,(anonymous_2)
FNDA:0,(anonymous_3)
FNDA:0,(anonymous_4)
FNDA:0,(anonymous_5)
FNDA:0,(anonymous_6)
FNDA:0,(anonymous_7)
FNDA:0,(anonymous_8)
FNDA:0,(anonymous_9)
FNDA:0,(anonymous_10)
FNDA:0,(anonymous_11)
FNDA:0,(anonymous_12)
DA:1,0
DA:2,0
DA:3,0
DA:4,0
DA:5,0
DA:8,0
DA:10,0
DA:22,0
DA:24,0
DA:27,0
DA:28,0
DA:30,0
DA:32,0
DA:40,0
DA:43,0
DA:46,0
DA:47,0
DA:49,0
DA:59,0
DA:62,0
DA:63,0
DA:64,0
DA:66,0
DA:77,0
DA:78,0
DA:79,0
DA:81,0
DA:84,0
DA:85,0
DA:86,0
DA:88,0
DA:96,0
DA:98,0
DA:99,0
DA:101,0
DA:102,0
DA:106,0
DA:109,0
DA:117,0
DA:119,0
DA:121,0
DA:122,0
DA:123,0
DA:125,0
DA:136,0
DA:138,0
DA:141,0
DA:150,0
DA:153,0
DA:163,0
DA:164,0
DA:168,0
DA:169,0
DA:190,0
DA:191,0
DA:193,0
DA:203,0
DA:210,0
DA:211,0
DA:219,0
DA:221,0
DA:225,0
DA:226,0
DA:229,0
DA:230,0
DA:234,0
DA:238,0
DA:241,0
DA:242,0
DA:246,0
DA:249,0
DA:257,0
DA:259,0
DA:261,0
DA:262,0
DA:265,0
DA:280,0
DA:281,0
DA:294,0
DA:296,0
DA:297,0
DA:310,0
DA:312,0
DA:315,0
DA:316,0
DA:320,0
DA:321,0
DA:325,0
DA:326,0
DA:332,0
DA:333,0
DA:341,0
DA:346,0
DA:347,0
DA:355,0
DA:356,0
DA:360,0
DA:361,0
DA:364,0
DA:366,0
DA:367,0
DA:368,0
DA:370,0
DA:387,0
DA:389,0
DA:393,0
DA:394,0
DA:398,0
DA:401,0
DA:402,0
DA:403,0
DA:404,0
DA:405,0
DA:408,0
DA:413,0
DA:414,0
DA:415,0
DA:417,0
DA:425,0
DA:427,0
DA:431,0
DA:432,0
DA:436,0
DA:440,0
DA:441,0
DA:442,0
DA:444,0
DA:465,0
DA:466,0
DA:468,0
DA:478,0
DA:485,0
DA:486,0
DA:491,0
LF:134
LH:0
BRDA:14,0,0,0
BRDA:62,1,0,0
BRDA:72,2,0,0
BRDA:72,2,1,0
BRDA:78,3,0,0
BRDA:81,4,0,0
BRDA:81,4,1,0
BRDA:85,5,0,0
BRDA:88,6,0,0
BRDA:88,6,1,0
BRDA:95,7,0,0
BRDA:101,8,0,0
BRDA:122,9,0,0
BRDA:125,10,0,0
BRDA:125,10,1,0
BRDA:182,11,0,0
BRDA:183,12,0,0
BRDA:191,13,0,0
BRDA:191,13,1,0
BRDA:225,14,0,0
BRDA:229,15,0,0
BRDA:241,16,0,0
BRDA:261,17,0,0
BRDA:286,18,0,0
BRDA:286,18,1,0
BRDA:287,19,0,0
BRDA:287,19,1,0
BRDA:288,20,0,0
BRDA:288,20,1,0
BRDA:304,21,0,0
BRDA:315,22,0,0
BRDA:320,23,0,0
BRDA:321,24,0,0
BRDA:321,24,1,0
BRDA:325,25,0,0
BRDA:332,26,0,0
BRDA:360,27,0,0
BRDA:367,28,0,0
BRDA:393,29,0,0
BRDA:401,30,0,0
BRDA:402,31,0,0
BRDA:403,32,0,0
BRDA:404,33,0,0
BRDA:404,34,0,0
BRDA:404,34,1,0
BRDA:405,35,0,0
BRDA:414,36,0,0
BRDA:431,37,0,0
BRDA:441,38,0,0
BRDA:457,39,0,0
BRDA:458,40,0,0
BRDA:466,41,0,0
BRDA:466,41,1,0
BRF:53
BRH:0
end_of_record
TN:
SF:src/services/database/dbInterface.ts
FN:7,(anonymous_0)
FN:7,(anonymous_1)
FN:7,(anonymous_2)
FNF:3
FNH:0
FNDA:0,(anonymous_0)
FNDA:0,(anonymous_1)
FNDA:0,(anonymous_2)
DA:5,0
DA:7,0
LF:2
LH:0
BRF:0
BRH:0
end_of_record
TN:
SF:src/services/database/enhanced-mysql.connector.ts
FN:54,(anonymous_1)
FN:107,(anonymous_2)
FN:114,(anonymous_3)
FN:141,(anonymous_4)
FN:218,(anonymous_5)
FN:284,(anonymous_6)
FN:345,(anonymous_7)
FN:353,(anonymous_8)
FN:362,(anonymous_9)
FN:371,(anonymous_10)
FN:409,(anonymous_11)
FN:421,(anonymous_12)
FN:439,(anonymous_13)
FN:465,(anonymous_14)
FN:492,(anonymous_15)
FN:505,(anonymous_16)
FN:510,(anonymous_17)
FN:515,(anonymous_18)
FN:520,(anonymous_19)
FN:525,(anonymous_20)
FNF:20
FNH:0
FNDA:0,(anonymous_1)
FNDA:0,(anonymous_2)
FNDA:0,(anonymous_3)
FNDA:0,(anonymous_4)
FNDA:0,(anonymous_5)
FNDA:0,(anonymous_6)
FNDA:0,(anonymous_7)
FNDA:0,(anonymous_8)
FNDA:0,(anonymous_9)
FNDA:0,(anonymous_10)
FNDA:0,(anonymous_11)
FNDA:0,(anonymous_12)
FNDA:0,(anonymous_13)
FNDA:0,(anonymous_14)
FNDA:0,(anonymous_15)
FNDA:0,(anonymous_16)
FNDA:0,(anonymous_17)
FNDA:0,(anonymous_18)
FNDA:0,(anonymous_19)
FNDA:0,(anonymous_20)
DA:1,0
DA:14,0
DA:16,0
DA:17,0
DA:23,0
DA:27,0
DA:62,0
DA:65,0
DA:67,0
DA:68,0
DA:71,0
DA:83,0
DA:96,0
DA:98,0
DA:108,0
DA:116,0
DA:118,0
DA:120,0
DA:121,0
DA:123,0
DA:127,0
DA:132,0
DA:133,0
DA:143,0
DA:144,0
DA:147,0
DA:149,0
DA:150,0
DA:151,0
DA:152,0
DA:153,0
DA:157,0
DA:160,0
DA:161,0
DA:164,0
DA:166,0
DA:167,0
DA:168,0
DA:171,0
DA:174,0
DA:175,0
DA:176,0
DA:177,0
DA:180,0
DA:184,0
DA:187,0
DA:188,0
DA:189,0
DA:191,0
DA:192,0
DA:195,0
DA:205,0
DA:206,0
DA:208,0
DA:215,0
DA:217,0
DA:218,0
DA:229,0
DA:230,0
DA:231,0
DA:233,0
DA:234,0
DA:236,0
DA:237,0
DA:238,0
DA:242,0
DA:245,0
DA:246,0
DA:255,0
DA:260,0
DA:267,0
DA:268,0
DA:269,0
DA:272,0
DA:273,0
DA:286,0
DA:287,0
DA:295,0
DA:296,0
DA:299,0
DA:302,0
DA:303,0
DA:304,0
DA:305,0
DA:306,0
DA:309,0
DA:316,0
DA:319,0
DA:320,0
DA:323,0
DA:325,0
DA:330,0
DA:336,0
DA:337,0
DA:346,0
DA:347,0
DA:355,0
DA:363,0
DA:372,0
DA:373,0
DA:374,0
DA:377,0
DA:381,0
DA:382,0
DA:383,0
DA:385,0
DA:388,0
DA:389,0
DA:391,0
DA:397,0
DA:399,0
DA:400,0
DA:410,0
DA:411,0
DA:420,0
DA:421,0
DA:423,0
DA:427,0
DA:440,0
DA:441,0
DA:443,0
DA:444,0
DA:447,0
DA:463,0
DA:465,0
DA:474,0
DA:479,0
DA:493,0
DA:494,0
DA:495,0
DA:497,0
DA:507,0
DA:512,0
DA:517,0
DA:522,0
DA:527,0
LF:136
LH:0
BRDA:65,0,0,0
BRDA:65,0,1,0
BRDA:67,1,0,0
BRDA:67,2,0,0
BRDA:67,2,1,0
BRDA:67,2,2,0
BRDA:67,2,3,0
BRDA:124,3,0,0
BRDA:124,3,1,0
BRDA:128,4,0,0
BRDA:128,4,1,0
BRDA:132,5,0,0
BRDA:141,6,0,0
BRDA:147,7,0,0
BRDA:150,8,0,0
BRDA:150,9,0,0
BRDA:150,9,1,0
BRDA:150,9,2,0
BRDA:164,10,0,0
BRDA:166,11,0,0
BRDA:166,11,1,0
BRDA:166,11,2,0
BRDA:167,12,0,0
BRDA:167,12,1,0
BRDA:167,12,2,0
BRDA:168,13,0,0
BRDA:168,13,1,0
BRDA:171,14,0,0
BRDA:171,14,1,0
BRDA:171,14,2,0
BRDA:174,15,0,0
BRDA:174,15,1,0
BRDA:175,16,0,0
BRDA:176,17,0,0
BRDA:176,17,1,0
BRDA:176,17,2,0
BRDA:177,18,0,0
BRDA:177,18,1,0
BRDA:191,19,0,0
BRDA:191,20,0,0
BRDA:191,20,1,0
BRDA:191,20,2,0
BRDA:196,21,0,0
BRDA:196,21,1,0
BRDA:211,22,0,0
BRDA:211,22,1,0
BRDA:215,23,0,0
BRDA:215,23,1,0
BRDA:220,24,0,0
BRDA:220,24,1,0
BRDA:229,25,0,0
BRDA:230,26,0,0
BRDA:230,26,1,0
BRDA:230,26,2,0
BRDA:231,27,0,0
BRDA:231,27,1,0
BRDA:231,27,2,0
BRDA:236,28,0,0
BRDA:256,29,0,0
BRDA:256,29,1,0
BRDA:261,30,0,0
BRDA:261,30,1,0
BRDA:267,31,0,0
BRDA:272,32,0,0
BRDA:284,33,0,0
BRDA:286,34,0,0
BRDA:305,35,0,0
BRDA:305,36,0,0
BRDA:305,36,1,0
BRDA:305,36,2,0
BRDA:310,37,0,0
BRDA:310,37,1,0
BRDA:319,38,0,0
BRDA:319,39,0,0
BRDA:319,39,1,0
BRDA:326,40,0,0
BRDA:326,40,1,0
BRDA:331,41,0,0
BRDA:331,41,1,0
BRDA:336,42,0,0
BRDA:372,43,0,0
BRDA:392,44,0,0
BRDA:392,44,1,0
BRDA:399,45,0,0
BRDA:424,46,0,0
BRDA:424,46,1,0
BRDA:428,47,0,0
BRDA:428,47,1,0
BRDA:441,48,0,0
BRDA:441,48,1,0
BRDA:443,49,0,0
BRDA:467,50,0,0
BRDA:467,50,1,0
BRDA:469,51,0,0
BRDA:469,51,1,0
BRDA:470,52,0,0
BRDA:470,52,1,0
BRDA:471,53,0,0
BRDA:471,53,1,0
BRDA:475,54,0,0
BRDA:475,54,1,0
BRDA:480,55,0,0
BRDA:480,55,1,0
BRDA:498,56,0,0
BRDA:498,56,1,0
BRDA:525,57,0,0
BRF:106
BRH:0
end_of_record
TN:
SF:src/services/database/mysql.connector.ts
FN:53,(anonymous_1)
FN:106,(anonymous_2)
FN:113,(anonymous_3)
FN:140,(anonymous_4)
FN:267,(anonymous_5)
FN:277,(anonymous_6)
FN:338,(anonymous_7)
FN:348,(anonymous_8)
FN:386,(anonymous_9)
FN:395,(anonymous_10)
FN:416,(anonymous_11)
FN:445,(anonymous_12)
FN:472,(anonymous_13)
FN:496,(anonymous_14)
FN:528,(anonymous_15)
FN:545,(anonymous_16)
FN:567,(anonymous_17)
FN:595,(anonymous_18)
FN:622,(anonymous_19)
FN:642,(anonymous_20)
FN:666,(anonymous_21)
FN:689,(anonymous_22)
FNF:22
FNH:0
FNDA:0,(anonymous_1)
FNDA:0,(anonymous_2)
FNDA:0,(anonymous_3)
FNDA:0,(anonymous_4)
FNDA:0,(anonymous_5)
FNDA:0,(anonymous_6)
FNDA:0,(anonymous_7)
FNDA:0,(anonymous_8)
FNDA:0,(anonymous_9)
FNDA:0,(anonymous_10)
FNDA:0,(anonymous_11)
FNDA:0,(anonymous_12)
FNDA:0,(anonymous_13)
FNDA:0,(anonymous_14)
FNDA:0,(anonymous_15)
FNDA:0,(anonymous_16)
FNDA:0,(anonymous_17)
FNDA:0,(anonymous_18)
FNDA:0,(anonymous_19)
FNDA:0,(anonymous_20)
FNDA:0,(anonymous_21)
FNDA:0,(anonymous_22)
DA:1,0
DA:12,0
DA:14,0
DA:15,0
DA:21,0
DA:25,0
DA:26,0
DA:61,0
DA:64,0
DA:66,0
DA:67,0
DA:70,0
DA:82,0
DA:95,0
DA:97,0
DA:107,0
DA:115,0
DA:117,0
DA:119,0
DA:120,0
DA:122,0
DA:126,0
DA:131,0
DA:132,0
DA:142,0
DA:143,0
DA:146,0
DA:147,0
DA:148,0
DA:149,0
DA:151,0
DA:154,0
DA:157,0
DA:158,0
DA:161,0
DA:163,0
DA:164,0
DA:165,0
DA:166,0
DA:169,0
DA:170,0
DA:172,0
DA:176,0
DA:179,0
DA:180,0
DA:181,0
DA:182,0
DA:184,0
DA:194,0
DA:195,0
DA:197,0
DA:204,0
DA:206,0
DA:213,0
DA:214,0
DA:215,0
DA:217,0
DA:218,0
DA:220,0
DA:221,0
DA:222,0
DA:226,0
DA:229,0
DA:230,0
DA:239,0
DA:244,0
DA:251,0
DA:252,0
DA:255,0
DA:256,0
DA:268,0
DA:279,0
DA:280,0
DA:288,0
DA:289,0
DA:292,0
DA:295,0
DA:296,0
DA:297,0
DA:298,0
DA:299,0
DA:300,0
DA:303,0
DA:304,0
DA:311,0
DA:314,0
DA:316,0
DA:318,0
DA:323,0
DA:329,0
DA:330,0
DA:339,0
DA:340,0
DA:349,0
DA:350,0
DA:351,0
DA:354,0
DA:358,0
DA:359,0
DA:360,0
DA:362,0
DA:365,0
DA:366,0
DA:368,0
DA:374,0
DA:376,0
DA:377,0
DA:388,0
DA:389,0
DA:392,0
DA:395,0
DA:397,0
DA:399,0
DA:403,0
DA:405,0
DA:406,0
DA:417,0
DA:418,0
DA:419,0
DA:423,0
DA:424,0
DA:427,0
DA:445,0
DA:454,0
DA:456,0
DA:461,0
DA:463,0
DA:464,0
DA:473,0
DA:474,0
DA:494,0
DA:496,0
DA:512,0
DA:518,0
DA:529,0
DA:530,0
DA:543,0
DA:545,0
DA:551,0
DA:557,0
DA:568,0
DA:569,0
DA:593,0
DA:595,0
DA:606,0
DA:612,0
DA:623,0
DA:624,0
DA:640,0
DA:642,0
DA:650,0
DA:656,0
DA:667,0
DA:668,0
DA:670,0
DA:672,0
DA:678,0
DA:690,0
DA:691,0
DA:692,0
DA:694,0
LF:161
LH:0
BRDA:64,0,0,0
BRDA:64,0,1,0
BRDA:66,1,0,0
BRDA:66,2,0,0
BRDA:66,2,1,0
BRDA:66,2,2,0
BRDA:66,2,3,0
BRDA:123,3,0,0
BRDA:123,3,1,0
BRDA:127,4,0,0
BRDA:127,4,1,0
BRDA:131,5,0,0
BRDA:140,6,0,0
BRDA:146,7,0,0
BRDA:161,8,0,0
BRDA:161,9,0,0
BRDA:161,9,1,0
BRDA:161,9,2,0
BRDA:163,10,0,0
BRDA:163,10,1,0
BRDA:164,11,0,0
BRDA:164,11,1,0
BRDA:164,11,2,0
BRDA:165,12,0,0
BRDA:165,12,1,0
BRDA:166,13,0,0
BRDA:166,13,1,0
BRDA:166,13,2,0
BRDA:169,14,0,0
BRDA:170,15,0,0
BRDA:170,15,1,0
BRDA:185,16,0,0
BRDA:185,16,1,0
BRDA:200,17,0,0
BRDA:200,17,1,0
BRDA:204,18,0,0
BRDA:204,18,1,0
BRDA:213,19,0,0
BRDA:213,20,0,0
BRDA:213,20,1,0
BRDA:213,20,2,0
BRDA:214,21,0,0
BRDA:214,21,1,0
BRDA:215,22,0,0
BRDA:215,22,1,0
BRDA:215,22,2,0
BRDA:220,23,0,0
BRDA:240,24,0,0
BRDA:240,24,1,0
BRDA:245,25,0,0
BRDA:245,25,1,0
BRDA:251,26,0,0
BRDA:255,27,0,0
BRDA:267,28,0,0
BRDA:277,29,0,0
BRDA:279,30,0,0
BRDA:298,31,0,0
BRDA:298,32,0,0
BRDA:298,32,1,0
BRDA:298,32,2,0
BRDA:305,33,0,0
BRDA:305,33,1,0
BRDA:319,34,0,0
BRDA:319,34,1,0
BRDA:324,35,0,0
BRDA:324,35,1,0
BRDA:329,36,0,0
BRDA:349,37,0,0
BRDA:369,38,0,0
BRDA:369,38,1,0
BRDA:376,39,0,0
BRDA:400,40,0,0
BRDA:400,40,1,0
BRDA:403,41,0,0
BRDA:403,41,1,0
BRDA:405,42,0,0
BRDA:417,43,0,0
BRDA:417,43,1,0
BRDA:418,44,0,0
BRDA:447,45,0,0
BRDA:447,45,1,0
BRDA:449,46,0,0
BRDA:449,46,1,0
BRDA:457,47,0,0
BRDA:457,47,1,0
BRDA:461,48,0,0
BRDA:461,48,1,0
BRDA:463,49,0,0
BRDA:513,50,0,0
BRDA:513,50,1,0
BRDA:519,51,0,0
BRDA:519,51,1,0
BRDA:552,52,0,0
BRDA:552,52,1,0
BRDA:558,53,0,0
BRDA:558,53,1,0
BRDA:607,54,0,0
BRDA:607,54,1,0
BRDA:613,55,0,0
BRDA:613,55,1,0
BRDA:651,56,0,0
BRDA:651,56,1,0
BRDA:657,57,0,0
BRDA:657,57,1,0
BRDA:666,58,0,0
BRDA:673,59,0,0
BRDA:673,59,1,0
BRDA:679,60,0,0
BRDA:679,60,1,0
BRDA:695,61,0,0
BRDA:695,61,1,0
BRF:111
BRH:0
end_of_record
TN:
SF:src/services/database/query-plan-conversion/mysql-query-plan-converter.ts
FN:17,(anonymous_1)
FN:41,(anonymous_2)
FN:48,(anonymous_3)
FN:66,(anonymous_4)
FN:71,(anonymous_5)
FN:93,(anonymous_6)
FN:135,(anonymous_7)
FN:142,(anonymous_8)
FN:151,(anonymous_9)
FN:165,(anonymous_10)
FN:167,(anonymous_11)
FN:171,(anonymous_12)
FN:173,(anonymous_13)
FN:177,(anonymous_14)
FN:183,(anonymous_15)
FN:190,(anonymous_16)
FN:226,(anonymous_17)
FN:228,(anonymous_18)
FN:231,(anonymous_19)
FN:239,(anonymous_20)
FN:247,(anonymous_21)
FN:251,(anonymous_22)
FN:253,(anonymous_23)
FN:257,(anonymous_24)
FN:264,(anonymous_25)
FN:287,(anonymous_26)
FN:295,(anonymous_27)
FN:300,(anonymous_28)
FN:312,(anonymous_29)
FNF:29
FNH:0
FNDA:0,(anonymous_1)
FNDA:0,(anonymous_2)
FNDA:0,(anonymous_3)
FNDA:0,(anonymous_4)
FNDA:0,(anonymous_5)
FNDA:0,(anonymous_6)
FNDA:0,(anonymous_7)
FNDA:0,(anonymous_8)
FNDA:0,(anonymous_9)
FNDA:0,(anonymous_10)
FNDA:0,(anonymous_11)
FNDA:0,(anonymous_12)
FNDA:0,(anonymous_13)
FNDA:0,(anonymous_14)
FNDA:0,(anonymous_15)
FNDA:0,(anonymous_16)
FNDA:0,(anonymous_17)
FNDA:0,(anonymous_18)
FNDA:0,(anonymous_19)
FNDA:0,(anonymous_20)
FNDA:0,(anonymous_21)
FNDA:0,(anonymous_22)
FNDA:0,(anonymous_23)
FNDA:0,(anonymous_24)
FNDA:0,(anonymous_25)
FNDA:0,(anonymous_26)
FNDA:0,(anonymous_27)
FNDA:0,(anonymous_28)
FNDA:0,(anonymous_29)
DA:2,0
DA:8,0
DA:23,0
DA:26,0
DA:29,0
DA:39,0
DA:40,0
DA:41,0
DA:48,0
DA:60,0
DA:67,0
DA:68,0
DA:71,0
DA:72,0
DA:86,0
DA:98,0
DA:100,0
DA:101,0
DA:105,0
DA:106,0
DA:107,0
DA:108,0
DA:109,0
DA:110,0
DA:113,0
DA:114,0
DA:117,0
DA:118,0
DA:122,0
DA:125,0
DA:129,0
DA:136,0
DA:137,0
DA:142,0
DA:152,0
DA:155,0
DA:160,0
DA:161,0
DA:165,0
DA:166,0
DA:167,0
DA:171,0
DA:172,0
DA:173,0
DA:177,0
DA:178,0
DA:179,0
DA:183,0
DA:184,0
DA:185,0
DA:189,0
DA:190,0
DA:191,0
DA:195,0
DA:196,0
DA:201,0
DA:202,0
DA:205,0
DA:206,0
DA:210,0
DA:211,0
DA:216,0
DA:217,0
DA:220,0
DA:228,0
DA:231,0
DA:232,0
DA:239,0
DA:241,0
DA:248,0
DA:251,0
DA:252,0
DA:253,0
DA:257,0
DA:258,0
DA:263,0
DA:264,0
DA:268,0
DA:269,0
DA:270,0
DA:271,0
DA:274,0
DA:275,0
DA:280,0
DA:288,0
DA:291,0
DA:292,0
DA:295,0
DA:297,0
DA:299,0
DA:300,0
DA:301,0
DA:302,0
DA:305,0
DA:306,0
DA:311,0
DA:312,0
DA:313,0
DA:314,0
DA:319,0
LF:100
LH:0
BRDA:39,0,0,0
BRDA:67,1,0,0
BRDA:67,2,0,0
BRDA:67,2,1,0
BRDA:73,3,0,0
BRDA:73,3,1,0
BRDA:74,4,0,0
BRDA:74,4,1,0
BRDA:75,5,0,0
BRDA:75,5,1,0
BRDA:76,6,0,0
BRDA:76,6,1,0
BRDA:79,7,0,0
BRDA:79,7,1,0
BRDA:81,8,0,0
BRDA:81,8,1,0
BRDA:82,9,0,0
BRDA:82,9,1,0
BRDA:83,10,0,0
BRDA:83,10,1,0
BRDA:100,11,0,0
BRDA:100,12,0,0
BRDA:100,12,1,0
BRDA:105,13,0,0
BRDA:105,13,1,0
BRDA:107,14,0,0
BRDA:107,14,1,0
BRDA:107,15,0,0
BRDA:107,15,1,0
BRDA:109,16,0,0
BRDA:113,17,0,0
BRDA:113,18,0,0
BRDA:113,18,1,0
BRDA:117,19,0,0
BRDA:117,20,0,0
BRDA:117,20,1,0
BRDA:136,21,0,0
BRDA:155,22,0,0
BRDA:155,22,1,0
BRDA:160,23,0,0
BRDA:160,24,0,0
BRDA:160,24,1,0
BRDA:160,24,2,0
BRDA:166,25,0,0
BRDA:171,26,0,0
BRDA:171,26,1,0
BRDA:172,27,0,0
BRDA:177,28,0,0
BRDA:177,28,1,0
BRDA:178,29,0,0
BRDA:183,30,0,0
BRDA:183,30,1,0
BRDA:184,31,0,0
BRDA:189,32,0,0
BRDA:191,33,0,0
BRDA:191,33,1,0
BRDA:191,33,2,0
BRDA:195,34,0,0
BRDA:201,35,0,0
BRDA:205,36,0,0
BRDA:205,37,0,0
BRDA:205,37,1,0
BRDA:210,38,0,0
BRDA:210,39,0,0
BRDA:210,39,1,0
BRDA:210,39,2,0
BRDA:216,40,0,0
BRDA:232,41,0,0
BRDA:232,41,1,0
BRDA:232,41,2,0
BRDA:241,42,0,0
BRDA:241,42,1,0
BRDA:241,42,2,0
BRDA:252,43,0,0
BRDA:258,44,0,0
BRDA:258,44,1,0
BRDA:258,44,2,0
BRDA:263,45,0,0
BRDA:263,46,0,0
BRDA:263,46,1,0
BRDA:269,47,0,0
BRDA:270,48,0,0
BRDA:274,49,0,0
BRDA:297,50,0,0
BRDA:297,51,0,0
BRDA:297,51,1,0
BRDA:302,52,0,0
BRDA:302,52,1,0
BRDA:305,53,0,0
BRDA:311,54,0,0
BRDA:311,55,0,0
BRDA:311,55,1,0
BRDA:311,55,2,0
BRDA:311,55,3,0
BRDA:313,56,0,0
BRF:95
BRH:0
end_of_record
TN:
SF:src/services/metadata/column-analyzer.ts
FN:41,(anonymous_1)
FN:162,(anonymous_2)
FN:249,(anonymous_3)
FN:357,(anonymous_4)
FN:378,(anonymous_5)
FN:396,(anonymous_6)
FN:411,(anonymous_7)
FN:440,(anonymous_8)
FN:472,(anonymous_9)
FN:552,(anonymous_10)
FN:558,(anonymous_11)
FN:597,(anonymous_12)
FN:617,(anonymous_13)
FN:644,(anonymous_14)
FN:650,(anonymous_15)
FN:658,(anonymous_16)
FN:664,(anonymous_17)
FN:706,(anonymous_18)
FN:716,(anonymous_19)
FN:727,(anonymous_20)
FNF:20
FNH:0
FNDA:0,(anonymous_1)
FNDA:0,(anonymous_2)
FNDA:0,(anonymous_3)
FNDA:0,(anonymous_4)
FNDA:0,(anonymous_5)
FNDA:0,(anonymous_6)
FNDA:0,(anonymous_7)
FNDA:0,(anonymous_8)
FNDA:0,(anonymous_9)
FNDA:0,(anonymous_10)
FNDA:0,(anonymous_11)
FNDA:0,(anonymous_12)
FNDA:0,(anonymous_13)
FNDA:0,(anonymous_14)
FNDA:0,(anonymous_15)
FNDA:0,(anonymous_16)
FNDA:0,(anonymous_17)
FNDA:0,(anonymous_18)
FNDA:0,(anonymous_19)
FNDA:0,(anonymous_20)
DA:6,0
DA:7,0
DA:8,0
DA:11,0
DA:32,0
DA:47,0
DA:48,0
DA:51,0
DA:61,0
DA:62,0
DA:65,0
DA:72,0
DA:73,0
DA:77,0
DA:80,0
DA:89,0
DA:90,0
DA:91,0
DA:102,0
DA:110,0
DA:111,0
DA:112,0
DA:121,0
DA:137,0
DA:144,0
DA:146,0
DA:148,0
DA:155,0
DA:169,0
DA:171,0
DA:179,0
DA:180,0
DA:186,0
DA:187,0
DA:191,0
DA:192,0
DA:199,0
DA:201,0
DA:203,0
DA:204,0
DA:208,0
DA:214,0
DA:215,0
DA:221,0
DA:222,0
DA:226,0
DA:227,0
DA:234,0
DA:236,0
DA:242,0
DA:257,0
DA:259,0
DA:261,0
DA:269,0
DA:271,0
DA:272,0
DA:275,0
DA:276,0
DA:279,0
DA:280,0
DA:287,0
DA:290,0
DA:291,0
DA:292,0
DA:293,0
DA:295,0
DA:301,0
DA:303,0
DA:309,0
DA:313,0
DA:315,0
DA:324,0
DA:326,0
DA:327,0
DA:330,0
DA:334,0
DA:335,0
DA:336,0
DA:337,0
DA:338,0
DA:339,0
DA:341,0
DA:342,0
DA:345,0
DA:355,0
DA:357,0
DA:363,0
DA:365,0
DA:371,0
DA:385,0
DA:386,0
DA:394,0
DA:396,0
DA:398,0
DA:404,0
DA:417,0
DA:418,0
DA:423,0
DA:425,0
DA:427,0
DA:433,0
DA:447,0
DA:448,0
DA:454,0
DA:456,0
DA:458,0
DA:465,0
DA:476,0
DA:479,0
DA:480,0
DA:482,0
DA:483,0
DA:484,0
DA:485,0
DA:488,0
DA:490,0
DA:491,0
DA:493,0
DA:494,0
DA:495,0
DA:498,0
DA:502,0
DA:503,0
DA:505,0
DA:506,0
DA:507,0
DA:508,0
DA:509,0
DA:510,0
DA:512,0
DA:516,0
DA:519,0
DA:520,0
DA:521,0
DA:523,0
DA:524,0
DA:527,0
DA:529,0
DA:530,0
DA:531,0
DA:533,0
DA:534,0
DA:535,0
DA:537,0
DA:538,0
DA:541,0
DA:546,0
DA:553,0
DA:554,0
DA:557,0
DA:558,0
DA:562,0
DA:581,0
DA:588,0
DA:594,0
DA:597,0
DA:609,0
DA:610,0
DA:619,0
DA:620,0
DA:622,0
DA:623,0
DA:626,0
DA:628,0
DA:629,0
DA:630,0
DA:631,0
DA:632,0
DA:633,0
DA:635,0
DA:645,0
DA:650,0
DA:651,0
DA:659,0
DA:660,0
DA:663,0
DA:664,0
DA:666,0
DA:667,0
DA:671,0
DA:672,0
DA:674,0
DA:676,0
DA:692,0
DA:705,0
DA:706,0
DA:708,0
DA:709,0
DA:717,0
DA:726,0
DA:727,0
DA:731,0
LF:192
LH:0
BRDA:61,0,0,0
BRDA:72,1,0,0
BRDA:90,2,0,0
BRDA:111,3,0,0
BRDA:133,4,0,0
BRDA:133,4,1,0
BRDA:140,5,0,0
BRDA:140,5,1,0
BRDA:179,6,0,0
BRDA:179,6,1,0
BRDA:186,7,0,0
BRDA:186,7,1,0
BRDA:191,8,0,0
BRDA:203,9,0,0
BRDA:214,10,0,0
BRDA:214,10,1,0
BRDA:221,11,0,0
BRDA:221,11,1,0
BRDA:226,12,0,0
BRDA:228,13,0,0
BRDA:228,13,1,0
BRDA:229,14,0,0
BRDA:229,14,1,0
BRDA:230,15,0,0
BRDA:230,15,1,0
BRDA:259,16,0,0
BRDA:271,17,0,0
BRDA:271,18,0,0
BRDA:271,18,1,0
BRDA:279,19,0,0
BRDA:298,20,0,0
BRDA:298,20,1,0
BRDA:313,21,0,0
BRDA:326,22,0,0
BRDA:326,23,0,0
BRDA:326,23,1,0
BRDA:334,24,0,0
BRDA:334,24,1,0
BRDA:337,25,0,0
BRDA:337,25,1,0
BRDA:383,26,0,0
BRDA:479,27,0,0
BRDA:479,28,0,0
BRDA:479,28,1,0
BRDA:482,29,0,0
BRDA:482,29,1,0
BRDA:484,30,0,0
BRDA:490,31,0,0
BRDA:493,32,0,0
BRDA:502,33,0,0
BRDA:505,34,0,0
BRDA:507,35,0,0
BRDA:507,35,1,0
BRDA:509,36,0,0
BRDA:509,36,1,0
BRDA:519,37,0,0
BRDA:519,37,1,0
BRDA:520,38,0,0
BRDA:520,39,0,0
BRDA:520,39,1,0
BRDA:523,40,0,0
BRDA:529,41,0,0
BRDA:529,41,1,0
BRDA:530,42,0,0
BRDA:530,43,0,0
BRDA:530,43,1,0
BRDA:533,44,0,0
BRDA:534,45,0,0
BRDA:534,46,0,0
BRDA:534,46,1,0
BRDA:537,47,0,0
BRDA:557,48,0,0
BRDA:557,48,1,0
BRDA:606,49,0,0
BRDA:606,49,1,0
BRDA:619,50,0,0
BRDA:619,50,1,0
BRDA:620,51,0,0
BRDA:620,51,1,0
BRDA:622,52,0,0
BRDA:628,53,0,0
BRDA:628,53,1,0
BRDA:630,54,0,0
BRDA:630,54,1,0
BRDA:632,55,0,0
BRDA:632,55,1,0
BRDA:666,56,0,0
BRDA:674,57,0,0
BRDA:674,57,1,0
BRF:89
BRH:0
end_of_record
TN:
SF:src/services/metadata/relationship-detector.ts
FN:17,(anonymous_1)
FN:45,(anonymous_2)
FN:189,(anonymous_3)
FN:219,(anonymous_4)
FN:288,(anonymous_5)
FNF:5
FNH:0
FNDA:0,(anonymous_1)
FNDA:0,(anonymous_2)
FNDA:0,(anonymous_3)
FNDA:0,(anonymous_4)
FNDA:0,(anonymous_5)
DA:6,0
DA:7,0
DA:9,0
DA:11,0
DA:18,0
DA:20,0
DA:21,0
DA:24,0
DA:25,0
DA:28,0
DA:29,0
DA:31,0
DA:33,0
DA:35,0
DA:36,0
DA:46,0
DA:48,0
DA:50,0
DA:68,0
DA:71,0
DA:90,0
DA:91,0
DA:92,0
DA:93,0
DA:97,0
DA:99,0
DA:114,0
DA:115,0
DA:116,0
DA:117,0
DA:120,0
DA:130,0
DA:132,0
DA:139,0
DA:142,0
DA:150,0
DA:151,0
DA:162,0
DA:170,0
DA:171,0
DA:176,0
DA:177,0
DA:179,0
DA:180,0
DA:190,0
DA:192,0
DA:194,0
DA:206,0
DA:207,0
DA:211,0
DA:212,0
DA:213,0
DA:217,0
DA:219,0
DA:220,0
DA:222,0
DA:223,0
DA:226,0
DA:228,0
DA:231,0
DA:246,0
DA:248,0
DA:249,0
DA:252,0
DA:257,0
DA:258,0
DA:259,0
DA:260,0
DA:271,0
DA:272,0
DA:273,0
DA:274,0
DA:275,0
DA:276,0
DA:287,0
DA:288,0
DA:289,0
DA:292,0
DA:303,0
DA:311,0
DA:312,0
DA:317,0
DA:318,0
DA:320,0
DA:321,0
DA:326,0
LF:86
LH:0
BRDA:130,0,0,0
BRDA:139,1,0,0
BRDA:150,2,0,0
BRDA:206,3,0,0
BRDA:220,4,0,0
BRDA:228,5,0,0
BRDA:246,6,0,0
BRDA:259,7,0,0
BRDA:273,8,0,0
BRDA:273,9,0,0
BRDA:273,9,1,0
BRDA:275,10,0,0
BRDA:275,11,0,0
BRDA:275,11,1,0
BRDA:287,12,0,0
BRF:15
BRH:0
end_of_record
TN:
SF:src/types/database-factory.ts
FN:22,(anonymous_1)
FN:89,(anonymous_2)
FN:97,(anonymous_3)
FNF:3
FNH:0
FNDA:0,(anonymous_1)
FNDA:0,(anonymous_2)
FNDA:0,(anonymous_3)
DA:1,0
DA:3,0
DA:4,0
DA:8,0
DA:14,0
DA:35,0
DA:36,0
DA:37,0
DA:43,0
DA:45,0
DA:47,0
DA:48,0
DA:51,0
DA:52,0
DA:53,0
DA:56,0
DA:57,0
DA:58,0
DA:61,0
DA:62,0
DA:63,0
DA:66,0
DA:67,0
DA:68,0
DA:71,0
DA:72,0
DA:73,0
DA:75,0
DA:76,0
DA:80,0
DA:81,0
DA:90,0
DA:98,0
LF:33
LH:0
BRDA:36,0,0,0
BRDA:45,1,0,0
BRDA:45,1,1,0
BRDA:45,1,2,0
BRDA:45,1,3,0
BRDA:45,1,4,0
BRDA:45,1,5,0
BRDA:45,1,6,0
BRF:8
BRH:0
end_of_record
TN:
SF:src/types/database.ts
FN:8,(anonymous_0)
FNF:1
FNH:0
FNDA:0,(anonymous_0)
DA:8,0
DA:9,0
DA:10,0
DA:11,0
DA:12,0
DA:13,0
DA:14,0
LF:7
LH:0
BRDA:8,0,0,0
BRDA:8,0,1,0
BRF:2
BRH:0
end_of_record
TN:
SF:src/types/datasource.ts
FN:188,(anonymous_0)
FNF:1
FNH:0
FNDA:0,(anonymous_0)
DA:188,0
DA:189,0
DA:190,0
DA:191,0
DA:192,0
DA:193,0
DA:194,0
LF:7
LH:0
BRDA:188,0,0,0
BRDA:188,0,1,0
BRF:2
BRH:0
end_of_record
TN:
SF:src/types/index.ts
FNF:0
FNH:0
DA:1,0
DA:2,0
DA:3,0
LF:3
LH:0
BRF:0
BRH:0
end_of_record
TN:
SF:src/utils/crypto.ts
FN:14,generateSalt
FN:24,encrypt
FN:55,decrypt
FN:86,hashPassword
FN:111,verifyPassword
FNF:5
FNH:0
FNDA:0,generateSalt
FNDA:0,encrypt
FNDA:0,decrypt
FNDA:0,hashPassword
FNDA:0,verifyPassword
DA:5,0
DA:6,0
DA:9,0
DA:14,0
DA:15,0
DA:24,0
DA:25,0
DA:28,0
DA:31,0
DA:34,0
DA:37,0
DA:38,0
DA:41,0
DA:43,0
DA:55,0
DA:56,0
DA:58,0
DA:61,0
DA:64,0
DA:67,0
DA:70,0
DA:71,0
DA:73,0
DA:75,0
DA:76,0
DA:86,0
DA:87,0
DA:90,0
DA:98,0
DA:111,0
DA:112,0
DA:120,0
DA:129,0
DA:138,0
LF:34
LH:0
BRDA:9,0,0,0
BRDA:9,0,1,0
BRDA:14,1,0,0
BRDA:25,2,0,0
BRDA:25,2,1,0
BRDA:87,3,0,0
BRDA:87,3,1,0
BRF:7
BRH:0
end_of_record
TN:
SF:src/utils/error.ts
FN:27,(anonymous_0)
FN:44,(anonymous_1)
FN:49,(anonymous_2)
FN:60,(anonymous_3)
FN:72,(anonymous_4)
FN:85,(anonymous_5)
FN:101,(anonymous_6)
FNF:7
FNH:0
FNDA:0,(anonymous_0)
FNDA:0,(anonymous_1)
FNDA:0,(anonymous_2)
FNDA:0,(anonymous_3)
FNDA:0,(anonymous_4)
FNDA:0,(anonymous_5)
FNDA:0,(anonymous_6)
DA:5,0
DA:23,0
DA:28,0
DA:29,0
DA:30,0
DA:31,0
DA:34,0
DA:41,0
DA:45,0
DA:46,0
DA:50,0
DA:57,0
DA:61,0
DA:62,0
DA:69,0
DA:73,0
DA:74,0
DA:81,0
DA:86,0
DA:87,0
DA:88,0
DA:95,0
DA:102,0
DA:103,0
LF:24
LH:0
BRDA:27,0,0,0
BRDA:27,1,0,0
BRDA:44,2,0,0
BRDA:44,3,0,0
BRDA:60,4,0,0
BRF:5
BRH:0
end_of_record
TN:
SF:src/utils/health-monitor.ts
FN:16,(anonymous_1)
FN:23,(anonymous_2)
FN:32,(anonymous_3)
FN:42,(anonymous_4)
FN:54,(anonymous_5)
FN:84,(anonymous_6)
FN:92,(anonymous_7)
FN:105,(anonymous_8)
FN:123,(anonymous_9)
FNF:9
FNH:0
FNDA:0,(anonymous_1)
FNDA:0,(anonymous_2)
FNDA:0,(anonymous_3)
FNDA:0,(anonymous_4)
FNDA:0,(anonymous_5)
FNDA:0,(anonymous_6)
FNDA:0,(anonymous_7)
FNDA:0,(anonymous_8)
FNDA:0,(anonymous_9)
DA:1,0
DA:2,0
DA:8,0
DA:9,0
DA:17,0
DA:24,0
DA:25,0
DA:29,0
DA:32,0
DA:33,0
DA:36,0
DA:43,0
DA:44,0
DA:45,0
DA:46,0
DA:55,0
DA:56,0
DA:73,0
DA:75,0
DA:85,0
DA:93,0
DA:94,0
DA:95,0
DA:96,0
DA:97,0
DA:106,0
DA:107,0
DA:108,0
DA:110,0
DA:111,0
DA:112,0
DA:113,0
DA:115,0
DA:124,0
DA:134,0
DA:136,0
LF:36
LH:0
BRDA:16,0,0,0
BRDA:24,1,0,0
BRDA:43,2,0,0
BRDA:111,3,0,0
BRDA:112,4,0,0
BRDA:112,5,0,0
BRDA:112,5,1,0
BRF:7
BRH:0
end_of_record
TN:
SF:src/utils/logger.ts
FN:11,(anonymous_1)
FN:21,(anonymous_2)
FN:38,(anonymous_3)
FN:53,(anonymous_4)
FN:64,(anonymous_5)
FN:75,(anonymous_6)
FN:86,(anonymous_7)
FNF:7
FNH:0
FNDA:0,(anonymous_1)
FNDA:0,(anonymous_2)
FNDA:0,(anonymous_3)
FNDA:0,(anonymous_4)
FNDA:0,(anonymous_5)
FNDA:0,(anonymous_6)
FNDA:0,(anonymous_7)
DA:6,0
DA:11,0
DA:12,0
DA:13,0
DA:14,0
DA:15,0
DA:21,0
DA:22,0
DA:23,0
DA:24,0
DA:25,0
DA:26,0
DA:27,0
DA:28,0
DA:38,0
DA:39,0
DA:40,0
DA:41,0
DA:47,0
DA:54,0
DA:55,0
DA:65,0
DA:66,0
DA:76,0
DA:77,0
DA:87,0
DA:88,0
DA:93,0
LF:28
LH:0
BRDA:11,0,0,0
BRDA:11,0,1,0
BRDA:22,1,0,0
BRDA:22,1,1,0
BRDA:23,2,0,0
BRDA:23,2,1,0
BRDA:23,2,2,0
BRDA:23,2,3,0
BRDA:23,2,4,0
BRDA:40,3,0,0
BRDA:40,3,1,0
BRDA:54,4,0,0
BRDA:65,5,0,0
BRDA:76,6,0,0
BRDA:87,7,0,0
BRF:15
BRH:0
end_of_record
TN:
SF:src/utils/validate.ts
FN:8,(anonymous_0)
FN:9,(anonymous_1)
FN:11,(anonymous_2)
FN:20,(anonymous_3)
FNF:4
FNH:0
FNDA:0,(anonymous_0)
FNDA:0,(anonymous_1)
FNDA:0,(anonymous_2)
FNDA:0,(anonymous_3)
DA:2,0
DA:3,0
DA:8,0
DA:9,0
DA:11,0
DA:14,0
DA:15,0
DA:16,0
DA:20,0
DA:27,0
LF:10
LH:0
BRDA:15,0,0,0
BRDA:21,1,0,0
BRDA:21,1,1,0
BRF:3
BRH:0
end_of_record
TN:
SF:src/utils/errors/app-error.ts
FN:46,(anonymous_0)
FN:74,(anonymous_1)
FN:83,(anonymous_2)
FN:92,(anonymous_3)
FN:100,(anonymous_4)
FN:123,(anonymous_5)
FNF:6
FNH:0
FNDA:0,(anonymous_0)
FNDA:0,(anonymous_1)
FNDA:0,(anonymous_2)
FNDA:0,(anonymous_3)
FNDA:0,(anonymous_4)
FNDA:0,(anonymous_5)
DA:4,0
DA:16,0
DA:54,0
DA:56,0
DA:57,0
DA:58,0
DA:59,0
DA:60,0
DA:61,0
DA:62,0
DA:65,0
DA:66,0
DA:75,0
DA:76,0
DA:84,0
DA:85,0
DA:93,0
DA:94,0
DA:101,0
DA:109,0
DA:110,0
DA:113,0
DA:114,0
DA:117,0
DA:124,0
LF:25
LH:0
BRDA:49,0,0,0
BRDA:50,1,0,0
BRDA:54,2,0,0
BRDA:54,2,1,0
BRDA:54,2,2,0
BRDA:65,3,0,0
BRDA:109,4,0,0
BRDA:113,5,0,0
BRF:8
BRH:0
end_of_record
TN:
SF:src/utils/errors/error-codes.ts
FNF:0
FNH:0
DA:8,3
DA:25,3
DA:47,3
DA:67,3
DA:79,3
DA:90,3
DA:102,3
DA:116,3
DA:128,3
DA:206,3
LF:10
LH:10
BRF:0
BRH:0
end_of_record
TN:
SF:src/utils/errors/index.ts
FNF:0
FNH:0
DA:6,0
DA:9,0
DA:12,0
DA:13,0
DA:14,0
DA:15,0
DA:16,0
DA:17,0
LF:8
LH:0
BRF:0
BRH:0
end_of_record
TN:
SF:src/utils/errors/types/api-error.ts
FN:17,(anonymous_0)
FN:32,(anonymous_1)
FN:41,(anonymous_2)
FN:50,(anonymous_3)
FN:59,(anonymous_4)
FN:68,(anonymous_5)
FN:77,(anonymous_6)
FN:86,(anonymous_7)
FNF:8
FNH:0
FNDA:0,(anonymous_0)
FNDA:0,(anonymous_1)
FNDA:0,(anonymous_2)
FNDA:0,(anonymous_3)
FNDA:0,(anonymous_4)
FNDA:0,(anonymous_5)
FNDA:0,(anonymous_6)
FNDA:0,(anonymous_7)
DA:1,0
DA:2,0
DA:8,0
DA:24,0
DA:33,0
DA:42,0
DA:51,0
DA:60,0
DA:69,0
DA:78,0
DA:87,0
LF:11
LH:0
BRDA:19,0,0,0
BRDA:20,1,0,0
BRDA:21,2,0,0
BRDA:32,3,0,0
BRDA:41,4,0,0
BRDA:50,5,0,0
BRDA:59,6,0,0
BRDA:68,7,0,0
BRDA:77,8,0,0
BRDA:86,9,0,0
BRF:10
BRH:0
end_of_record
TN:
SF:src/utils/errors/types/database-error.ts
FN:16,(anonymous_0)
FN:30,(anonymous_1)
FN:39,(anonymous_2)
FN:48,(anonymous_3)
FN:57,(anonymous_4)
FN:66,(anonymous_5)
FN:75,(anonymous_6)
FNF:7
FNH:0
FNDA:0,(anonymous_0)
FNDA:0,(anonymous_1)
FNDA:0,(anonymous_2)
FNDA:0,(anonymous_3)
FNDA:0,(anonymous_4)
FNDA:0,(anonymous_5)
FNDA:0,(anonymous_6)
DA:1,0
DA:2,0
DA:8,0
DA:22,0
DA:31,0
DA:40,0
DA:49,0
DA:58,0
DA:67,0
DA:76,0
LF:10
LH:0
BRDA:18,0,0,0
BRDA:19,1,0,0
BRDA:30,2,0,0
BRDA:39,3,0,0
BRDA:48,4,0,0
BRDA:57,5,0,0
BRDA:66,6,0,0
BRDA:75,7,0,0
BRF:8
BRH:0
end_of_record
TN:
SF:src/utils/errors/types/datasource-error.ts
FN:16,(anonymous_0)
FN:30,(anonymous_1)
FN:39,(anonymous_2)
FN:48,(anonymous_3)
FN:57,(anonymous_4)
FN:66,(anonymous_5)
FN:75,(anonymous_6)
FNF:7
FNH:0
FNDA:0,(anonymous_0)
FNDA:0,(anonymous_1)
FNDA:0,(anonymous_2)
FNDA:0,(anonymous_3)
FNDA:0,(anonymous_4)
FNDA:0,(anonymous_5)
FNDA:0,(anonymous_6)
DA:1,0
DA:2,0
DA:8,0
DA:22,0
DA:31,0
DA:40,0
DA:49,0
DA:58,0
DA:67,0
DA:76,0
LF:10
LH:0
BRDA:18,0,0,0
BRDA:19,1,0,0
BRDA:30,2,0,0
BRDA:39,3,0,0
BRDA:48,4,0,0
BRDA:57,5,0,0
BRDA:66,6,0,0
BRDA:75,7,0,0
BRF:8
BRH:0
end_of_record
TN:
SF:src/utils/errors/types/query-error.ts
FN:16,(anonymous_0)
FN:30,(anonymous_1)
FN:39,(anonymous_2)
FN:48,(anonymous_3)
FN:57,(anonymous_4)
FN:66,(anonymous_5)
FN:75,(anonymous_6)
FNF:7
FNH:0
FNDA:0,(anonymous_0)
FNDA:0,(anonymous_1)
FNDA:0,(anonymous_2)
FNDA:0,(anonymous_3)
FNDA:0,(anonymous_4)
FNDA:0,(anonymous_5)
FNDA:0,(anonymous_6)
DA:1,0
DA:2,0
DA:8,0
DA:22,0
DA:31,0
DA:40,0
DA:49,0
DA:58,0
DA:67,0
DA:76,0
LF:10
LH:0
BRDA:18,0,0,0
BRDA:19,1,0,0
BRDA:30,2,0,0
BRDA:39,3,0,0
BRDA:48,4,0,0
BRDA:57,5,0,0
BRDA:66,6,0,0
BRDA:75,7,0,0
BRF:8
BRH:0
end_of_record
TN:
SF:src/utils/errors/types/query-plan-error.ts
FN:16,(anonymous_0)
FN:30,(anonymous_1)
FN:39,(anonymous_2)
FN:48,(anonymous_3)
FN:57,(anonymous_4)
FN:66,(anonymous_5)
FN:75,(anonymous_6)
FN:84,(anonymous_7)
FNF:8
FNH:0
FNDA:0,(anonymous_0)
FNDA:0,(anonymous_1)
FNDA:0,(anonymous_2)
FNDA:0,(anonymous_3)
FNDA:0,(anonymous_4)
FNDA:0,(anonymous_5)
FNDA:0,(anonymous_6)
FNDA:0,(anonymous_7)
DA:1,0
DA:2,0
DA:8,0
DA:22,0
DA:31,0
DA:40,0
DA:49,0
DA:58,0
DA:67,0
DA:76,0
DA:85,0
LF:11
LH:0
BRDA:18,0,0,0
BRDA:19,1,0,0
BRDA:30,2,0,0
BRDA:39,3,0,0
BRDA:48,4,0,0
BRDA:57,5,0,0
BRDA:66,6,0,0
BRDA:75,7,0,0
BRDA:84,8,0,0
BRF:9
BRH:0
end_of_record
TN:
SF:src/utils/errors/types/validation-error.ts
FN:15,(anonymous_0)
FN:28,(anonymous_1)
FN:37,(anonymous_2)
FN:48,(anonymous_3)
FN:60,(anonymous_4)
FN:79,(anonymous_5)
FNF:6
FNH:0
FNDA:0,(anonymous_0)
FNDA:0,(anonymous_1)
FNDA:0,(anonymous_2)
FNDA:0,(anonymous_3)
FNDA:0,(anonymous_4)
FNDA:0,(anonymous_5)
DA:1,0
DA:2,0
DA:8,0
DA:20,0
DA:29,0
DA:38,0
DA:39,0
DA:49,0
DA:50,0
DA:61,0
DA:62,0
DA:63,0
DA:64,0
DA:65,0
DA:66,0
DA:67,0
DA:70,0
DA:80,0
DA:81,0
LF:19
LH:0
BRDA:16,0,0,0
BRDA:17,1,0,0
BRDA:28,2,0,0
BRDA:38,3,0,0
BRDA:38,3,1,0
BRDA:49,4,0,0
BRDA:49,4,1,0
BRDA:61,5,0,0
BRDA:61,5,1,0
BRDA:62,6,0,0
BRDA:62,6,1,0
BRDA:62,7,0,0
BRDA:62,7,1,0
BRDA:63,8,0,0
BRDA:63,8,1,0
BRDA:64,9,0,0
BRDA:64,9,1,0
BRDA:65,10,0,0
BRDA:65,10,1,0
BRDA:66,11,0,0
BRDA:67,12,0,0
BRDA:67,12,1,0
BRDA:80,13,0,0
BRDA:80,13,1,0
BRF:24
BRH:0
end_of_record
